[ 2015-06-17T21:59:55+08:00 ] 127.0.0.1 /thinkshop/index.php/Home/Category/index/cid/10/bid/0/a_id/22.0.0.html
INFO: [ app_init ] --START--
INFO: Run Behavior\BuildLiteBehavior [ RunTime:0.000027s ]
INFO: [ app_init ] --END-- [ RunTime:0.036304s ]
INFO: [ app_begin ] --START--
INFO: Run Behavior\ReadHtmlCacheBehavior [ RunTime:0.035324s ]
INFO: [ app_begin ] --END-- [ RunTime:0.035453s ]
SQL: SHOW COLUMNS FROM `ts_category` [ RunTime:0.2562s ]
SQL: SHOW COLUMNS FROM `ts_category` [ RunTime:0.0114s ]
SQL: SELECT * FROM `ts_category`  [ RunTime:0.0014s ]
SQL: SELECT * FROM `ts_category` WHERE `id` = 10 LIMIT 1   [ RunTime:0.0326s ]
SQL: SHOW COLUMNS FROM `ts_attribute` [ RunTime:0.0117s ]
SQL: SHOW COLUMNS FROM `ts_goods_attr` [ RunTime:0.0114s ]
SQL: SELECT * FROM `ts_attribute` WHERE `type_id` = 5  [ RunTime:0.0397s ]
SQL: SELECT `attr_value`,MIN(id) as goods_attr_id FROM `ts_goods_attr` WHERE `attribute_id` = 7 GROUP BY attr_value  [ RunTime:0.0982s ]
SQL: SELECT `attr_value`,MIN(id) as goods_attr_id FROM `ts_goods_attr` WHERE `attribute_id` = 8 GROUP BY attr_value  [ RunTime:0.0115s ]
SQL: SELECT `attr_value`,MIN(id) as goods_attr_id FROM `ts_goods_attr` WHERE `attribute_id` = 9 GROUP BY attr_value  [ RunTime:0.0091s ]
SQL: SHOW COLUMNS FROM `ts_goods` [ RunTime:0.0317s ]
SQL: SELECT COUNT(*) AS tp_count FROM `ts_goods` LIMIT 1   [ RunTime:0.0005s ]
SQL: SHOW COLUMNS FROM `ts_goods` [ RunTime:0.0122s ]
SQL: SELECT a.*,b.name cate_name FROM ts_goods a INNER JOIN ts_category b on a.category_id=b.id  WHERE a.category_id IN (26,25,17,18,'10') ORDER BY a.id desc LIMIT 0,10   [ RunTime:0.0535s ]
INFO: [ view_parse ] --START--
INFO: [ template_filter ] --START--
INFO: Run Behavior\ContentReplaceBehavior [ RunTime:0.000482s ]
INFO: [ template_filter ] --END-- [ RunTime:0.000682s ]
SQL: SELECT `name`,`goods_ad`,`id`,`img`,`sell_price` FROM `ts_goods` WHERE `category_id` IN (26,25,17,18,10) ORDER BY id desc LIMIT 2   [ RunTime:0.0008s ]
SQL: SELECT `name`,`goods_ad`,`id`,`img`,`sell_price` FROM `ts_goods` WHERE `category_id` IN (15,16,13,14,36,37,12,11,6) ORDER BY id desc LIMIT 2   [ RunTime:0.0009s ]
SQL: SELECT `name`,`goods_ad`,`id`,`img`,`sell_price` FROM `ts_goods` WHERE `category_id` IN (20,21,19) ORDER BY id desc LIMIT 2   [ RunTime:0.0007s ]
SQL: SELECT `name`,`goods_ad`,`id`,`img`,`sell_price` FROM `ts_goods` WHERE `category_id` IN (23,24,22) ORDER BY id desc LIMIT 2   [ RunTime:0.0006s ]
SQL: SELECT `name`,`goods_ad`,`id`,`img`,`sell_price` FROM `ts_goods` WHERE `category_id` IN (31,27) ORDER BY id desc LIMIT 2   [ RunTime:0.0006s ]
SQL: SELECT `name`,`goods_ad`,`id`,`img`,`sell_price` FROM `ts_goods` WHERE `category_id` IN (32,35,28) ORDER BY id desc LIMIT 2   [ RunTime:0.0006s ]
SQL: SELECT `name`,`goods_ad`,`id`,`img`,`sell_price` FROM `ts_goods` WHERE `category_id` IN (34,29) ORDER BY id desc LIMIT 2   [ RunTime:0.0005s ]
INFO: Run Behavior\ParseTemplateBehavior [ RunTime:0.326107s ]
INFO: [ view_parse ] --END-- [ RunTime:0.326215s ]
INFO: [ view_filter ] --START--
INFO: Run Behavior\WriteHtmlCacheBehavior [ RunTime:0.043050s ]
INFO: [ view_filter ] --END-- [ RunTime:0.043171s ]
INFO: [ app_end ] --START--
INFO: Run Behavior\ShowPageTraceBehavior [ RunTime:0.005995s ]
INFO: [ app_end ] --END-- [ RunTime:0.006106s ]

