[ 2015-06-08T21:56:12+08:00 ] 127.0.0.1 /thinkshop/index.php
INFO: [ app_init ] --START--
INFO: Run Behavior\BuildLiteBehavior [ RunTime:0.000025s ]
INFO: [ app_init ] --END-- [ RunTime:0.001848s ]
INFO: [ app_begin ] --START--
INFO: Run Behavior\ReadHtmlCacheBehavior [ RunTime:0.005449s ]
INFO: [ app_begin ] --END-- [ RunTime:0.005569s ]
SQL: SHOW COLUMNS FROM `ts_category` [ RunTime:0.0304s ]
SQL: SELECT * FROM `ts_category`  [ RunTime:0.0008s ]
INFO: [ view_parse ] --START--
INFO: [ template_filter ] --START--
INFO: Run Behavior\ContentReplaceBehavior [ RunTime:0.000384s ]
INFO: [ template_filter ] --END-- [ RunTime:0.000481s ]
INFO: Run Behavior\ParseTemplateBehavior [ RunTime:0.063655s ]
INFO: [ view_parse ] --END-- [ RunTime:0.063765s ]
INFO: [ view_filter ] --START--
INFO: Run Behavior\WriteHtmlCacheBehavior [ RunTime:0.005029s ]
INFO: [ view_filter ] --END-- [ RunTime:0.005104s ]
INFO: [ app_end ] --START--
INFO: Run Behavior\ShowPageTraceBehavior [ RunTime:0.032106s ]
INFO: [ app_end ] --END-- [ RunTime:0.032247s ]

