[ 2015-05-16T15:26:15+08:00 ] 127.0.0.1 /thinkshop/Public/css/base.css
INFO: [ app_init ] --START--
INFO: Run Behavior\BuildLiteBehavior [ RunTime:0.000059s ]
INFO: [ app_init ] --END-- [ RunTime:0.012233s ]
INFO: [ app_begin ] --START--
INFO: Run Behavior\ReadHtmlCacheBehavior [ RunTime:0.016793s ]
INFO: [ app_begin ] --END-- [ RunTime:0.017025s ]
ERR: 无法加载控制器:Css

[ 2015-05-16T15:26:15+08:00 ] 127.0.0.1 /thinkshop/Public/css/shop_header.css
INFO: [ app_init ] --START--
INFO: Run Behavior\BuildLiteBehavior [ RunTime:0.000053s ]
INFO: [ app_init ] --END-- [ RunTime:0.005381s ]
INFO: [ app_begin ] --START--
INFO: Run Behavior\ReadHtmlCacheBehavior [ RunTime:0.019654s ]
INFO: [ app_begin ] --END-- [ RunTime:0.019902s ]
ERR: 无法加载控制器:Css

[ 2015-05-16T15:26:15+08:00 ] 127.0.0.1 /thinkshop/Public/css/shop_common.css
INFO: [ app_init ] --START--
INFO: Run Behavior\BuildLiteBehavior [ RunTime:0.000051s ]
INFO: [ app_init ] --END-- [ RunTime:0.005371s ]
INFO: [ app_begin ] --START--
INFO: Run Behavior\ReadHtmlCacheBehavior [ RunTime:0.017534s ]
INFO: [ app_begin ] --END-- [ RunTime:0.017792s ]
ERR: 无法加载控制器:Css

[ 2015-05-16T15:26:15+08:00 ] 127.0.0.1 /thinkshop/Public/css/shop_home.css
INFO: [ app_init ] --START--
INFO: Run Behavior\BuildLiteBehavior [ RunTime:0.000060s ]
INFO: [ app_init ] --END-- [ RunTime:0.006064s ]
INFO: [ app_begin ] --START--
INFO: Run Behavior\ReadHtmlCacheBehavior [ RunTime:0.017289s ]
INFO: [ app_begin ] --END-- [ RunTime:0.017593s ]
ERR: 无法加载控制器:Css

[ 2015-05-16T15:26:15+08:00 ] 127.0.0.1 /thinkshop/Public/js/focus.js
INFO: [ app_init ] --START--
INFO: Run Behavior\BuildLiteBehavior [ RunTime:0.000058s ]
INFO: [ app_init ] --END-- [ RunTime:0.007028s ]
INFO: [ app_begin ] --START--
INFO: Run Behavior\ReadHtmlCacheBehavior [ RunTime:0.018621s ]
INFO: [ app_begin ] --END-- [ RunTime:0.018893s ]
ERR: 无法加载控制器:Js

[ 2015-05-16T15:26:15+08:00 ] 127.0.0.1 /thinkshop/Public/images/logo.png
INFO: [ app_init ] --START--
INFO: Run Behavior\BuildLiteBehavior [ RunTime:0.000050s ]
INFO: [ app_init ] --END-- [ RunTime:0.004992s ]

[ 2015-05-16T15:26:15+08:00 ] 127.0.0.1 /thinkshop/Public/js/shop_home_tab.js
INFO: [ app_init ] --START--
INFO: Run Behavior\BuildLiteBehavior [ RunTime:0.000048s ]
INFO: [ app_init ] --END-- [ RunTime:0.005149s ]
INFO: [ app_begin ] --START--
INFO: Run Behavior\ReadHtmlCacheBehavior [ RunTime:0.016669s ]
INFO: [ app_begin ] --END-- [ RunTime:0.016926s ]
ERR: 无法加载控制器:Js

[ 2015-05-16T15:26:15+08:00 ] 127.0.0.1 /thinkshop/Public/js/topNav.js
INFO: [ app_init ] --START--
INFO: Run Behavior\BuildLiteBehavior [ RunTime:0.000046s ]
INFO: [ app_init ] --END-- [ RunTime:0.005066s ]
INFO: [ app_begin ] --START--
INFO: Run Behavior\ReadHtmlCacheBehavior [ RunTime:0.016719s ]
INFO: [ app_begin ] --END-- [ RunTime:0.016967s ]
ERR: 无法加载控制器:Js

[ 2015-05-16T15:26:15+08:00 ] 127.0.0.1 /thinkshop/Public/js/jquery.js
INFO: [ app_init ] --START--
INFO: Run Behavior\BuildLiteBehavior [ RunTime:0.000057s ]
INFO: [ app_init ] --END-- [ RunTime:0.005761s ]
INFO: [ app_begin ] --START--
INFO: Run Behavior\ReadHtmlCacheBehavior [ RunTime:0.012644s ]
INFO: [ app_begin ] --END-- [ RunTime:0.012856s ]
ERR: 无法加载控制器:Js

[ 2015-05-16T15:26:16+08:00 ] 127.0.0.1 /thinkshop/Public/images/e2dfe57add8fff66ed0964b1effd39b9.jpg
INFO: [ app_init ] --START--
INFO: Run Behavior\BuildLiteBehavior [ RunTime:0.000052s ]
INFO: [ app_init ] --END-- [ RunTime:0.006308s ]

[ 2015-05-16T15:26:16+08:00 ] 127.0.0.1 /thinkshop/Public/images/196b173f15685a2019ab3396cd1851a4.jpg
INFO: [ app_init ] --START--
INFO: Run Behavior\BuildLiteBehavior [ RunTime:0.000058s ]
INFO: [ app_init ] --END-- [ RunTime:0.006684s ]

[ 2015-05-16T15:26:16+08:00 ] 127.0.0.1 /thinkshop/Public/images/index.guanggao.png
INFO: [ app_init ] --START--
INFO: Run Behavior\BuildLiteBehavior [ RunTime:0.000054s ]
INFO: [ app_init ] --END-- [ RunTime:0.005627s ]

[ 2015-05-16T15:26:16+08:00 ] 127.0.0.1 /thinkshop/Public/images/e81345cbc3d8a7e11f9a0e09df68221d.jpg
INFO: [ app_init ] --START--
INFO: Run Behavior\BuildLiteBehavior [ RunTime:0.000056s ]
INFO: [ app_init ] --END-- [ RunTime:0.007357s ]

[ 2015-05-16T15:26:16+08:00 ] 127.0.0.1 /thinkshop/Public/images/65662b58848da87812ba371c7ff6c1ad.jpg
INFO: [ app_init ] --START--
INFO: Run Behavior\BuildLiteBehavior [ RunTime:0.000055s ]
INFO: [ app_init ] --END-- [ RunTime:0.006267s ]

[ 2015-05-16T15:26:16+08:00 ] 127.0.0.1 /thinkshop/Public/images/365_7d5e08127b8d6799209674ecffbfc624.jpg_small.jpg
INFO: [ app_init ] --START--
INFO: Run Behavior\BuildLiteBehavior [ RunTime:0.000055s ]
INFO: [ app_init ] --END-- [ RunTime:0.004668s ]

[ 2015-05-16T15:26:16+08:00 ] 127.0.0.1 /thinkshop/Public/images/logo.png
INFO: [ app_init ] --START--
INFO: Run Behavior\BuildLiteBehavior [ RunTime:0.000054s ]
INFO: [ app_init ] --END-- [ RunTime:0.005056s ]

[ 2015-05-16T15:26:16+08:00 ] 127.0.0.1 /thinkshop/Public/images/3f81874d594894d19150843c42fb1f8e.jpg_small.jpg
INFO: [ app_init ] --START--
INFO: Run Behavior\BuildLiteBehavior [ RunTime:0.000064s ]
INFO: [ app_init ] --END-- [ RunTime:0.005238s ]

[ 2015-05-16T15:26:16+08:00 ] 127.0.0.1 /thinkshop/Public/images/web-3-38_ff9bd2d724f7138cec1b1937000f4feb.jpg
INFO: [ app_init ] --START--
INFO: Run Behavior\BuildLiteBehavior [ RunTime:0.000058s ]
INFO: [ app_init ] --END-- [ RunTime:0.007498s ]

[ 2015-05-16T15:26:17+08:00 ] 127.0.0.1 /thinkshop/Public/images/1d2dfbead590510046a6522551db8139.gif
INFO: [ app_init ] --START--
INFO: Run Behavior\BuildLiteBehavior [ RunTime:0.000055s ]
INFO: [ app_init ] --END-- [ RunTime:0.005253s ]

[ 2015-05-16T15:26:17+08:00 ] 127.0.0.1 /thinkshop/Public/images/26247430b09daa1b441b46008bfb6e6e.gif
INFO: [ app_init ] --START--
INFO: Run Behavior\BuildLiteBehavior [ RunTime:0.000049s ]
INFO: [ app_init ] --END-- [ RunTime:0.004844s ]

[ 2015-05-16T15:26:17+08:00 ] 127.0.0.1 /thinkshop/Public/images/a0ac8c6d2d3dc1470d5876923182a8e2.gif
INFO: [ app_init ] --START--
INFO: Run Behavior\BuildLiteBehavior [ RunTime:0.000063s ]
INFO: [ app_init ] --END-- [ RunTime:0.010937s ]

[ 2015-05-16T15:26:17+08:00 ] 127.0.0.1 /thinkshop/Public/images/9c5dee77a6ecdafd9e152fed8c6a4e90.gif
INFO: [ app_init ] --START--
INFO: Run Behavior\BuildLiteBehavior [ RunTime:0.000050s ]
INFO: [ app_init ] --END-- [ RunTime:0.004912s ]

[ 2015-05-16T15:26:17+08:00 ] 127.0.0.1 /thinkshop/Public/images/b175883eba95e793affb1b1ebbbf85a5.gif
INFO: [ app_init ] --START--
INFO: Run Behavior\BuildLiteBehavior [ RunTime:0.000053s ]
INFO: [ app_init ] --END-- [ RunTime:0.005045s ]

[ 2015-05-16T15:26:17+08:00 ] 127.0.0.1 /thinkshop/Public/images/6e61a1c953e5bc8c5f1ffdac36862245.gif
INFO: [ app_init ] --START--
INFO: Run Behavior\BuildLiteBehavior [ RunTime:0.000054s ]
INFO: [ app_init ] --END-- [ RunTime:0.005064s ]

[ 2015-05-16T15:26:17+08:00 ] 127.0.0.1 /thinkshop/Public/images/209abd835cd2ce2208f2dc42ba10efb4.gif
INFO: [ app_init ] --START--
INFO: Run Behavior\BuildLiteBehavior [ RunTime:0.000061s ]
INFO: [ app_init ] --END-- [ RunTime:0.006422s ]

[ 2015-05-16T15:26:17+08:00 ] 127.0.0.1 /thinkshop/Public/images/e50b5d398e3b890f08e14defbc71a94d.jpg
INFO: [ app_init ] --START--
INFO: Run Behavior\BuildLiteBehavior [ RunTime:0.000053s ]
INFO: [ app_init ] --END-- [ RunTime:0.004731s ]

[ 2015-05-16T15:26:17+08:00 ] 127.0.0.1 /thinkshop/Public/images/354b80528d2fbeefbab33c563532517e.gif
INFO: [ app_init ] --START--
INFO: Run Behavior\BuildLiteBehavior [ RunTime:0.000057s ]
INFO: [ app_init ] --END-- [ RunTime:0.005224s ]

[ 2015-05-16T15:26:17+08:00 ] 127.0.0.1 /thinkshop/Public/images/shoufa.jpg
INFO: [ app_init ] --START--
INFO: Run Behavior\BuildLiteBehavior [ RunTime:0.000055s ]
INFO: [ app_init ] --END-- [ RunTime:0.006325s ]

[ 2015-05-16T15:26:17+08:00 ] 127.0.0.1 /thinkshop/Public/images/web-1-13_53bfbfc958cb55a435545033bd075bf3.png
INFO: [ app_init ] --START--
INFO: Run Behavior\BuildLiteBehavior [ RunTime:0.000054s ]
INFO: [ app_init ] --END-- [ RunTime:0.005693s ]

[ 2015-05-16T15:26:17+08:00 ] 127.0.0.1 /thinkshop/Public/images/04fb225ea46bd1346f330400eedb7ef2.jpg_small.jpg
INFO: [ app_init ] --START--
INFO: Run Behavior\BuildLiteBehavior [ RunTime:0.000061s ]
INFO: [ app_init ] --END-- [ RunTime:0.005862s ]

[ 2015-05-16T15:26:27+08:00 ] 127.0.0.1 /thinkshop/Public/css/base.css
INFO: [ app_init ] --START--
INFO: Run Behavior\BuildLiteBehavior [ RunTime:0.000025s ]
INFO: [ app_init ] --END-- [ RunTime:0.001887s ]
INFO: [ app_begin ] --START--
INFO: Run Behavior\ReadHtmlCacheBehavior [ RunTime:0.006292s ]
INFO: [ app_begin ] --END-- [ RunTime:0.006414s ]
ERR: 无法加载控制器:Css

[ 2015-05-16T15:26:51+08:00 ] 127.0.0.1 /thinkshop/Public/css/shop_common.css
INFO: [ app_init ] --START--
INFO: Run Behavior\BuildLiteBehavior [ RunTime:0.000026s ]
INFO: [ app_init ] --END-- [ RunTime:0.002165s ]
INFO: [ app_begin ] --START--
INFO: Run Behavior\ReadHtmlCacheBehavior [ RunTime:0.007497s ]
INFO: [ app_begin ] --END-- [ RunTime:0.007623s ]
ERR: 无法加载控制器:Css

