[ 2015-04-19T11:21:32+08:00 ] 127.0.0.1 /thinkshop/Application/Admin/View/Static/js/js.js
INFO: [ app_init ] --START--
INFO: Run Behavior\BuildLiteBehavior [ RunTime:0.000023s ]
INFO: [ app_init ] --END-- [ RunTime:0.001688s ]
ERR: 无法加载模块:Application

[ 2015-04-19T11:22:01+08:00 ] 127.0.0.1 /thinkshop/Application/Admin/View/Static/js/js.js
INFO: [ app_init ] --START--
INFO: Run Behavior\BuildLiteBehavior [ RunTime:0.000023s ]
INFO: [ app_init ] --END-- [ RunTime:0.001736s ]
ERR: 无法加载模块:Application

[ 2015-04-19T11:22:38+08:00 ] 127.0.0.1 /thinkshop/Application/Admin/View/Static/js/js.js
INFO: [ app_init ] --START--
INFO: Run Behavior\BuildLiteBehavior [ RunTime:0.000023s ]
INFO: [ app_init ] --END-- [ RunTime:0.002427s ]
ERR: 无法加载模块:Application

[ 2015-04-19T11:23:04+08:00 ] 127.0.0.1 /thinkshop/Application/Admin/View/Static/js/js.js
INFO: [ app_init ] --START--
INFO: Run Behavior\BuildLiteBehavior [ RunTime:0.000023s ]
INFO: [ app_init ] --END-- [ RunTime:0.001695s ]
ERR: 无法加载模块:Application

[ 2015-04-19T11:24:03+08:00 ] 127.0.0.1 /thinkshop/Application/Admin/View/Static/js/js.js
INFO: [ app_init ] --START--
INFO: Run Behavior\BuildLiteBehavior [ RunTime:0.000033s ]
INFO: [ app_init ] --END-- [ RunTime:0.002992s ]
ERR: 无法加载模块:Application

[ 2015-04-19T11:25:13+08:00 ] 127.0.0.1 /thinkshop/Application/Admin/View/Static/js/js.js
INFO: [ app_init ] --START--
INFO: Run Behavior\BuildLiteBehavior [ RunTime:0.000020s ]
INFO: [ app_init ] --END-- [ RunTime:0.001725s ]
ERR: 无法加载模块:Application

[ 2015-04-19T11:30:14+08:00 ] 127.0.0.1 /thinkshop/Application/Admin/View/Static/js/js.js
INFO: [ app_init ] --START--
INFO: Run Behavior\BuildLiteBehavior [ RunTime:0.000023s ]
INFO: [ app_init ] --END-- [ RunTime:0.002924s ]
ERR: 无法加载模块:Application

[ 2015-04-19T11:52:57+08:00 ] 127.0.0.1 /thinkshop/Application/Admin/View/Static/hdjs/hdjs.js
INFO: [ app_init ] --START--
INFO: Run Behavior\BuildLiteBehavior [ RunTime:0.000032s ]
INFO: [ app_init ] --END-- [ RunTime:0.002986s ]
ERR: 无法加载模块:Application

[ 2015-04-19T11:52:57+08:00 ] 127.0.0.1 /thinkshop/Application/Admin/View/Static/hdjs/hdjs.css
INFO: [ app_init ] --START--
INFO: Run Behavior\BuildLiteBehavior [ RunTime:0.000031s ]
INFO: [ app_init ] --END-- [ RunTime:0.002994s ]
ERR: 无法加载模块:Application

tion

Application

[ 2015-04-19T11:52:57+08:00 ] 127.0.0.1 /thinkshop/Application/Admin/View/Static/hdjs/hdjs.js
INFO: [ app_init ] --START--
INFO: Run Behavior\BuildLiteBehavior [ RunTime:0.000032s ]
INFO: [ app_init ] --END-- [ RunTime:0.002911s ]
ERR: 无法加载模块:Application

[ 2015-04-19T11:52:57+08:00 ] 127.0.0.1 /thinkshop/Application/Admin/View/Static/hdjs/hdjs/js/slide.js
INFO: [ app_init ] --START--
INFO: Run Behavior\BuildLiteBehavior [ RunTime:0.000031s ]
INFO: [ app_init ] --END-- [ RunTime:0.003239s ]
ERR: 无法加载模块:Application

[ 2015-04-19T11:52:57+08:00 ] 127.0.0.1 /thinkshop/Application/Admin/View/Static/hdjs/hdjs/org/cal/lhgcalendar.min.js
INFO: [ app_init ] --START--
INFO: Run Behavior\BuildLiteBehavior [ RunTime:0.000031s ]
INFO: [ app_init ] --END-- [ RunTime:0.002960s ]
ERR: 无法加载模块:Application

[ 2015-04-19T11:53:05+08:00 ] 127.0.0.1 /thinkshop/Application/Admin/View/Static/hdjs/hdjs.css
INFO: [ app_init ] --START--
INFO: Run Behavior\BuildLiteBehavior [ RunTime:0.000026s ]
INFO: [ app_init ] --END-- [ RunTime:0.001838s ]
ERR: 无法加载模块:Application

[ 2015-04-19T11:53:58+08:00 ] 127.0.0.1 /thinkshop/Application/Admin/View/Static/hdjs/hdjs/js/slide.js
INFO: [ app_init ] --START--
INFO: Run Behavior\BuildLiteBehavior [ RunTime:0.000019s ]
INFO: [ app_init ] --END-- [ RunTime:0.001768s ]
ERR: 无法加载模块:Application

[ 2015-04-19T11:53:58+08:00 ] 127.0.0.1 /thinkshop/Application/Admin/View/Static/hdjs/hdjs/org/cal/lhgcalendar.min.js
INFO: [ app_init ] --START--
INFO: Run Behavior\BuildLiteBehavior [ RunTime:0.000021s ]
INFO: [ app_init ] --END-- [ RunTime:0.001876s ]
ERR: 无法加载模块:Application

[ 2015-04-19T11:53:58+08:00 ] 127.0.0.1 /thinkshop/Application/Admin/View/Static/hdjs/hdjs/js/slide.js
INFO: [ app_init ] --START--
INFO: Run Behavior\BuildLiteBehavior [ RunTime:0.000022s ]
INFO: [ app_init ] --END-- [ RunTime:0.001786s ]
ERR: 无法加载模块:Application

[ 2015-04-19T11:53:58+08:00 ] 127.0.0.1 /thinkshop/Application/Admin/View/Static/hdjs/hdjs/org/cal/lhgcalendar.min.js
INFO: [ app_init ] --START--
INFO: Run Behavior\BuildLiteBehavior [ RunTime:0.000020s ]
INFO: [ app_init ] --END-- [ RunTime:0.001741s ]
ERR: 无法加载模块:Application

[ 2015-04-19T11:55:20+08:00 ] 127.0.0.1 /thinkshop/Application/Admin/View/Static/hdjs/hdjs/js/slide.js
INFO: [ app_init ] --START--
INFO: Run Behavior\BuildLiteBehavior [ RunTime:0.000022s ]
INFO: [ app_init ] --END-- [ RunTime:0.001819s ]
ERR: 无法加载模块:Application

[ 2015-04-19T11:55:20+08:00 ] 127.0.0.1 /thinkshop/Application/Admin/View/Static/hdjs/hdjs/org/cal/lhgcalendar.min.js
INFO: [ app_init ] --START--
INFO: Run Behavior\BuildLiteBehavior [ RunTime:0.000020s ]
INFO: [ app_init ] --END-- [ RunTime:0.001753s ]
ERR: 无法加载模块:Application

[ 2015-04-19T11:55:21+08:00 ] 127.0.0.1 /thinkshop/Application/Admin/View/Static/hdjs/hdjs/org/cal/lhgcalendar.min.js
INFO: [ app_init ] --START--
INFO: Run Behavior\BuildLiteBehavior [ RunTime:0.000024s ]
INFO: [ app_init ] --END-- [ RunTime:0.002616s ]
ERR: 无法加载模块:Application

[ 2015-04-19T11:55:21+08:00 ] 127.0.0.1 /thinkshop/Application/Admin/View/Static/hdjs/hdjs/js/slide.js
INFO: [ app_init ] --START--
INFO: Run Behavior\BuildLiteBehavior [ RunTime:0.000029s ]
INFO: [ app_init ] --END-- [ RunTime:0.002104s ]
ERR: 无法加载模块:Application

[ 2015-04-19T11:55:41+08:00 ] 127.0.0.1 /thinkshop/Application/Admin/View/Static/hdjs/hdjs/js/slide.js
INFO: [ app_init ] --START--
INFO: Run Behavior\BuildLiteBehavior [ RunTime:0.000023s ]
INFO: [ app_init ] --END-- [ RunTime:0.001852s ]
ERR: 无法加载模块:Application

[ 2015-04-19T11:55:41+08:00 ] 127.0.0.1 /thinkshop/Application/Admin/View/Static/hdjs/hdjs/org/cal/lhgcalendar.min.js
INFO: [ app_init ] --START--
INFO: Run Behavior\BuildLiteBehavior [ RunTime:0.000020s ]
INFO: [ app_init ] --END-- [ RunTime:0.001820s ]
ERR: 无法加载模块:Application

[ 2015-04-19T11:55:41+08:00 ] 127.0.0.1 /thinkshop/Application/Admin/View/Static/hdjs/hdjs/org/cal/lhgcalendar.min.js
INFO: [ app_init ] --START--
INFO: Run Behavior\BuildLiteBehavior [ RunTime:0.000022s ]
INFO: [ app_init ] --END-- [ RunTime:0.001834s ]
ERR: 无法加载模块:Application

[ 2015-04-19T11:55:41+08:00 ] 127.0.0.1 /thinkshop/Application/Admin/View/Static/hdjs/hdjs/js/slide.js
INFO: [ app_init ] --START--
INFO: Run Behavior\BuildLiteBehavior [ RunTime:0.000021s ]
INFO: [ app_init ] --END-- [ RunTime:0.002039s ]
ERR: 无法加载模块:Application

[ 2015-04-19T11:56:45+08:00 ] 127.0.0.1 /thinkshop/Application/Admin/View/Static/hdjs/hdjs/js/slide.js
INFO: [ app_init ] --START--
INFO: Run Behavior\BuildLiteBehavior [ RunTime:0.000022s ]
INFO: [ app_init ] --END-- [ RunTime:0.001800s ]
ERR: 无法加载模块:Application

[ 2015-04-19T11:56:45+08:00 ] 127.0.0.1 /thinkshop/Application/Admin/View/Static/hdjs/hdjs/org/cal/lhgcalendar.min.js
INFO: [ app_init ] --START--
INFO: Run Behavior\BuildLiteBehavior [ RunTime:0.000020s ]
INFO: [ app_init ] --END-- [ RunTime:0.001822s ]
ERR: 无法加载模块:Application

[ 2015-04-19T11:56:46+08:00 ] 127.0.0.1 /thinkshop/Application/Admin/View/Static/hdjs/hdjs/org/cal/lhgcalendar.min.js
INFO: [ app_init ] --START--
INFO: Run Behavior\BuildLiteBehavior [ RunTime:0.000023s ]
INFO: [ app_init ] --END-- [ RunTime:0.001836s ]
ERR: 无法加载模块:Application

[ 2015-04-19T11:56:46+08:00 ] 127.0.0.1 /thinkshop/Application/Admin/View/Static/hdjs/hdjs/js/slide.js
INFO: [ app_init ] --START--
INFO: Run Behavior\BuildLiteBehavior [ RunTime:0.000019s ]
INFO: [ app_init ] --END-- [ RunTime:0.001762s ]
ERR: 无法加载模块:Application

[ 2015-04-19T11:58:24+08:00 ] 127.0.0.1 /thinkshop/Application/Admin/View/Static/hdjs/hdjs/js/slide.js
INFO: [ app_init ] --START--
INFO: Run Behavior\BuildLiteBehavior [ RunTime:0.000022s ]
INFO: [ app_init ] --END-- [ RunTime:0.001777s ]
ERR: 无法加载模块:Application

[ 2015-04-19T11:58:24+08:00 ] 127.0.0.1 /thinkshop/Application/Admin/View/Static/hdjs/hdjs/org/cal/lhgcalendar.min.js
INFO: [ app_init ] --START--
INFO: Run Behavior\BuildLiteBehavior [ RunTime:0.000021s ]
INFO: [ app_init ] --END-- [ RunTime:0.001802s ]
ERR: 无法加载模块:Application

[ 2015-04-19T11:58:25+08:00 ] 127.0.0.1 /thinkshop/Application/Admin/View/Static/hdjs/hdjs/js/slide.js
INFO: [ app_init ] --START--
INFO: Run Behavior\BuildLiteBehavior [ RunTime:0.000023s ]
INFO: [ app_init ] --END-- [ RunTime:0.001937s ]
ERR: 无法加载模块:Application

[ 2015-04-19T11:58:25+08:00 ] 127.0.0.1 /thinkshop/Application/Admin/View/Static/hdjs/hdjs/org/cal/lhgcalendar.min.js
INFO: [ app_init ] --START--
INFO: Run Behavior\BuildLiteBehavior [ RunTime:0.000022s ]
INFO: [ app_init ] --END-- [ RunTime:0.002068s ]
ERR: 无法加载模块:Application

[ 2015-04-19T11:59:05+08:00 ] 127.0.0.1 /thinkshop/Application/Admin/View/Static/hdjs/hdjs/js/slide.js
INFO: [ app_init ] --START--
INFO: Run Behavior\BuildLiteBehavior [ RunTime:0.000034s ]
INFO: [ app_init ] --END-- [ RunTime:0.002837s ]
ERR: 无法加载模块:Application

[ 2015-04-19T11:59:05+08:00 ] 127.0.0.1 /thinkshop/Application/Admin/View/Static/hdjs/hdjs/org/cal/lhgcalendar.min.js
INFO: [ app_init ] --START--
INFO: Run Behavior\BuildLiteBehavior [ RunTime:0.000023s ]
INFO: [ app_init ] --END-- [ RunTime:0.001967s ]
ERR: 无法加载模块:Application

[ 2015-04-19T11:59:05+08:00 ] 127.0.0.1 /thinkshop/Application/Admin/View/Static/hdjs/hdjs/org/cal/lhgcalendar.min.js
INFO: [ app_init ] --START--
INFO: Run Behavior\BuildLiteBehavior [ RunTime:0.000023s ]
INFO: [ app_init ] --END-- [ RunTime:0.002142s ]
ERR: 无法加载模块:Application

[ 2015-04-19T11:59:05+08:00 ] 127.0.0.1 /thinkshop/Application/Admin/View/Static/hdjs/hdjs/js/slide.js
INFO: [ app_init ] --START--
INFO: Run Behavior\BuildLiteBehavior [ RunTime:0.000021s ]
INFO: [ app_init ] --END-- [ RunTime:0.002410s ]
ERR: 无法加载模块:Application

[ 2015-04-19T12:06:46+08:00 ] 127.0.0.1 /thinkshop/Application/Admin/View/Static/js/js.js
INFO: [ app_init ] --START--
INFO: Run Behavior\BuildLiteBehavior [ RunTime:0.000023s ]
INFO: [ app_init ] --END-- [ RunTime:0.001899s ]
ERR: 无法加载模块:Application

[ 2015-04-19T12:10:12+08:00 ] 127.0.0.1 /thinkshop/index.php?m=Admin&c=Index&m=getChildMenu&pid=nid_1&_=1429416612561
INFO: [ app_init ] --START--
INFO: Run Behavior\BuildLiteBehavior [ RunTime:0.000023s ]
INFO: [ app_init ] --END-- [ RunTime:0.001776s ]
ERR: 无法加载模块:GetChildMenu

[ 2015-04-19T12:25:07+08:00 ] 127.0.0.1 /thinkshop/index.php/ogin
INFO: [ app_init ] --START--
INFO: Run Behavior\BuildLiteBehavior [ RunTime:0.000023s ]
INFO: [ app_init ] --END-- [ RunTime:0.001712s ]
ERR: 无法加载模块:Ogin

[ 2015-04-19T12:25:18+08:00 ] 127.0.0.1 /thinkshop/Application/Admin/View/Static/js/js.js
INFO: [ app_init ] --START--
INFO: Run Behavior\BuildLiteBehavior [ RunTime:0.000021s ]
INFO: [ app_init ] --END-- [ RunTime:0.001787s ]
ERR: 无法加载模块:Application

[ 2015-04-19T12:25:22+08:00 ] 127.0.0.1 /thinkshop/Application/Admin/View/Static/js/js.js
INFO: [ app_init ] --START--
INFO: Run Behavior\BuildLiteBehavior [ RunTime:0.000034s ]
INFO: [ app_init ] --END-- [ RunTime:0.002532s ]
ERR: 无法加载模块:Application

[ 2015-04-19T12:27:44+08:00 ] 127.0.0.1 /thinkshop/index.php?m=Admin&c=Index&m=getChildMenu&pid=1&_=1429417664583
INFO: [ app_init ] --START--
INFO: Run Behavior\BuildLiteBehavior [ RunTime:0.000034s ]
INFO: [ app_init ] --END-- [ RunTime:0.002958s ]
ERR: 无法加载模块:GetChildMenu

[ 2015-04-19T12:27:47+08:00 ] 127.0.0.1 /thinkshop/index.php?m=Admin&c=Index&m=getChildMenu&pid=1&_=1429417667812
INFO: [ app_init ] --START--
INFO: Run Behavior\BuildLiteBehavior [ RunTime:0.000023s ]
INFO: [ app_init ] --END-- [ RunTime:0.001781s ]
ERR: 无法加载模块:GetChildMenu

[ 2015-04-19T12:27:48+08:00 ] 127.0.0.1 /thinkshop/index.php?m=Admin&c=Index&m=getChildMenu&pid=1&_=1429417668733
INFO: [ app_init ] --START--
INFO: Run Behavior\BuildLiteBehavior [ RunTime:0.000022s ]
INFO: [ app_init ] --END-- [ RunTime:0.001866s ]
ERR: 无法加载模块:GetChildMenu

[ 2015-04-19T12:27:49+08:00 ] 127.0.0.1 /thinkshop/index.php?m=Admin&c=Index&m=getChildMenu&pid=1&_=1429417669216
INFO: [ app_init ] --START--
INFO: Run Behavior\BuildLiteBehavior [ RunTime:0.000024s ]
INFO: [ app_init ] --END-- [ RunTime:0.002084s ]
ERR: 无法加载模块:GetChildMenu

[ 2015-04-19T12:27:49+08:00 ] 127.0.0.1 /thinkshop/index.php?m=Admin&c=Index&m=getChildMenu&pid=1&_=1429417669528
INFO: [ app_init ] --START--
INFO: Run Behavior\BuildLiteBehavior [ RunTime:0.000023s ]
INFO: [ app_init ] --END-- [ RunTime:0.001806s ]
ERR: 无法加载模块:GetChildMenu

