[ 2015-05-12T09:35:43+08:00 ] 127.0.0.1 /thinkshop/&_=0.8076266220305115
INFO: [ app_init ] --START--
INFO: Run Behavior\BuildLiteBehavior [ RunTime:0.000023s ]
INFO: [ app_init ] --END-- [ RunTime:0.001830s ]
ERR: 无法加载模块:&_=0

[ 2015-05-12T10:42:36+08:00 ] 127.0.0.1 /thinkshop/ss
INFO: [ app_init ] --START--
INFO: Run Behavior\BuildLiteBehavior [ RunTime:0.000021s ]
INFO: [ app_init ] --END-- [ RunTime:0.001735s ]
ERR: 无法加载模块:Ss

[ 2015-05-12T10:42:36+08:00 ] 127.0.0.1 /thinkshop/22
INFO: [ app_init ] --START--
INFO: Run Behavior\BuildLiteBehavior [ RunTime:0.000023s ]
INFO: [ app_init ] --END-- [ RunTime:0.001708s ]
ERR: 无法加载模块:22

[ 2015-05-12T10:43:00+08:00 ] 127.0.0.1 /thinkshop/ss
INFO: [ app_init ] --START--
INFO: Run Behavior\BuildLiteBehavior [ RunTime:0.000022s ]
INFO: [ app_init ] --END-- [ RunTime:0.001808s ]
ERR: 无法加载模块:Ss

[ 2015-05-12T10:43:00+08:00 ] 127.0.0.1 /thinkshop/22
INFO: [ app_init ] --START--
INFO: Run Behavior\BuildLiteBehavior [ RunTime:0.000020s ]
INFO: [ app_init ] --END-- [ RunTime:0.001769s ]
ERR: 无法加载模块:22

[ 2015-05-12T10:43:07+08:00 ] 127.0.0.1 /thinkshop/22
INFO: [ app_init ] --START--
INFO: Run Behavior\BuildLiteBehavior [ RunTime:0.000023s ]
INFO: [ app_init ] --END-- [ RunTime:0.001660s ]
ERR: 无法加载模块:22

[ 2015-05-12T10:43:07+08:00 ] 127.0.0.1 /thinkshop/ss
INFO: [ app_init ] --START--
INFO: Run Behavior\BuildLiteBehavior [ RunTime:0.000022s ]
INFO: [ app_init ] --END-- [ RunTime:0.001733s ]
ERR: 无法加载模块:Ss

[ 2015-05-12T11:19:32+08:00 ] 127.0.0.1 /thinkshop/22
INFO: [ app_init ] --START--
INFO: Run Behavior\BuildLiteBehavior [ RunTime:0.000025s ]
INFO: [ app_init ] --END-- [ RunTime:0.001769s ]
ERR: 无法加载模块:22

[ 2015-05-12T11:19:46+08:00 ] 127.0.0.1 /thinkshop/22
INFO: [ app_init ] --START--
INFO: Run Behavior\BuildLiteBehavior [ RunTime:0.000022s ]
INFO: [ app_init ] --END-- [ RunTime:0.001649s ]
ERR: 无法加载模块:22

[ 2015-05-12T11:20:45+08:00 ] 127.0.0.1 /thinkshop/22
INFO: [ app_init ] --START--
INFO: Run Behavior\BuildLiteBehavior [ RunTime:0.000023s ]
INFO: [ app_init ] --END-- [ RunTime:0.001682s ]
ERR: 无法加载模块:22

[ 2015-05-12T13:52:55+08:00 ] 127.0.0.1 /thinkshop/undefined&_=0.3641999843530357
INFO: [ app_init ] --START--
INFO: Run Behavior\BuildLiteBehavior [ RunTime:0.000053s ]
INFO: [ app_init ] --END-- [ RunTime:0.004548s ]
ERR: 无法加载模块:Undefined&_=0

[ 2015-05-12T13:53:07+08:00 ] 127.0.0.1 /thinkshop/undefined&_=0.6783852861262858
INFO: [ app_init ] --START--
INFO: Run Behavior\BuildLiteBehavior [ RunTime:0.000023s ]
INFO: [ app_init ] --END-- [ RunTime:0.001765s ]
ERR: 无法加载模块:Undefined&_=0

[ 2015-05-12T13:53:13+08:00 ] 127.0.0.1 /thinkshop/undefined&_=0.3937787839677185
INFO: [ app_init ] --START--
INFO: Run Behavior\BuildLiteBehavior [ RunTime:0.000048s ]
INFO: [ app_init ] --END-- [ RunTime:0.004034s ]
ERR: 无法加载模块:Undefined&_=0

