[ 2015-06-18T20:43:01+08:00 ] 127.0.0.1 /thinkshop/index.php/admin
INFO: [ app_init ] --START--
INFO: Run Behavior\BuildLiteBehavior [ RunTime:0.000025s ]
INFO: [ app_init ] --END-- [ RunTime:0.002181s ]
INFO: [ app_begin ] --START--
INFO: Run Behavior\ReadHtmlCacheBehavior [ RunTime:0.006790s ]
INFO: [ app_begin ] --END-- [ RunTime:0.006914s ]
ERR: 无法加载控制器:Index

[ 2015-06-18T20:44:55+08:00 ] 127.0.0.1 /thinkshop/index.php/admin/login/login
INFO: [ app_init ] --START--
INFO: Run Behavior\BuildLiteBehavior [ RunTime:0.000026s ]
INFO: [ app_init ] --END-- [ RunTime:0.002204s ]
INFO: [ app_begin ] --START--
INFO: Run Behavior\ReadHtmlCacheBehavior [ RunTime:0.006746s ]
INFO: [ app_begin ] --END-- [ RunTime:0.006876s ]
ERR: 非法操作:login

[ 2015-06-18T20:45:01+08:00 ] 127.0.0.1 /thinkshop/index.php/admin/login/login
INFO: [ app_init ] --START--
INFO: Run Behavior\BuildLiteBehavior [ RunTime:0.000028s ]
INFO: [ app_init ] --END-- [ RunTime:0.002168s ]
INFO: [ app_begin ] --START--
INFO: Run Behavior\ReadHtmlCacheBehavior [ RunTime:0.006819s ]
INFO: [ app_begin ] --END-- [ RunTime:0.006948s ]
ERR: 非法操作:login

[ 2015-06-18T20:45:05+08:00 ] 127.0.0.1 /thinkshop/index.php/admin/login/
INFO: [ app_init ] --START--
INFO: Run Behavior\BuildLiteBehavior [ RunTime:0.000043s ]
INFO: [ app_init ] --END-- [ RunTime:0.003938s ]
INFO: [ app_begin ] --START--
INFO: Run Behavior\ReadHtmlCacheBehavior [ RunTime:0.007075s ]
INFO: [ app_begin ] --END-- [ RunTime:0.007201s ]
INFO: [ view_parse ] --START--
INFO: [ template_filter ] --START--
INFO: Run Behavior\ContentReplaceBehavior [ RunTime:0.000084s ]
INFO: [ template_filter ] --END-- [ RunTime:0.000194s ]
INFO: Run Behavior\ParseTemplateBehavior [ RunTime:0.063308s ]
INFO: [ view_parse ] --END-- [ RunTime:0.063434s ]
INFO: [ view_filter ] --START--
INFO: Run Behavior\WriteHtmlCacheBehavior [ RunTime:0.005809s ]
INFO: [ view_filter ] --END-- [ RunTime:0.005896s ]
INFO: [ app_end ] --START--
INFO: Run Behavior\ShowPageTraceBehavior [ RunTime:0.006335s ]
INFO: [ app_end ] --END-- [ RunTime:0.006425s ]

[ 2015-06-18T20:45:06+08:00 ] 127.0.0.1 /thinkshop/index.php?m=Admin&c=Login&a=code
INFO: [ app_init ] --START--
INFO: Run Behavior\BuildLiteBehavior [ RunTime:0.000024s ]
INFO: [ app_init ] --END-- [ RunTime:0.002150s ]
INFO: [ app_begin ] --START--
INFO: Run Behavior\ReadHtmlCacheBehavior [ RunTime:0.006519s ]
INFO: [ app_begin ] --END-- [ RunTime:0.006645s ]
INFO: [ app_end ] --START--
INFO: Run Behavior\ShowPageTraceBehavior [ RunTime:0.007340s ]
INFO: [ app_end ] --END-- [ RunTime:0.007484s ]

[ 2015-06-18T20:45:17+08:00 ] 127.0.0.1 /thinkshop/index.php?m=Admin&c=Login&a=index
INFO: [ app_init ] --START--
INFO: Run Behavior\BuildLiteBehavior [ RunTime:0.000021s ]
INFO: [ app_init ] --END-- [ RunTime:0.001874s ]
INFO: [ app_begin ] --START--
INFO: Run Behavior\ReadHtmlCacheBehavior [ RunTime:0.006042s ]
INFO: [ app_begin ] --END-- [ RunTime:0.006154s ]
SQL: SHOW COLUMNS FROM `ts_admin` [ RunTime:0.0497s ]
SQL: SELECT * FROM `ts_admin` WHERE `username` = 'admin' LIMIT 1   [ RunTime:0.0333s ]
INFO: [ view_parse ] --START--
INFO: [ template_filter ] --START--
INFO: Run Behavior\ContentReplaceBehavior [ RunTime:0.000096s ]
INFO: [ template_filter ] --END-- [ RunTime:0.000222s ]
INFO: Run Behavior\ParseTemplateBehavior [ RunTime:0.092386s ]
INFO: [ view_parse ] --END-- [ RunTime:0.092546s ]
INFO: [ view_filter ] --START--
INFO: Run Behavior\WriteHtmlCacheBehavior [ RunTime:0.005339s ]
INFO: [ view_filter ] --END-- [ RunTime:0.005422s ]
INFO: [ app_end ] --START--
INFO: Run Behavior\ShowPageTraceBehavior [ RunTime:0.005619s ]
INFO: [ app_end ] --END-- [ RunTime:0.005697s ]

[ 2015-06-18T20:45:19+08:00 ] 127.0.0.1 /thinkshop/index.php?m=Admin&c=index&a=index
INFO: [ app_init ] --START--
INFO: Run Behavior\BuildLiteBehavior [ RunTime:0.000022s ]
INFO: [ app_init ] --END-- [ RunTime:0.001940s ]
INFO: [ app_begin ] --START--
INFO: Run Behavior\ReadHtmlCacheBehavior [ RunTime:0.006505s ]
INFO: [ app_begin ] --END-- [ RunTime:0.006620s ]
ERR: 无法加载控制器:Index

[ 2015-06-18T20:56:13+08:00 ] 127.0.0.1 /thinkshop/index.php/admin
INFO: [ app_init ] --START--
INFO: Run Behavior\BuildLiteBehavior [ RunTime:0.000025s ]
INFO: [ app_init ] --END-- [ RunTime:0.002016s ]
INFO: [ app_begin ] --START--
INFO: Run Behavior\ReadHtmlCacheBehavior [ RunTime:0.008912s ]
INFO: [ app_begin ] --END-- [ RunTime:0.009060s ]
INFO: [ view_parse ] --START--
INFO: [ template_filter ] --START--
INFO: Run Behavior\ContentReplaceBehavior [ RunTime:0.000150s ]
INFO: [ template_filter ] --END-- [ RunTime:0.000260s ]
NOTIC: [8] Undefined variable: f G:\php\htdocs\thinkshop\Application\Runtime\Cache\Admin\e419180f8cc01cd4b1e9ac79c26290f7.php 第 138 行.
NOTIC: [8] Undefined variable: f G:\php\htdocs\thinkshop\Application\Runtime\Cache\Admin\e419180f8cc01cd4b1e9ac79c26290f7.php 第 138 行.
NOTIC: [8] Undefined variable: f G:\php\htdocs\thinkshop\Application\Runtime\Cache\Admin\e419180f8cc01cd4b1e9ac79c26290f7.php 第 138 行.
NOTIC: [8] Undefined variable: f G:\php\htdocs\thinkshop\Application\Runtime\Cache\Admin\e419180f8cc01cd4b1e9ac79c26290f7.php 第 138 行.
NOTIC: [8] Undefined variable: f G:\php\htdocs\thinkshop\Application\Runtime\Cache\Admin\e419180f8cc01cd4b1e9ac79c26290f7.php 第 139 行.
NOTIC: [8] Undefined variable: f G:\php\htdocs\thinkshop\Application\Runtime\Cache\Admin\e419180f8cc01cd4b1e9ac79c26290f7.php 第 139 行.
NOTIC: [8] Undefined variable: f G:\php\htdocs\thinkshop\Application\Runtime\Cache\Admin\e419180f8cc01cd4b1e9ac79c26290f7.php 第 140 行.
INFO: Run Behavior\ParseTemplateBehavior [ RunTime:0.052737s ]
INFO: [ view_parse ] --END-- [ RunTime:0.052840s ]
INFO: [ view_filter ] --START--
INFO: Run Behavior\WriteHtmlCacheBehavior [ RunTime:0.005512s ]
INFO: [ view_filter ] --END-- [ RunTime:0.005589s ]
INFO: [ app_end ] --START--
INFO: Run Behavior\ShowPageTraceBehavior [ RunTime:0.005935s ]
INFO: [ app_end ] --END-- [ RunTime:0.006033s ]

[ 2015-06-18T20:56:14+08:00 ] 127.0.0.1 /thinkshop/index.php?m=Admin&c=Index&a=welcome
INFO: [ app_init ] --START--
INFO: Run Behavior\BuildLiteBehavior [ RunTime:0.000045s ]
INFO: [ app_init ] --END-- [ RunTime:0.004243s ]
INFO: [ app_begin ] --START--
INFO: Run Behavior\ReadHtmlCacheBehavior [ RunTime:0.011157s ]
INFO: [ app_begin ] --END-- [ RunTime:0.011391s ]
INFO: [ view_parse ] --START--
INFO: [ template_filter ] --START--
INFO: Run Behavior\ContentReplaceBehavior [ RunTime:0.000146s ]
INFO: [ template_filter ] --END-- [ RunTime:0.000327s ]
INFO: Run Behavior\ParseTemplateBehavior [ RunTime:0.066794s ]
INFO: [ view_parse ] --END-- [ RunTime:0.067254s ]
INFO: [ view_filter ] --START--
INFO: Run Behavior\WriteHtmlCacheBehavior [ RunTime:0.011669s ]
INFO: [ view_filter ] --END-- [ RunTime:0.011846s ]
INFO: [ app_end ] --START--
INFO: Run Behavior\ShowPageTraceBehavior [ RunTime:0.011331s ]
INFO: [ app_end ] --END-- [ RunTime:0.011496s ]

[ 2015-06-18T20:56:17+08:00 ] 127.0.0.1 /thinkshop/index.php/admin
INFO: [ app_init ] --START--
INFO: Run Behavior\BuildLiteBehavior [ RunTime:0.000034s ]
INFO: [ app_init ] --END-- [ RunTime:0.002723s ]
INFO: [ app_begin ] --START--
INFO: Run Behavior\ReadHtmlCacheBehavior [ RunTime:0.008071s ]
INFO: [ app_begin ] --END-- [ RunTime:0.008203s ]
INFO: [ view_parse ] --START--
INFO: [ template_filter ] --START--
INFO: Run Behavior\ContentReplaceBehavior [ RunTime:0.000128s ]
INFO: [ template_filter ] --END-- [ RunTime:0.000230s ]
NOTIC: [8] Undefined variable: f G:\php\htdocs\thinkshop\Application\Runtime\Cache\Admin\e419180f8cc01cd4b1e9ac79c26290f7.php 第 138 行.
NOTIC: [8] Undefined variable: f G:\php\htdocs\thinkshop\Application\Runtime\Cache\Admin\e419180f8cc01cd4b1e9ac79c26290f7.php 第 138 行.
NOTIC: [8] Undefined variable: f G:\php\htdocs\thinkshop\Application\Runtime\Cache\Admin\e419180f8cc01cd4b1e9ac79c26290f7.php 第 138 行.
NOTIC: [8] Undefined variable: f G:\php\htdocs\thinkshop\Application\Runtime\Cache\Admin\e419180f8cc01cd4b1e9ac79c26290f7.php 第 138 行.
NOTIC: [8] Undefined variable: f G:\php\htdocs\thinkshop\Application\Runtime\Cache\Admin\e419180f8cc01cd4b1e9ac79c26290f7.php 第 139 行.
NOTIC: [8] Undefined variable: f G:\php\htdocs\thinkshop\Application\Runtime\Cache\Admin\e419180f8cc01cd4b1e9ac79c26290f7.php 第 139 行.
NOTIC: [8] Undefined variable: f G:\php\htdocs\thinkshop\Application\Runtime\Cache\Admin\e419180f8cc01cd4b1e9ac79c26290f7.php 第 140 行.
INFO: Run Behavior\ParseTemplateBehavior [ RunTime:0.039305s ]
INFO: [ view_parse ] --END-- [ RunTime:0.039409s ]
INFO: [ view_filter ] --START--
INFO: Run Behavior\WriteHtmlCacheBehavior [ RunTime:0.007518s ]
INFO: [ view_filter ] --END-- [ RunTime:0.007649s ]
INFO: [ app_end ] --START--
INFO: Run Behavior\ShowPageTraceBehavior [ RunTime:0.008625s ]
INFO: [ app_end ] --END-- [ RunTime:0.008774s ]

[ 2015-06-18T20:56:17+08:00 ] 127.0.0.1 /thinkshop/index.php?m=Admin&c=Index&a=welcome
INFO: [ app_init ] --START--
INFO: Run Behavior\BuildLiteBehavior [ RunTime:0.000030s ]
INFO: [ app_init ] --END-- [ RunTime:0.002773s ]
INFO: [ app_begin ] --START--
INFO: Run Behavior\ReadHtmlCacheBehavior [ RunTime:0.008119s ]
INFO: [ app_begin ] --END-- [ RunTime:0.008259s ]
INFO: [ view_parse ] --START--
INFO: [ template_filter ] --START--
INFO: Run Behavior\ContentReplaceBehavior [ RunTime:0.000093s ]
INFO: [ template_filter ] --END-- [ RunTime:0.000203s ]
INFO: Run Behavior\ParseTemplateBehavior [ RunTime:0.043846s ]
INFO: [ view_parse ] --END-- [ RunTime:0.043976s ]
INFO: [ view_filter ] --START--
INFO: Run Behavior\WriteHtmlCacheBehavior [ RunTime:0.006207s ]
INFO: [ view_filter ] --END-- [ RunTime:0.006302s ]
INFO: [ app_end ] --START--
INFO: Run Behavior\ShowPageTraceBehavior [ RunTime:0.007195s ]
INFO: [ app_end ] --END-- [ RunTime:0.007300s ]

[ 2015-06-18T20:56:26+08:00 ] 127.0.0.1 /thinkshop/index.php/admin
INFO: [ app_init ] --START--
INFO: Run Behavior\BuildLiteBehavior [ RunTime:0.000023s ]
INFO: [ app_init ] --END-- [ RunTime:0.001849s ]
INFO: [ app_begin ] --START--
INFO: Run Behavior\ReadHtmlCacheBehavior [ RunTime:0.005638s ]
INFO: [ app_begin ] --END-- [ RunTime:0.005736s ]
INFO: [ view_parse ] --START--
INFO: [ template_filter ] --START--
INFO: Run Behavior\ContentReplaceBehavior [ RunTime:0.000119s ]
INFO: [ template_filter ] --END-- [ RunTime:0.000219s ]
NOTIC: [8] Undefined variable: f G:\php\htdocs\thinkshop\Application\Runtime\Cache\Admin\e419180f8cc01cd4b1e9ac79c26290f7.php 第 138 行.
NOTIC: [8] Undefined variable: f G:\php\htdocs\thinkshop\Application\Runtime\Cache\Admin\e419180f8cc01cd4b1e9ac79c26290f7.php 第 138 行.
NOTIC: [8] Undefined variable: f G:\php\htdocs\thinkshop\Application\Runtime\Cache\Admin\e419180f8cc01cd4b1e9ac79c26290f7.php 第 138 行.
NOTIC: [8] Undefined variable: f G:\php\htdocs\thinkshop\Application\Runtime\Cache\Admin\e419180f8cc01cd4b1e9ac79c26290f7.php 第 138 行.
NOTIC: [8] Undefined variable: f G:\php\htdocs\thinkshop\Application\Runtime\Cache\Admin\e419180f8cc01cd4b1e9ac79c26290f7.php 第 139 行.
NOTIC: [8] Undefined variable: f G:\php\htdocs\thinkshop\Application\Runtime\Cache\Admin\e419180f8cc01cd4b1e9ac79c26290f7.php 第 139 行.
NOTIC: [8] Undefined variable: f G:\php\htdocs\thinkshop\Application\Runtime\Cache\Admin\e419180f8cc01cd4b1e9ac79c26290f7.php 第 140 行.
INFO: Run Behavior\ParseTemplateBehavior [ RunTime:0.034373s ]
INFO: [ view_parse ] --END-- [ RunTime:0.034467s ]
INFO: [ view_filter ] --START--
INFO: Run Behavior\WriteHtmlCacheBehavior [ RunTime:0.005399s ]
INFO: [ view_filter ] --END-- [ RunTime:0.005482s ]
INFO: [ app_end ] --START--
INFO: Run Behavior\ShowPageTraceBehavior [ RunTime:0.052457s ]
INFO: [ app_end ] --END-- [ RunTime:0.052574s ]

[ 2015-06-18T20:56:26+08:00 ] 127.0.0.1 /thinkshop/index.php?m=Admin&c=Index&a=welcome
INFO: [ app_init ] --START--
INFO: Run Behavior\BuildLiteBehavior [ RunTime:0.000047s ]
INFO: [ app_init ] --END-- [ RunTime:0.004616s ]
INFO: [ app_begin ] --START--
INFO: Run Behavior\ReadHtmlCacheBehavior [ RunTime:0.008881s ]
INFO: [ app_begin ] --END-- [ RunTime:0.009042s ]
INFO: [ view_parse ] --START--
INFO: [ template_filter ] --START--
INFO: Run Behavior\ContentReplaceBehavior [ RunTime:0.000122s ]
INFO: [ template_filter ] --END-- [ RunTime:0.000249s ]
INFO: Run Behavior\ParseTemplateBehavior [ RunTime:0.048603s ]
INFO: [ view_parse ] --END-- [ RunTime:0.051607s ]
INFO: [ view_filter ] --START--
INFO: Run Behavior\WriteHtmlCacheBehavior [ RunTime:0.008239s ]
INFO: [ view_filter ] --END-- [ RunTime:0.008387s ]
INFO: [ app_end ] --START--
INFO: Run Behavior\ShowPageTraceBehavior [ RunTime:0.008781s ]
INFO: [ app_end ] --END-- [ RunTime:0.008940s ]

[ 2015-06-18T20:58:05+08:00 ] 127.0.0.1 /thinkshop/index.php/admin
INFO: [ app_init ] --START--
INFO: Run Behavior\BuildLiteBehavior [ RunTime:0.000029s ]
INFO: [ app_init ] --END-- [ RunTime:0.002419s ]
INFO: [ app_begin ] --START--
INFO: Run Behavior\ReadHtmlCacheBehavior [ RunTime:0.006612s ]
INFO: [ app_begin ] --END-- [ RunTime:0.006747s ]
INFO: [ view_parse ] --START--
INFO: [ template_filter ] --START--
INFO: Run Behavior\ContentReplaceBehavior [ RunTime:0.000147s ]
INFO: [ template_filter ] --END-- [ RunTime:0.000260s ]
NOTIC: [8] Undefined variable: f G:\php\htdocs\thinkshop\Application\Runtime\Cache\Admin\e419180f8cc01cd4b1e9ac79c26290f7.php 第 138 行.
NOTIC: [8] Undefined variable: f G:\php\htdocs\thinkshop\Application\Runtime\Cache\Admin\e419180f8cc01cd4b1e9ac79c26290f7.php 第 138 行.
NOTIC: [8] Undefined variable: f G:\php\htdocs\thinkshop\Application\Runtime\Cache\Admin\e419180f8cc01cd4b1e9ac79c26290f7.php 第 138 行.
NOTIC: [8] Undefined variable: f G:\php\htdocs\thinkshop\Application\Runtime\Cache\Admin\e419180f8cc01cd4b1e9ac79c26290f7.php 第 138 行.
NOTIC: [8] Undefined variable: f G:\php\htdocs\thinkshop\Application\Runtime\Cache\Admin\e419180f8cc01cd4b1e9ac79c26290f7.php 第 139 行.
NOTIC: [8] Undefined variable: f G:\php\htdocs\thinkshop\Application\Runtime\Cache\Admin\e419180f8cc01cd4b1e9ac79c26290f7.php 第 139 行.
NOTIC: [8] Undefined variable: f G:\php\htdocs\thinkshop\Application\Runtime\Cache\Admin\e419180f8cc01cd4b1e9ac79c26290f7.php 第 140 行.
INFO: Run Behavior\ParseTemplateBehavior [ RunTime:0.043993s ]
INFO: [ view_parse ] --END-- [ RunTime:0.044137s ]
INFO: [ view_filter ] --START--
INFO: Run Behavior\WriteHtmlCacheBehavior [ RunTime:0.007855s ]
INFO: [ view_filter ] --END-- [ RunTime:0.008003s ]
INFO: [ app_end ] --START--
INFO: Run Behavior\ShowPageTraceBehavior [ RunTime:0.008477s ]
INFO: [ app_end ] --END-- [ RunTime:0.008595s ]

[ 2015-06-18T20:58:06+08:00 ] 127.0.0.1 /thinkshop/index.php?m=Admin&c=Index&a=welcome
INFO: [ app_init ] --START--
INFO: Run Behavior\BuildLiteBehavior [ RunTime:0.000048s ]
INFO: [ app_init ] --END-- [ RunTime:0.005446s ]
INFO: [ app_begin ] --START--
INFO: Run Behavior\ReadHtmlCacheBehavior [ RunTime:0.013211s ]
INFO: [ app_begin ] --END-- [ RunTime:0.013439s ]
INFO: [ view_parse ] --START--
INFO: [ template_filter ] --START--
INFO: Run Behavior\ContentReplaceBehavior [ RunTime:0.000109s ]
INFO: [ template_filter ] --END-- [ RunTime:0.000228s ]
NOTIC: [8] Undefined variable: statDataJson G:\php\htdocs\thinkshop\Application\Runtime\Cache\Admin\a5ab304923859587419d7484585693b4.php 第 47 行.
INFO: Run Behavior\ParseTemplateBehavior [ RunTime:0.053561s ]
INFO: [ view_parse ] --END-- [ RunTime:0.053686s ]
INFO: [ view_filter ] --START--
INFO: Run Behavior\WriteHtmlCacheBehavior [ RunTime:0.006472s ]
INFO: [ view_filter ] --END-- [ RunTime:0.006574s ]
INFO: [ app_end ] --START--
INFO: Run Behavior\ShowPageTraceBehavior [ RunTime:0.006886s ]
INFO: [ app_end ] --END-- [ RunTime:0.006988s ]

[ 2015-06-18T20:59:26+08:00 ] 127.0.0.1 /thinkshop/index.php/admin
INFO: [ app_init ] --START--
INFO: Run Behavior\BuildLiteBehavior [ RunTime:0.000032s ]
INFO: [ app_init ] --END-- [ RunTime:0.002606s ]
INFO: [ app_begin ] --START--
INFO: Run Behavior\ReadHtmlCacheBehavior [ RunTime:0.005822s ]
INFO: [ app_begin ] --END-- [ RunTime:0.005929s ]
INFO: [ view_parse ] --START--
INFO: [ template_filter ] --START--
INFO: Run Behavior\ContentReplaceBehavior [ RunTime:0.000259s ]
INFO: [ template_filter ] --END-- [ RunTime:0.000458s ]
NOTIC: [8] Undefined variable: f G:\php\htdocs\thinkshop\Application\Runtime\Cache\Admin\e419180f8cc01cd4b1e9ac79c26290f7.php 第 138 行.
NOTIC: [8] Undefined variable: f G:\php\htdocs\thinkshop\Application\Runtime\Cache\Admin\e419180f8cc01cd4b1e9ac79c26290f7.php 第 138 行.
NOTIC: [8] Undefined variable: f G:\php\htdocs\thinkshop\Application\Runtime\Cache\Admin\e419180f8cc01cd4b1e9ac79c26290f7.php 第 138 行.
NOTIC: [8] Undefined variable: f G:\php\htdocs\thinkshop\Application\Runtime\Cache\Admin\e419180f8cc01cd4b1e9ac79c26290f7.php 第 138 行.
NOTIC: [8] Undefined variable: f G:\php\htdocs\thinkshop\Application\Runtime\Cache\Admin\e419180f8cc01cd4b1e9ac79c26290f7.php 第 139 行.
NOTIC: [8] Undefined variable: f G:\php\htdocs\thinkshop\Application\Runtime\Cache\Admin\e419180f8cc01cd4b1e9ac79c26290f7.php 第 139 行.
NOTIC: [8] Undefined variable: f G:\php\htdocs\thinkshop\Application\Runtime\Cache\Admin\e419180f8cc01cd4b1e9ac79c26290f7.php 第 140 行.
INFO: Run Behavior\ParseTemplateBehavior [ RunTime:0.056352s ]
INFO: [ view_parse ] --END-- [ RunTime:0.056548s ]
INFO: [ view_filter ] --START--
INFO: Run Behavior\WriteHtmlCacheBehavior [ RunTime:0.008536s ]
INFO: [ view_filter ] --END-- [ RunTime:0.008684s ]
INFO: [ app_end ] --START--
INFO: Run Behavior\ShowPageTraceBehavior [ RunTime:0.007959s ]
INFO: [ app_end ] --END-- [ RunTime:0.008071s ]

[ 2015-06-18T20:59:26+08:00 ] 127.0.0.1 /thinkshop/index.php?m=Admin&c=Index&a=welcome
INFO: [ app_init ] --START--
INFO: Run Behavior\BuildLiteBehavior [ RunTime:0.000049s ]
INFO: [ app_init ] --END-- [ RunTime:0.004768s ]
INFO: [ app_begin ] --START--
INFO: Run Behavior\ReadHtmlCacheBehavior [ RunTime:0.011361s ]
INFO: [ app_begin ] --END-- [ RunTime:0.011528s ]
INFO: [ view_parse ] --START--
INFO: [ template_filter ] --START--
INFO: Run Behavior\ContentReplaceBehavior [ RunTime:0.000116s ]
INFO: [ template_filter ] --END-- [ RunTime:0.000227s ]
INFO: Run Behavior\ParseTemplateBehavior [ RunTime:0.039391s ]
INFO: [ view_parse ] --END-- [ RunTime:0.039570s ]
INFO: [ view_filter ] --START--
INFO: Run Behavior\WriteHtmlCacheBehavior [ RunTime:0.006353s ]
INFO: [ view_filter ] --END-- [ RunTime:0.006465s ]
INFO: [ app_end ] --START--
INFO: Run Behavior\ShowPageTraceBehavior [ RunTime:0.006989s ]
INFO: [ app_end ] --END-- [ RunTime:0.007088s ]

[ 2015-06-18T21:03:05+08:00 ] 127.0.0.1 /thinkshop/index.php/admin
INFO: [ app_init ] --START--
INFO: Run Behavior\BuildLiteBehavior [ RunTime:0.000024s ]
INFO: [ app_init ] --END-- [ RunTime:0.001983s ]
INFO: [ app_begin ] --START--
INFO: Run Behavior\ReadHtmlCacheBehavior [ RunTime:0.006791s ]
INFO: [ app_begin ] --END-- [ RunTime:0.006911s ]
INFO: [ view_parse ] --START--
INFO: [ template_filter ] --START--
INFO: Run Behavior\ContentReplaceBehavior [ RunTime:0.000145s ]
INFO: [ template_filter ] --END-- [ RunTime:0.000258s ]
NOTIC: [8] Undefined variable: f G:\php\htdocs\thinkshop\Application\Runtime\Cache\Admin\e419180f8cc01cd4b1e9ac79c26290f7.php 第 140 行.
NOTIC: [8] Undefined variable: f G:\php\htdocs\thinkshop\Application\Runtime\Cache\Admin\e419180f8cc01cd4b1e9ac79c26290f7.php 第 140 行.
NOTIC: [8] Undefined variable: f G:\php\htdocs\thinkshop\Application\Runtime\Cache\Admin\e419180f8cc01cd4b1e9ac79c26290f7.php 第 140 行.
NOTIC: [8] Undefined variable: f G:\php\htdocs\thinkshop\Application\Runtime\Cache\Admin\e419180f8cc01cd4b1e9ac79c26290f7.php 第 140 行.
NOTIC: [8] Undefined variable: f G:\php\htdocs\thinkshop\Application\Runtime\Cache\Admin\e419180f8cc01cd4b1e9ac79c26290f7.php 第 141 行.
NOTIC: [8] Undefined variable: f G:\php\htdocs\thinkshop\Application\Runtime\Cache\Admin\e419180f8cc01cd4b1e9ac79c26290f7.php 第 141 行.
NOTIC: [8] Undefined variable: f G:\php\htdocs\thinkshop\Application\Runtime\Cache\Admin\e419180f8cc01cd4b1e9ac79c26290f7.php 第 142 行.
INFO: Run Behavior\ParseTemplateBehavior [ RunTime:0.043801s ]
INFO: [ view_parse ] --END-- [ RunTime:0.043920s ]
INFO: [ view_filter ] --START--
INFO: Run Behavior\WriteHtmlCacheBehavior [ RunTime:0.006202s ]
INFO: [ view_filter ] --END-- [ RunTime:0.006299s ]
INFO: [ app_end ] --START--
INFO: Run Behavior\ShowPageTraceBehavior [ RunTime:0.006548s ]
INFO: [ app_end ] --END-- [ RunTime:0.006645s ]

[ 2015-06-18T21:03:06+08:00 ] 127.0.0.1 /thinkshop/index.php?m=Admin&c=Index&a=welcome
INFO: [ app_init ] --START--
INFO: Run Behavior\BuildLiteBehavior [ RunTime:0.000051s ]
INFO: [ app_init ] --END-- [ RunTime:0.004985s ]
INFO: [ app_begin ] --START--
INFO: Run Behavior\ReadHtmlCacheBehavior [ RunTime:0.011425s ]
INFO: [ app_begin ] --END-- [ RunTime:0.011658s ]
INFO: [ view_parse ] --START--
INFO: [ template_filter ] --START--
INFO: Run Behavior\ContentReplaceBehavior [ RunTime:0.000165s ]
INFO: [ template_filter ] --END-- [ RunTime:0.000327s ]
INFO: Run Behavior\ParseTemplateBehavior [ RunTime:0.051799s ]
INFO: [ view_parse ] --END-- [ RunTime:0.051958s ]
INFO: [ view_filter ] --START--
INFO: Run Behavior\WriteHtmlCacheBehavior [ RunTime:0.008560s ]
INFO: [ view_filter ] --END-- [ RunTime:0.008794s ]
INFO: [ app_end ] --START--
INFO: Run Behavior\ShowPageTraceBehavior [ RunTime:0.013442s ]
INFO: [ app_end ] --END-- [ RunTime:0.013686s ]

[ 2015-06-18T21:03:09+08:00 ] 127.0.0.1 /thinkshop/index.php?m=Admin&c=Setting&a=index&_=0.6094324514269829
INFO: [ app_init ] --START--
INFO: Run Behavior\BuildLiteBehavior [ RunTime:0.000024s ]
INFO: [ app_init ] --END-- [ RunTime:0.002211s ]
INFO: [ app_begin ] --START--
INFO: Run Behavior\ReadHtmlCacheBehavior [ RunTime:0.006575s ]
INFO: [ app_begin ] --END-- [ RunTime:0.006686s ]
SQL: SHOW COLUMNS FROM `ts_setting` [ RunTime:0.0610s ]
SQL: SELECT * FROM `ts_setting`  [ RunTime:0.0007s ]
INFO: [ view_parse ] --START--
INFO: [ template_filter ] --START--
INFO: Run Behavior\ContentReplaceBehavior [ RunTime:0.000078s ]
INFO: [ template_filter ] --END-- [ RunTime:0.000168s ]
INFO: Run Behavior\ParseTemplateBehavior [ RunTime:0.052985s ]
INFO: [ view_parse ] --END-- [ RunTime:0.053089s ]
INFO: [ view_filter ] --START--
INFO: Run Behavior\WriteHtmlCacheBehavior [ RunTime:0.005844s ]
INFO: [ view_filter ] --END-- [ RunTime:0.005926s ]
INFO: [ app_end ] --START--
INFO: Run Behavior\ShowPageTraceBehavior [ RunTime:0.005757s ]
INFO: [ app_end ] --END-- [ RunTime:0.005838s ]

[ 2015-06-18T21:03:30+08:00 ] 127.0.0.1 /thinkshop/index.php/admin
INFO: [ app_init ] --START--
INFO: Run Behavior\BuildLiteBehavior [ RunTime:0.000023s ]
INFO: [ app_init ] --END-- [ RunTime:0.002046s ]
INFO: [ app_begin ] --START--
INFO: Run Behavior\ReadHtmlCacheBehavior [ RunTime:0.006412s ]
INFO: [ app_begin ] --END-- [ RunTime:0.006569s ]
INFO: [ view_parse ] --START--
INFO: [ template_filter ] --START--
INFO: Run Behavior\ContentReplaceBehavior [ RunTime:0.000146s ]
INFO: [ template_filter ] --END-- [ RunTime:0.000259s ]
NOTIC: [8] Undefined variable: f G:\php\htdocs\thinkshop\Application\Runtime\Cache\Admin\e419180f8cc01cd4b1e9ac79c26290f7.php 第 140 行.
NOTIC: [8] Undefined variable: f G:\php\htdocs\thinkshop\Application\Runtime\Cache\Admin\e419180f8cc01cd4b1e9ac79c26290f7.php 第 140 行.
NOTIC: [8] Undefined variable: f G:\php\htdocs\thinkshop\Application\Runtime\Cache\Admin\e419180f8cc01cd4b1e9ac79c26290f7.php 第 140 行.
NOTIC: [8] Undefined variable: f G:\php\htdocs\thinkshop\Application\Runtime\Cache\Admin\e419180f8cc01cd4b1e9ac79c26290f7.php 第 140 行.
NOTIC: [8] Undefined variable: f G:\php\htdocs\thinkshop\Application\Runtime\Cache\Admin\e419180f8cc01cd4b1e9ac79c26290f7.php 第 141 行.
NOTIC: [8] Undefined variable: f G:\php\htdocs\thinkshop\Application\Runtime\Cache\Admin\e419180f8cc01cd4b1e9ac79c26290f7.php 第 141 行.
NOTIC: [8] Undefined variable: f G:\php\htdocs\thinkshop\Application\Runtime\Cache\Admin\e419180f8cc01cd4b1e9ac79c26290f7.php 第 142 行.
INFO: Run Behavior\ParseTemplateBehavior [ RunTime:0.049559s ]
INFO: [ view_parse ] --END-- [ RunTime:0.049674s ]
INFO: [ view_filter ] --START--
INFO: Run Behavior\WriteHtmlCacheBehavior [ RunTime:0.007019s ]
INFO: [ view_filter ] --END-- [ RunTime:0.007151s ]
INFO: [ app_end ] --START--
INFO: Run Behavior\ShowPageTraceBehavior [ RunTime:0.007218s ]
INFO: [ app_end ] --END-- [ RunTime:0.007322s ]

[ 2015-06-18T21:03:31+08:00 ] 127.0.0.1 /thinkshop/index.php?m=Admin&c=Index&a=welcome
INFO: [ app_init ] --START--
INFO: Run Behavior\BuildLiteBehavior [ RunTime:0.000041s ]
INFO: [ app_init ] --END-- [ RunTime:0.003040s ]
INFO: [ app_begin ] --START--
INFO: Run Behavior\ReadHtmlCacheBehavior [ RunTime:0.012495s ]
INFO: [ app_begin ] --END-- [ RunTime:0.012706s ]
INFO: [ view_parse ] --START--
INFO: [ template_filter ] --START--
INFO: Run Behavior\ContentReplaceBehavior [ RunTime:0.000168s ]
INFO: [ template_filter ] --END-- [ RunTime:0.000358s ]
INFO: Run Behavior\ParseTemplateBehavior [ RunTime:0.048539s ]
INFO: [ view_parse ] --END-- [ RunTime:0.048683s ]
INFO: [ view_filter ] --START--
INFO: Run Behavior\WriteHtmlCacheBehavior [ RunTime:0.007523s ]
INFO: [ view_filter ] --END-- [ RunTime:0.007643s ]
INFO: [ app_end ] --START--
INFO: Run Behavior\ShowPageTraceBehavior [ RunTime:0.007809s ]
INFO: [ app_end ] --END-- [ RunTime:0.007918s ]

[ 2015-06-18T21:05:24+08:00 ] 127.0.0.1 /thinkshop/index.php/admin
INFO: [ app_init ] --START--
INFO: Run Behavior\BuildLiteBehavior [ RunTime:0.000026s ]
INFO: [ app_init ] --END-- [ RunTime:0.002410s ]
INFO: [ app_begin ] --START--
INFO: Run Behavior\ReadHtmlCacheBehavior [ RunTime:0.007706s ]
INFO: [ app_begin ] --END-- [ RunTime:0.007840s ]
INFO: [ view_parse ] --START--
INFO: [ template_filter ] --START--
INFO: Run Behavior\ContentReplaceBehavior [ RunTime:0.000137s ]
INFO: [ template_filter ] --END-- [ RunTime:0.000242s ]
NOTIC: [8] Undefined variable: f G:\php\htdocs\thinkshop\Application\Runtime\Cache\Admin\e419180f8cc01cd4b1e9ac79c26290f7.php 第 141 行.
NOTIC: [8] Undefined variable: f G:\php\htdocs\thinkshop\Application\Runtime\Cache\Admin\e419180f8cc01cd4b1e9ac79c26290f7.php 第 141 行.
NOTIC: [8] Undefined variable: f G:\php\htdocs\thinkshop\Application\Runtime\Cache\Admin\e419180f8cc01cd4b1e9ac79c26290f7.php 第 141 行.
NOTIC: [8] Undefined variable: f G:\php\htdocs\thinkshop\Application\Runtime\Cache\Admin\e419180f8cc01cd4b1e9ac79c26290f7.php 第 141 行.
NOTIC: [8] Undefined variable: f G:\php\htdocs\thinkshop\Application\Runtime\Cache\Admin\e419180f8cc01cd4b1e9ac79c26290f7.php 第 142 行.
NOTIC: [8] Undefined variable: f G:\php\htdocs\thinkshop\Application\Runtime\Cache\Admin\e419180f8cc01cd4b1e9ac79c26290f7.php 第 142 行.
NOTIC: [8] Undefined variable: f G:\php\htdocs\thinkshop\Application\Runtime\Cache\Admin\e419180f8cc01cd4b1e9ac79c26290f7.php 第 143 行.
INFO: Run Behavior\ParseTemplateBehavior [ RunTime:0.049477s ]
INFO: [ view_parse ] --END-- [ RunTime:0.049635s ]
INFO: [ view_filter ] --START--
INFO: Run Behavior\WriteHtmlCacheBehavior [ RunTime:0.010461s ]
INFO: [ view_filter ] --END-- [ RunTime:0.010629s ]
INFO: [ app_end ] --START--
INFO: Run Behavior\ShowPageTraceBehavior [ RunTime:0.010207s ]
INFO: [ app_end ] --END-- [ RunTime:0.010389s ]

[ 2015-06-18T21:05:24+08:00 ] 127.0.0.1 /thinkshop/index.php?m=Admin&c=Index&a=welcome
INFO: [ app_init ] --START--
INFO: Run Behavior\BuildLiteBehavior [ RunTime:0.000046s ]
INFO: [ app_init ] --END-- [ RunTime:0.004575s ]
INFO: [ app_begin ] --START--
INFO: Run Behavior\ReadHtmlCacheBehavior [ RunTime:0.009643s ]
INFO: [ app_begin ] --END-- [ RunTime:0.009831s ]
INFO: [ view_parse ] --START--
INFO: [ template_filter ] --START--
INFO: Run Behavior\ContentReplaceBehavior [ RunTime:0.000114s ]
INFO: [ template_filter ] --END-- [ RunTime:0.000237s ]
INFO: Run Behavior\ParseTemplateBehavior [ RunTime:0.044924s ]
INFO: [ view_parse ] --END-- [ RunTime:0.045096s ]
INFO: [ view_filter ] --START--
INFO: Run Behavior\WriteHtmlCacheBehavior [ RunTime:0.018276s ]
INFO: [ view_filter ] --END-- [ RunTime:0.018451s ]
INFO: [ app_end ] --START--
INFO: Run Behavior\ShowPageTraceBehavior [ RunTime:0.009865s ]
INFO: [ app_end ] --END-- [ RunTime:0.010029s ]

[ 2015-06-18T21:05:27+08:00 ] 127.0.0.1 /thinkshop/index.php?m=Admin&c=Setting&a=update&_=0.8077013096772134
INFO: [ app_init ] --START--
INFO: Run Behavior\BuildLiteBehavior [ RunTime:0.000029s ]
INFO: [ app_init ] --END-- [ RunTime:0.002696s ]
INFO: [ app_begin ] --START--
INFO: Run Behavior\ReadHtmlCacheBehavior [ RunTime:0.007355s ]
INFO: [ app_begin ] --END-- [ RunTime:0.007479s ]
SQL: SHOW COLUMNS FROM `ts_setting` [ RunTime:0.0173s ]
NOTIC: [8] Use of undefined constant ture - assumed 'ture' G:\php\htdocs\thinkshop\Application\Admin\Model\SettingModel.class.php 第 19 行.
INFO: [ view_parse ] --START--
INFO: [ template_filter ] --START--
INFO: Run Behavior\ContentReplaceBehavior [ RunTime:0.000069s ]
INFO: [ template_filter ] --END-- [ RunTime:0.000164s ]
INFO: Run Behavior\ParseTemplateBehavior [ RunTime:0.076549s ]
INFO: [ view_parse ] --END-- [ RunTime:0.076681s ]
INFO: [ view_filter ] --START--
INFO: Run Behavior\WriteHtmlCacheBehavior [ RunTime:0.005490s ]
INFO: [ view_filter ] --END-- [ RunTime:0.005570s ]
INFO: [ app_end ] --START--
INFO: Run Behavior\ShowPageTraceBehavior [ RunTime:0.005967s ]
INFO: [ app_end ] --END-- [ RunTime:0.006054s ]

[ 2015-06-18T21:05:28+08:00 ] 127.0.0.1 /thinkshop/index.php/admin
INFO: [ app_init ] --START--
INFO: Run Behavior\BuildLiteBehavior [ RunTime:0.000023s ]
INFO: [ app_init ] --END-- [ RunTime:0.001917s ]
INFO: [ app_begin ] --START--
INFO: Run Behavior\ReadHtmlCacheBehavior [ RunTime:0.009660s ]
INFO: [ app_begin ] --END-- [ RunTime:0.009844s ]
INFO: [ view_parse ] --START--
INFO: [ template_filter ] --START--
INFO: Run Behavior\ContentReplaceBehavior [ RunTime:0.000132s ]
INFO: [ template_filter ] --END-- [ RunTime:0.000232s ]
NOTIC: [8] Undefined variable: f G:\php\htdocs\thinkshop\Application\Runtime\Cache\Admin\e419180f8cc01cd4b1e9ac79c26290f7.php 第 141 行.
NOTIC: [8] Undefined variable: f G:\php\htdocs\thinkshop\Application\Runtime\Cache\Admin\e419180f8cc01cd4b1e9ac79c26290f7.php 第 141 行.
NOTIC: [8] Undefined variable: f G:\php\htdocs\thinkshop\Application\Runtime\Cache\Admin\e419180f8cc01cd4b1e9ac79c26290f7.php 第 141 行.
NOTIC: [8] Undefined variable: f G:\php\htdocs\thinkshop\Application\Runtime\Cache\Admin\e419180f8cc01cd4b1e9ac79c26290f7.php 第 141 行.
NOTIC: [8] Undefined variable: f G:\php\htdocs\thinkshop\Application\Runtime\Cache\Admin\e419180f8cc01cd4b1e9ac79c26290f7.php 第 142 行.
NOTIC: [8] Undefined variable: f G:\php\htdocs\thinkshop\Application\Runtime\Cache\Admin\e419180f8cc01cd4b1e9ac79c26290f7.php 第 142 行.
NOTIC: [8] Undefined variable: f G:\php\htdocs\thinkshop\Application\Runtime\Cache\Admin\e419180f8cc01cd4b1e9ac79c26290f7.php 第 143 行.
INFO: Run Behavior\ParseTemplateBehavior [ RunTime:0.038820s ]
INFO: [ view_parse ] --END-- [ RunTime:0.038956s ]
INFO: [ view_filter ] --START--
INFO: Run Behavior\WriteHtmlCacheBehavior [ RunTime:0.006068s ]
INFO: [ view_filter ] --END-- [ RunTime:0.006159s ]
INFO: [ app_end ] --START--
INFO: Run Behavior\ShowPageTraceBehavior [ RunTime:0.007671s ]
INFO: [ app_end ] --END-- [ RunTime:0.007771s ]

[ 2015-06-18T21:05:28+08:00 ] 127.0.0.1 /thinkshop/index.php?m=Admin&c=Index&a=welcome
INFO: [ app_init ] --START--
INFO: Run Behavior\BuildLiteBehavior [ RunTime:0.000025s ]
INFO: [ app_init ] --END-- [ RunTime:0.002238s ]
INFO: [ app_begin ] --START--
INFO: Run Behavior\ReadHtmlCacheBehavior [ RunTime:0.006146s ]
INFO: [ app_begin ] --END-- [ RunTime:0.006252s ]
INFO: [ view_parse ] --START--
INFO: [ template_filter ] --START--
INFO: Run Behavior\ContentReplaceBehavior [ RunTime:0.000101s ]
INFO: [ template_filter ] --END-- [ RunTime:0.000213s ]
INFO: Run Behavior\ParseTemplateBehavior [ RunTime:0.033491s ]
INFO: [ view_parse ] --END-- [ RunTime:0.033605s ]
INFO: [ view_filter ] --START--
INFO: Run Behavior\WriteHtmlCacheBehavior [ RunTime:0.006163s ]
INFO: [ view_filter ] --END-- [ RunTime:0.006262s ]
INFO: [ app_end ] --START--
INFO: Run Behavior\ShowPageTraceBehavior [ RunTime:0.007233s ]
INFO: [ app_end ] --END-- [ RunTime:0.007337s ]

[ 2015-06-18T21:06:36+08:00 ] 127.0.0.1 /thinkshop/index.php/admin
INFO: [ app_init ] --START--
INFO: Run Behavior\BuildLiteBehavior [ RunTime:0.000027s ]
INFO: [ app_init ] --END-- [ RunTime:0.002341s ]
INFO: [ app_begin ] --START--
INFO: Run Behavior\ReadHtmlCacheBehavior [ RunTime:0.010699s ]
INFO: [ app_begin ] --END-- [ RunTime:0.010903s ]
INFO: [ view_parse ] --START--
INFO: [ template_filter ] --START--
INFO: Run Behavior\ContentReplaceBehavior [ RunTime:0.000155s ]
INFO: [ template_filter ] --END-- [ RunTime:0.000271s ]
NOTIC: [8] Undefined variable: f G:\php\htdocs\thinkshop\Application\Runtime\Cache\Admin\e419180f8cc01cd4b1e9ac79c26290f7.php 第 141 行.
NOTIC: [8] Undefined variable: f G:\php\htdocs\thinkshop\Application\Runtime\Cache\Admin\e419180f8cc01cd4b1e9ac79c26290f7.php 第 141 行.
NOTIC: [8] Undefined variable: f G:\php\htdocs\thinkshop\Application\Runtime\Cache\Admin\e419180f8cc01cd4b1e9ac79c26290f7.php 第 141 行.
NOTIC: [8] Undefined variable: f G:\php\htdocs\thinkshop\Application\Runtime\Cache\Admin\e419180f8cc01cd4b1e9ac79c26290f7.php 第 141 行.
NOTIC: [8] Undefined variable: f G:\php\htdocs\thinkshop\Application\Runtime\Cache\Admin\e419180f8cc01cd4b1e9ac79c26290f7.php 第 142 行.
NOTIC: [8] Undefined variable: f G:\php\htdocs\thinkshop\Application\Runtime\Cache\Admin\e419180f8cc01cd4b1e9ac79c26290f7.php 第 142 行.
NOTIC: [8] Undefined variable: f G:\php\htdocs\thinkshop\Application\Runtime\Cache\Admin\e419180f8cc01cd4b1e9ac79c26290f7.php 第 143 行.
INFO: Run Behavior\ParseTemplateBehavior [ RunTime:0.045636s ]
INFO: [ view_parse ] --END-- [ RunTime:0.045780s ]
INFO: [ view_filter ] --START--
INFO: Run Behavior\WriteHtmlCacheBehavior [ RunTime:0.007255s ]
INFO: [ view_filter ] --END-- [ RunTime:0.007364s ]
INFO: [ app_end ] --START--
INFO: Run Behavior\ShowPageTraceBehavior [ RunTime:0.007282s ]
INFO: [ app_end ] --END-- [ RunTime:0.007389s ]

[ 2015-06-18T21:06:37+08:00 ] 127.0.0.1 /thinkshop/index.php?m=Admin&c=Index&a=welcome
INFO: [ app_init ] --START--
INFO: Run Behavior\BuildLiteBehavior [ RunTime:0.000042s ]
INFO: [ app_init ] --END-- [ RunTime:0.002951s ]
INFO: [ app_begin ] --START--
INFO: Run Behavior\ReadHtmlCacheBehavior [ RunTime:0.008574s ]
INFO: [ app_begin ] --END-- [ RunTime:0.008735s ]
INFO: [ view_parse ] --START--
INFO: [ template_filter ] --START--
INFO: Run Behavior\ContentReplaceBehavior [ RunTime:0.000112s ]
INFO: [ template_filter ] --END-- [ RunTime:0.000238s ]
INFO: Run Behavior\ParseTemplateBehavior [ RunTime:0.042636s ]
INFO: [ view_parse ] --END-- [ RunTime:0.042768s ]
INFO: [ view_filter ] --START--
INFO: Run Behavior\WriteHtmlCacheBehavior [ RunTime:0.006894s ]
INFO: [ view_filter ] --END-- [ RunTime:0.007013s ]
INFO: [ app_end ] --START--
INFO: Run Behavior\ShowPageTraceBehavior [ RunTime:0.008523s ]
INFO: [ app_end ] --END-- [ RunTime:0.008640s ]

[ 2015-06-18T21:06:39+08:00 ] 127.0.0.1 /thinkshop/index.php?m=Admin&c=Setting&a=index&_=0.06198916444554925
INFO: [ app_init ] --START--
INFO: Run Behavior\BuildLiteBehavior [ RunTime:0.000030s ]
INFO: [ app_init ] --END-- [ RunTime:0.002611s ]
INFO: [ app_begin ] --START--
INFO: Run Behavior\ReadHtmlCacheBehavior [ RunTime:0.007946s ]
INFO: [ app_begin ] --END-- [ RunTime:0.008088s ]
SQL: SHOW COLUMNS FROM `ts_setting` [ RunTime:0.0333s ]
SQL: SELECT * FROM `ts_setting`  [ RunTime:0.0004s ]
INFO: [ view_parse ] --START--
INFO: [ template_filter ] --START--
INFO: Run Behavior\ContentReplaceBehavior [ RunTime:0.000078s ]
INFO: [ template_filter ] --END-- [ RunTime:0.000169s ]
INFO: Run Behavior\ParseTemplateBehavior [ RunTime:0.032014s ]
INFO: [ view_parse ] --END-- [ RunTime:0.032110s ]
INFO: [ view_filter ] --START--
INFO: Run Behavior\WriteHtmlCacheBehavior [ RunTime:0.005201s ]
INFO: [ view_filter ] --END-- [ RunTime:0.005281s ]
INFO: [ app_end ] --START--
INFO: Run Behavior\ShowPageTraceBehavior [ RunTime:0.005730s ]
INFO: [ app_end ] --END-- [ RunTime:0.005831s ]

[ 2015-06-18T21:06:41+08:00 ] 127.0.0.1 /thinkshop/index.php?m=Admin&c=Setting&a=modifypw&_=0.80408531636931
INFO: [ app_init ] --START--
INFO: Run Behavior\BuildLiteBehavior [ RunTime:0.000022s ]
INFO: [ app_init ] --END-- [ RunTime:0.001843s ]
INFO: [ app_begin ] --START--
INFO: Run Behavior\ReadHtmlCacheBehavior [ RunTime:0.005754s ]
INFO: [ app_begin ] --END-- [ RunTime:0.005859s ]
INFO: [ view_parse ] --START--
INFO: [ template_filter ] --START--
INFO: Run Behavior\ContentReplaceBehavior [ RunTime:0.000087s ]
INFO: [ template_filter ] --END-- [ RunTime:0.000191s ]
INFO: Run Behavior\ParseTemplateBehavior [ RunTime:0.054427s ]
INFO: [ view_parse ] --END-- [ RunTime:0.054552s ]
INFO: [ view_filter ] --START--
INFO: Run Behavior\WriteHtmlCacheBehavior [ RunTime:0.005809s ]
INFO: [ view_filter ] --END-- [ RunTime:0.005896s ]
INFO: [ app_end ] --START--
INFO: Run Behavior\ShowPageTraceBehavior [ RunTime:0.006215s ]
INFO: [ app_end ] --END-- [ RunTime:0.006309s ]

[ 2015-06-18T21:12:48+08:00 ] 127.0.0.1 /thinkshop/index.php?m=Admin&c=Comment&a=index&_=0.890202525537461
INFO: [ app_init ] --START--
INFO: Run Behavior\BuildLiteBehavior [ RunTime:0.000025s ]
INFO: [ app_init ] --END-- [ RunTime:0.002178s ]
INFO: [ app_begin ] --START--
INFO: Run Behavior\ReadHtmlCacheBehavior [ RunTime:0.006023s ]
INFO: [ app_begin ] --END-- [ RunTime:0.006125s ]
SQL: SHOW COLUMNS FROM `ts_message` [ RunTime:0.0638s ]
SQL: SELECT COUNT(*) AS tp_count FROM `ts_message` LIMIT 1   [ RunTime:0.0005s ]
SQL: SELECT * FROM `ts_message` ORDER BY id desc LIMIT 0,10   [ RunTime:0.0010s ]
INFO: [ view_parse ] --START--
INFO: [ template_filter ] --START--
INFO: Run Behavior\ContentReplaceBehavior [ RunTime:0.000078s ]
INFO: [ template_filter ] --END-- [ RunTime:0.000167s ]
INFO: Run Behavior\ParseTemplateBehavior [ RunTime:0.052092s ]
INFO: [ view_parse ] --END-- [ RunTime:0.052228s ]
INFO: [ view_filter ] --START--
INFO: Run Behavior\WriteHtmlCacheBehavior [ RunTime:0.005511s ]
INFO: [ view_filter ] --END-- [ RunTime:0.005599s ]
INFO: [ app_end ] --START--
INFO: Run Behavior\ShowPageTraceBehavior [ RunTime:0.005843s ]
INFO: [ app_end ] --END-- [ RunTime:0.005923s ]

