[ 2015-04-25T11:41:26+08:00 ] 127.0.0.1 /thinkshop/index.php/admin
INFO: [ app_init ] --START--
INFO: Run Behavior\BuildLiteBehavior [ RunTime:0.000057s ]
INFO: [ app_init ] --END-- [ RunTime:0.021417s ]
INFO: [ app_begin ] --START--
INFO: Run Behavior\ReadHtmlCacheBehavior [ RunTime:0.022803s ]
INFO: [ app_begin ] --END-- [ RunTime:0.023004s ]
INFO: [ view_parse ] --START--
INFO: [ template_filter ] --START--
INFO: Run Behavior\ContentReplaceBehavior [ RunTime:0.000254s ]
INFO: [ template_filter ] --END-- [ RunTime:0.000446s ]
NOTIC: [8] Undefined variable: f G:\php\htdocs\thinkshop\Application\Runtime\Cache\Admin\b595b808c2ebeeeb0478ffc30bb4e87a.php 第 154 行.
NOTIC: [8] Undefined variable: f G:\php\htdocs\thinkshop\Application\Runtime\Cache\Admin\b595b808c2ebeeeb0478ffc30bb4e87a.php 第 154 行.
NOTIC: [8] Undefined variable: f G:\php\htdocs\thinkshop\Application\Runtime\Cache\Admin\b595b808c2ebeeeb0478ffc30bb4e87a.php 第 154 行.
NOTIC: [8] Undefined variable: f G:\php\htdocs\thinkshop\Application\Runtime\Cache\Admin\b595b808c2ebeeeb0478ffc30bb4e87a.php 第 154 行.
NOTIC: [8] Undefined variable: f G:\php\htdocs\thinkshop\Application\Runtime\Cache\Admin\b595b808c2ebeeeb0478ffc30bb4e87a.php 第 155 行.
NOTIC: [8] Undefined variable: f G:\php\htdocs\thinkshop\Application\Runtime\Cache\Admin\b595b808c2ebeeeb0478ffc30bb4e87a.php 第 155 行.
NOTIC: [8] Undefined variable: f G:\php\htdocs\thinkshop\Application\Runtime\Cache\Admin\b595b808c2ebeeeb0478ffc30bb4e87a.php 第 156 行.
INFO: Run Behavior\ParseTemplateBehavior [ RunTime:0.233756s ]
INFO: [ view_parse ] --END-- [ RunTime:0.233921s ]
INFO: [ view_filter ] --START--
INFO: Run Behavior\WriteHtmlCacheBehavior [ RunTime:0.027942s ]
INFO: [ view_filter ] --END-- [ RunTime:0.028042s ]
INFO: [ app_end ] --START--
INFO: Run Behavior\ShowPageTraceBehavior [ RunTime:0.006757s ]
INFO: [ app_end ] --END-- [ RunTime:0.006850s ]

[ 2015-04-25T11:41:27+08:00 ] 127.0.0.1 /thinkshop/index.php?m=Admin&c=Index&a=welcome
INFO: [ app_init ] --START--
INFO: Run Behavior\BuildLiteBehavior [ RunTime:0.000024s ]
INFO: [ app_init ] --END-- [ RunTime:0.001893s ]
INFO: [ app_begin ] --START--
INFO: Run Behavior\ReadHtmlCacheBehavior [ RunTime:0.005454s ]
INFO: [ app_begin ] --END-- [ RunTime:0.005556s ]
INFO: [ view_parse ] --START--
INFO: [ template_filter ] --START--
INFO: Run Behavior\ContentReplaceBehavior [ RunTime:0.000123s ]
INFO: [ template_filter ] --END-- [ RunTime:0.000248s ]
NOTIC: [8] Undefined variable: hd G:\php\htdocs\thinkshop\Application\Runtime\Cache\Admin\69fa43b310489e974c292babf8eca7e7.php 第 91 行.
NOTIC: [8] Undefined variable: hd G:\php\htdocs\thinkshop\Application\Runtime\Cache\Admin\69fa43b310489e974c292babf8eca7e7.php 第 91 行.
NOTIC: [8] Undefined variable: hd G:\php\htdocs\thinkshop\Application\Runtime\Cache\Admin\69fa43b310489e974c292babf8eca7e7.php 第 106 行.
NOTIC: [8] Undefined variable: hd G:\php\htdocs\thinkshop\Application\Runtime\Cache\Admin\69fa43b310489e974c292babf8eca7e7.php 第 151 行.
INFO: Run Behavior\ParseTemplateBehavior [ RunTime:0.088138s ]
INFO: [ view_parse ] --END-- [ RunTime:0.088258s ]
INFO: [ view_filter ] --START--
INFO: Run Behavior\WriteHtmlCacheBehavior [ RunTime:0.006161s ]
INFO: [ view_filter ] --END-- [ RunTime:0.006267s ]
INFO: [ app_end ] --START--
INFO: Run Behavior\ShowPageTraceBehavior [ RunTime:0.006219s ]
INFO: [ app_end ] --END-- [ RunTime:0.006325s ]

[ 2015-04-25T14:22:21+08:00 ] 127.0.0.1 /thinkshop/index.php/admin
INFO: [ app_init ] --START--
INFO: Run Behavior\BuildLiteBehavior [ RunTime:0.000058s ]
INFO: [ app_init ] --END-- [ RunTime:0.052734s ]
INFO: [ app_begin ] --START--
INFO: Run Behavior\ReadHtmlCacheBehavior [ RunTime:0.015207s ]
INFO: [ app_begin ] --END-- [ RunTime:0.015369s ]
INFO: [ view_parse ] --START--
INFO: [ template_filter ] --START--
INFO: Run Behavior\ContentReplaceBehavior [ RunTime:0.000187s ]
INFO: [ template_filter ] --END-- [ RunTime:0.000328s ]
NOTIC: [8] Undefined variable: f G:\php\htdocs\thinkshop\Application\Runtime\Cache\Admin\b595b808c2ebeeeb0478ffc30bb4e87a.php 第 154 行.
NOTIC: [8] Undefined variable: f G:\php\htdocs\thinkshop\Application\Runtime\Cache\Admin\b595b808c2ebeeeb0478ffc30bb4e87a.php 第 154 行.
NOTIC: [8] Undefined variable: f G:\php\htdocs\thinkshop\Application\Runtime\Cache\Admin\b595b808c2ebeeeb0478ffc30bb4e87a.php 第 154 行.
NOTIC: [8] Undefined variable: f G:\php\htdocs\thinkshop\Application\Runtime\Cache\Admin\b595b808c2ebeeeb0478ffc30bb4e87a.php 第 154 行.
NOTIC: [8] Undefined variable: f G:\php\htdocs\thinkshop\Application\Runtime\Cache\Admin\b595b808c2ebeeeb0478ffc30bb4e87a.php 第 155 行.
NOTIC: [8] Undefined variable: f G:\php\htdocs\thinkshop\Application\Runtime\Cache\Admin\b595b808c2ebeeeb0478ffc30bb4e87a.php 第 155 行.
NOTIC: [8] Undefined variable: f G:\php\htdocs\thinkshop\Application\Runtime\Cache\Admin\b595b808c2ebeeeb0478ffc30bb4e87a.php 第 156 行.
INFO: Run Behavior\ParseTemplateBehavior [ RunTime:0.423964s ]
INFO: [ view_parse ] --END-- [ RunTime:0.424154s ]
INFO: [ view_filter ] --START--
INFO: Run Behavior\WriteHtmlCacheBehavior [ RunTime:0.037638s ]
INFO: [ view_filter ] --END-- [ RunTime:0.037791s ]
INFO: [ app_end ] --START--
INFO: Run Behavior\ShowPageTraceBehavior [ RunTime:0.020829s ]
INFO: [ app_end ] --END-- [ RunTime:0.021041s ]

[ 2015-04-25T14:22:23+08:00 ] 127.0.0.1 /thinkshop/index.php?m=Admin&c=Index&a=welcome
INFO: [ app_init ] --START--
INFO: Run Behavior\BuildLiteBehavior [ RunTime:0.000034s ]
INFO: [ app_init ] --END-- [ RunTime:0.002967s ]
INFO: [ app_begin ] --START--
INFO: Run Behavior\ReadHtmlCacheBehavior [ RunTime:0.024169s ]
INFO: [ app_begin ] --END-- [ RunTime:0.024403s ]
INFO: [ view_parse ] --START--
INFO: [ template_filter ] --START--
INFO: Run Behavior\ContentReplaceBehavior [ RunTime:0.000264s ]
INFO: [ template_filter ] --END-- [ RunTime:0.000501s ]
NOTIC: [8] Undefined variable: hd G:\php\htdocs\thinkshop\Application\Runtime\Cache\Admin\69fa43b310489e974c292babf8eca7e7.php 第 91 行.
NOTIC: [8] Undefined variable: hd G:\php\htdocs\thinkshop\Application\Runtime\Cache\Admin\69fa43b310489e974c292babf8eca7e7.php 第 91 行.
NOTIC: [8] Undefined variable: hd G:\php\htdocs\thinkshop\Application\Runtime\Cache\Admin\69fa43b310489e974c292babf8eca7e7.php 第 106 行.
NOTIC: [8] Undefined variable: hd G:\php\htdocs\thinkshop\Application\Runtime\Cache\Admin\69fa43b310489e974c292babf8eca7e7.php 第 151 行.
INFO: Run Behavior\ParseTemplateBehavior [ RunTime:0.120803s ]
INFO: [ view_parse ] --END-- [ RunTime:0.120985s ]
INFO: [ view_filter ] --START--
INFO: Run Behavior\WriteHtmlCacheBehavior [ RunTime:0.008922s ]
INFO: [ view_filter ] --END-- [ RunTime:0.009060s ]
INFO: [ app_end ] --START--
INFO: Run Behavior\ShowPageTraceBehavior [ RunTime:0.009399s ]
INFO: [ app_end ] --END-- [ RunTime:0.009533s ]

[ 2015-04-25T20:48:59+08:00 ] 127.0.0.1 /thinkshop/index.php/admin
INFO: [ app_init ] --START--
INFO: Run Behavior\BuildLiteBehavior [ RunTime:0.000027s ]
INFO: [ app_init ] --END-- [ RunTime:0.044931s ]
INFO: [ app_begin ] --START--
INFO: Run Behavior\ReadHtmlCacheBehavior [ RunTime:0.015970s ]
INFO: [ app_begin ] --END-- [ RunTime:0.016091s ]
INFO: [ view_parse ] --START--
INFO: [ template_filter ] --START--
INFO: Run Behavior\ContentReplaceBehavior [ RunTime:0.000143s ]
INFO: [ template_filter ] --END-- [ RunTime:0.000264s ]
NOTIC: [8] Undefined variable: f G:\php\htdocs\thinkshop\Application\Runtime\Cache\Admin\b595b808c2ebeeeb0478ffc30bb4e87a.php 第 154 行.
NOTIC: [8] Undefined variable: f G:\php\htdocs\thinkshop\Application\Runtime\Cache\Admin\b595b808c2ebeeeb0478ffc30bb4e87a.php 第 154 行.
NOTIC: [8] Undefined variable: f G:\php\htdocs\thinkshop\Application\Runtime\Cache\Admin\b595b808c2ebeeeb0478ffc30bb4e87a.php 第 154 行.
NOTIC: [8] Undefined variable: f G:\php\htdocs\thinkshop\Application\Runtime\Cache\Admin\b595b808c2ebeeeb0478ffc30bb4e87a.php 第 154 行.
NOTIC: [8] Undefined variable: f G:\php\htdocs\thinkshop\Application\Runtime\Cache\Admin\b595b808c2ebeeeb0478ffc30bb4e87a.php 第 155 行.
NOTIC: [8] Undefined variable: f G:\php\htdocs\thinkshop\Application\Runtime\Cache\Admin\b595b808c2ebeeeb0478ffc30bb4e87a.php 第 155 行.
NOTIC: [8] Undefined variable: f G:\php\htdocs\thinkshop\Application\Runtime\Cache\Admin\b595b808c2ebeeeb0478ffc30bb4e87a.php 第 156 行.
INFO: Run Behavior\ParseTemplateBehavior [ RunTime:0.470189s ]
INFO: [ view_parse ] --END-- [ RunTime:0.470383s ]
INFO: [ view_filter ] --START--
INFO: Run Behavior\WriteHtmlCacheBehavior [ RunTime:0.080159s ]
INFO: [ view_filter ] --END-- [ RunTime:0.080347s ]
INFO: [ app_end ] --START--
INFO: Run Behavior\ShowPageTraceBehavior [ RunTime:0.021089s ]
INFO: [ app_end ] --END-- [ RunTime:0.021540s ]

[ 2015-04-25T20:49:00+08:00 ] 127.0.0.1 /thinkshop/index.php?m=Admin&c=Index&a=welcome
INFO: [ app_init ] --START--
INFO: Run Behavior\BuildLiteBehavior [ RunTime:0.000052s ]
INFO: [ app_init ] --END-- [ RunTime:0.003510s ]
INFO: [ app_begin ] --START--
INFO: Run Behavior\ReadHtmlCacheBehavior [ RunTime:0.009789s ]
INFO: [ app_begin ] --END-- [ RunTime:0.009948s ]
INFO: [ view_parse ] --START--
INFO: [ template_filter ] --START--
INFO: Run Behavior\ContentReplaceBehavior [ RunTime:0.000124s ]
INFO: [ template_filter ] --END-- [ RunTime:0.000234s ]
NOTIC: [8] Undefined variable: hd G:\php\htdocs\thinkshop\Application\Runtime\Cache\Admin\69fa43b310489e974c292babf8eca7e7.php 第 91 行.
NOTIC: [8] Undefined variable: hd G:\php\htdocs\thinkshop\Application\Runtime\Cache\Admin\69fa43b310489e974c292babf8eca7e7.php 第 91 行.
NOTIC: [8] Undefined variable: hd G:\php\htdocs\thinkshop\Application\Runtime\Cache\Admin\69fa43b310489e974c292babf8eca7e7.php 第 106 行.
NOTIC: [8] Undefined variable: hd G:\php\htdocs\thinkshop\Application\Runtime\Cache\Admin\69fa43b310489e974c292babf8eca7e7.php 第 151 行.
INFO: Run Behavior\ParseTemplateBehavior [ RunTime:0.067212s ]
INFO: [ view_parse ] --END-- [ RunTime:0.067350s ]
INFO: [ view_filter ] --START--
INFO: Run Behavior\WriteHtmlCacheBehavior [ RunTime:0.007461s ]
INFO: [ view_filter ] --END-- [ RunTime:0.007560s ]
INFO: [ app_end ] --START--
INFO: Run Behavior\ShowPageTraceBehavior [ RunTime:0.006532s ]
INFO: [ app_end ] --END-- [ RunTime:0.006628s ]

