[ 2015-06-06T12:41:33+08:00 ] 127.0.0.1 /thinkshop/index.php?m=Admin&c=index&a=index
INFO: [ app_init ] --START--
INFO: Run Behavior\BuildLiteBehavior [ RunTime:0.000024s ]
INFO: [ app_init ] --END-- [ RunTime:0.001920s ]
INFO: [ app_begin ] --START--
INFO: Run Behavior\ReadHtmlCacheBehavior [ RunTime:0.005510s ]
INFO: [ app_begin ] --END-- [ RunTime:0.005611s ]
INFO: [ view_parse ] --START--
INFO: [ template_filter ] --START--
INFO: Run Behavior\ContentReplaceBehavior [ RunTime:0.000117s ]
INFO: [ template_filter ] --END-- [ RunTime:0.000208s ]
NOTIC: [8] Undefined variable: f G:\php\htdocs\thinkshop\Application\Runtime\Cache\Admin\e419180f8cc01cd4b1e9ac79c26290f7.php 第 138 行.
NOTIC: [8] Undefined variable: f G:\php\htdocs\thinkshop\Application\Runtime\Cache\Admin\e419180f8cc01cd4b1e9ac79c26290f7.php 第 138 行.
NOTIC: [8] Undefined variable: f G:\php\htdocs\thinkshop\Application\Runtime\Cache\Admin\e419180f8cc01cd4b1e9ac79c26290f7.php 第 138 行.
NOTIC: [8] Undefined variable: f G:\php\htdocs\thinkshop\Application\Runtime\Cache\Admin\e419180f8cc01cd4b1e9ac79c26290f7.php 第 138 行.
NOTIC: [8] Undefined variable: f G:\php\htdocs\thinkshop\Application\Runtime\Cache\Admin\e419180f8cc01cd4b1e9ac79c26290f7.php 第 139 行.
NOTIC: [8] Undefined variable: f G:\php\htdocs\thinkshop\Application\Runtime\Cache\Admin\e419180f8cc01cd4b1e9ac79c26290f7.php 第 139 行.
NOTIC: [8] Undefined variable: f G:\php\htdocs\thinkshop\Application\Runtime\Cache\Admin\e419180f8cc01cd4b1e9ac79c26290f7.php 第 140 行.
INFO: Run Behavior\ParseTemplateBehavior [ RunTime:0.046660s ]
INFO: [ view_parse ] --END-- [ RunTime:0.046754s ]
INFO: [ view_filter ] --START--
INFO: Run Behavior\WriteHtmlCacheBehavior [ RunTime:0.005352s ]
INFO: [ view_filter ] --END-- [ RunTime:0.005428s ]
INFO: [ app_end ] --START--
INFO: Run Behavior\ShowPageTraceBehavior [ RunTime:0.005308s ]
INFO: [ app_end ] --END-- [ RunTime:0.005389s ]

[ 2015-06-06T12:41:33+08:00 ] 127.0.0.1 /thinkshop/index.php?m=Admin&c=Index&a=welcome
INFO: [ app_init ] --START--
INFO: Run Behavior\BuildLiteBehavior [ RunTime:0.000028s ]
INFO: [ app_init ] --END-- [ RunTime:0.002020s ]
INFO: [ app_begin ] --START--
INFO: Run Behavior\ReadHtmlCacheBehavior [ RunTime:0.006147s ]
INFO: [ app_begin ] --END-- [ RunTime:0.006277s ]
INFO: [ view_parse ] --START--
INFO: [ template_filter ] --START--
INFO: Run Behavior\ContentReplaceBehavior [ RunTime:0.000140s ]
INFO: [ template_filter ] --END-- [ RunTime:0.000308s ]
INFO: Run Behavior\ParseTemplateBehavior [ RunTime:0.079746s ]
INFO: [ view_parse ] --END-- [ RunTime:0.079919s ]
INFO: [ view_filter ] --START--
INFO: Run Behavior\WriteHtmlCacheBehavior [ RunTime:0.008293s ]
INFO: [ view_filter ] --END-- [ RunTime:0.008435s ]
INFO: [ app_end ] --START--
INFO: Run Behavior\ShowPageTraceBehavior [ RunTime:0.009213s ]
INFO: [ app_end ] --END-- [ RunTime:0.009357s ]

