[ 2015-05-19T20:59:18+08:00 ] 127.0.0.1 /thinkshop/index.php/admin
INFO: [ app_init ] --START--
INFO: Run Behavior\BuildLiteBehavior [ RunTime:0.000053s ]
INFO: [ app_init ] --END-- [ RunTime:0.021412s ]
INFO: [ app_begin ] --START--
INFO: Run Behavior\ReadHtmlCacheBehavior [ RunTime:0.034767s ]
INFO: [ app_begin ] --END-- [ RunTime:0.035043s ]
NOTIC: [8] Undefined index: admin G:\php\htdocs\thinkshop\Application\Admin\Controller\BaseController.class.php 第 16 行.
INFO: [ view_parse ] --START--
INFO: [ template_filter ] --START--
INFO: Run Behavior\ContentReplaceBehavior [ RunTime:0.000097s ]
INFO: [ template_filter ] --END-- [ RunTime:0.000229s ]
INFO: Run Behavior\ParseTemplateBehavior [ RunTime:0.180611s ]
INFO: [ view_parse ] --END-- [ RunTime:0.180811s ]
INFO: [ view_filter ] --START--
INFO: Run Behavior\WriteHtmlCacheBehavior [ RunTime:0.043682s ]
INFO: [ view_filter ] --END-- [ RunTime:0.043820s ]

[ 2015-05-19T20:59:22+08:00 ] 127.0.0.1 /thinkshop/index.php?m=Admin&c=Login&a=index
INFO: [ app_init ] --START--
INFO: Run Behavior\BuildLiteBehavior [ RunTime:0.000022s ]
INFO: [ app_init ] --END-- [ RunTime:0.001904s ]
INFO: [ app_begin ] --START--
INFO: Run Behavior\ReadHtmlCacheBehavior [ RunTime:0.005810s ]
INFO: [ app_begin ] --END-- [ RunTime:0.005921s ]
INFO: [ view_parse ] --START--
INFO: [ template_filter ] --START--
INFO: Run Behavior\ContentReplaceBehavior [ RunTime:0.000188s ]
INFO: [ template_filter ] --END-- [ RunTime:0.000467s ]
INFO: Run Behavior\ParseTemplateBehavior [ RunTime:0.129109s ]
INFO: [ view_parse ] --END-- [ RunTime:0.129285s ]
INFO: [ view_filter ] --START--
INFO: Run Behavior\WriteHtmlCacheBehavior [ RunTime:0.006398s ]
INFO: [ view_filter ] --END-- [ RunTime:0.006494s ]
INFO: [ app_end ] --START--
INFO: Run Behavior\ShowPageTraceBehavior [ RunTime:0.015273s ]
INFO: [ app_end ] --END-- [ RunTime:0.015365s ]

[ 2015-05-19T20:59:22+08:00 ] 127.0.0.1 /thinkshop/index.php?m=Admin&c=Login&a=code
INFO: [ app_init ] --START--
INFO: Run Behavior\BuildLiteBehavior [ RunTime:0.000036s ]
INFO: [ app_init ] --END-- [ RunTime:0.003091s ]
INFO: [ app_begin ] --START--
INFO: Run Behavior\ReadHtmlCacheBehavior [ RunTime:0.009263s ]
INFO: [ app_begin ] --END-- [ RunTime:0.009433s ]
INFO: [ app_end ] --START--
INFO: Run Behavior\ShowPageTraceBehavior [ RunTime:0.006425s ]
INFO: [ app_end ] --END-- [ RunTime:0.006559s ]

