[ 2015-05-20T19:58:52+08:00 ] 127.0.0.1 /thinkshop/index.php/admin
INFO: [ app_init ] --START--
INFO: Run Behavior\BuildLiteBehavior [ RunTime:0.000032s ]
INFO: [ app_init ] --END-- [ RunTime:0.003728s ]
INFO: [ app_begin ] --START--
INFO: Run Behavior\ReadHtmlCacheBehavior [ RunTime:0.015963s ]
INFO: [ app_begin ] --END-- [ RunTime:0.016125s ]
NOTIC: [8] Undefined index: admin G:\php\htdocs\thinkshop\Application\Admin\Controller\BaseController.class.php 第 16 行.
INFO: [ view_parse ] --START--
INFO: [ template_filter ] --START--
INFO: Run Behavior\ContentReplaceBehavior [ RunTime:0.000067s ]
INFO: [ template_filter ] --END-- [ RunTime:0.000162s ]
INFO: Run Behavior\ParseTemplateBehavior [ RunTime:0.206268s ]
INFO: [ view_parse ] --END-- [ RunTime:0.206405s ]
INFO: [ view_filter ] --START--
INFO: Run Behavior\WriteHtmlCacheBehavior [ RunTime:0.032859s ]
INFO: [ view_filter ] --END-- [ RunTime:0.032966s ]

[ 2015-05-20T19:58:56+08:00 ] 127.0.0.1 /thinkshop/index.php?m=Admin&c=Login&a=index
INFO: [ app_init ] --START--
INFO: Run Behavior\BuildLiteBehavior [ RunTime:0.000022s ]
INFO: [ app_init ] --END-- [ RunTime:0.001763s ]
INFO: [ app_begin ] --START--
INFO: Run Behavior\ReadHtmlCacheBehavior [ RunTime:0.005303s ]
INFO: [ app_begin ] --END-- [ RunTime:0.005421s ]
INFO: [ view_parse ] --START--
INFO: [ template_filter ] --START--
INFO: Run Behavior\ContentReplaceBehavior [ RunTime:0.000098s ]
INFO: [ template_filter ] --END-- [ RunTime:0.000216s ]
INFO: Run Behavior\ParseTemplateBehavior [ RunTime:0.104488s ]
INFO: [ view_parse ] --END-- [ RunTime:0.104649s ]
INFO: [ view_filter ] --START--
INFO: Run Behavior\WriteHtmlCacheBehavior [ RunTime:0.006496s ]
INFO: [ view_filter ] --END-- [ RunTime:0.006600s ]
INFO: [ app_end ] --START--
INFO: Run Behavior\ShowPageTraceBehavior [ RunTime:0.028706s ]
INFO: [ app_end ] --END-- [ RunTime:0.028810s ]

[ 2015-05-20T19:58:56+08:00 ] 127.0.0.1 /thinkshop/index.php?m=Admin&c=Login&a=code
INFO: [ app_init ] --START--
INFO: Run Behavior\BuildLiteBehavior [ RunTime:0.000028s ]
INFO: [ app_init ] --END-- [ RunTime:0.002268s ]
INFO: [ app_begin ] --START--
INFO: Run Behavior\ReadHtmlCacheBehavior [ RunTime:0.007481s ]
INFO: [ app_begin ] --END-- [ RunTime:0.007617s ]
INFO: [ app_end ] --START--
INFO: Run Behavior\ShowPageTraceBehavior [ RunTime:0.006356s ]
INFO: [ app_end ] --END-- [ RunTime:0.006508s ]

[ 2015-05-20T19:59:09+08:00 ] 127.0.0.1 /thinkshop/index.php/admin
INFO: [ app_init ] --START--
INFO: Run Behavior\BuildLiteBehavior [ RunTime:0.000022s ]
INFO: [ app_init ] --END-- [ RunTime:0.001816s ]
INFO: [ app_begin ] --START--
INFO: Run Behavior\ReadHtmlCacheBehavior [ RunTime:0.005332s ]
INFO: [ app_begin ] --END-- [ RunTime:0.005426s ]
NOTIC: [8] Undefined index: admin G:\php\htdocs\thinkshop\Application\Admin\Controller\BaseController.class.php 第 16 行.
INFO: [ view_parse ] --START--
INFO: [ template_filter ] --START--
INFO: Run Behavior\ContentReplaceBehavior [ RunTime:0.000069s ]
INFO: [ template_filter ] --END-- [ RunTime:0.000158s ]
INFO: Run Behavior\ParseTemplateBehavior [ RunTime:0.038842s ]
INFO: [ view_parse ] --END-- [ RunTime:0.038940s ]
INFO: [ view_filter ] --START--
INFO: Run Behavior\WriteHtmlCacheBehavior [ RunTime:0.005460s ]
INFO: [ view_filter ] --END-- [ RunTime:0.005543s ]

[ 2015-05-20T19:59:12+08:00 ] 127.0.0.1 /thinkshop/index.php?m=Admin&c=Login&a=index
INFO: [ app_init ] --START--
INFO: Run Behavior\BuildLiteBehavior [ RunTime:0.000025s ]
INFO: [ app_init ] --END-- [ RunTime:0.001830s ]
INFO: [ app_begin ] --START--
INFO: Run Behavior\ReadHtmlCacheBehavior [ RunTime:0.005221s ]
INFO: [ app_begin ] --END-- [ RunTime:0.005323s ]
INFO: [ view_parse ] --START--
INFO: [ template_filter ] --START--
INFO: Run Behavior\ContentReplaceBehavior [ RunTime:0.000087s ]
INFO: [ template_filter ] --END-- [ RunTime:0.000186s ]
INFO: Run Behavior\ParseTemplateBehavior [ RunTime:0.029278s ]
INFO: [ view_parse ] --END-- [ RunTime:0.029384s ]
INFO: [ view_filter ] --START--
INFO: Run Behavior\WriteHtmlCacheBehavior [ RunTime:0.005417s ]
INFO: [ view_filter ] --END-- [ RunTime:0.005507s ]
INFO: [ app_end ] --START--
INFO: Run Behavior\ShowPageTraceBehavior [ RunTime:0.005788s ]
INFO: [ app_end ] --END-- [ RunTime:0.005875s ]

[ 2015-05-20T19:59:13+08:00 ] 127.0.0.1 /thinkshop/index.php?m=Admin&c=Login&a=code
INFO: [ app_init ] --START--
INFO: Run Behavior\BuildLiteBehavior [ RunTime:0.000026s ]
INFO: [ app_init ] --END-- [ RunTime:0.002324s ]
INFO: [ app_begin ] --START--
INFO: Run Behavior\ReadHtmlCacheBehavior [ RunTime:0.006491s ]
INFO: [ app_begin ] --END-- [ RunTime:0.006604s ]
INFO: [ app_end ] --START--
INFO: Run Behavior\ShowPageTraceBehavior [ RunTime:0.006033s ]
INFO: [ app_end ] --END-- [ RunTime:0.006145s ]

[ 2015-05-20T19:59:21+08:00 ] 127.0.0.1 /thinkshop/index.php?m=Admin&c=Login&a=index
INFO: [ app_init ] --START--
INFO: Run Behavior\BuildLiteBehavior [ RunTime:0.000024s ]
INFO: [ app_init ] --END-- [ RunTime:0.001806s ]
INFO: [ app_begin ] --START--
INFO: Run Behavior\ReadHtmlCacheBehavior [ RunTime:0.005170s ]
INFO: [ app_begin ] --END-- [ RunTime:0.005260s ]
INFO: [ view_parse ] --START--
INFO: [ template_filter ] --START--
INFO: Run Behavior\ContentReplaceBehavior [ RunTime:0.000081s ]
INFO: [ template_filter ] --END-- [ RunTime:0.000191s ]
INFO: Run Behavior\ParseTemplateBehavior [ RunTime:0.039964s ]
INFO: [ view_parse ] --END-- [ RunTime:0.040088s ]
INFO: [ view_filter ] --START--
INFO: Run Behavior\WriteHtmlCacheBehavior [ RunTime:0.005740s ]
INFO: [ view_filter ] --END-- [ RunTime:0.005842s ]

[ 2015-05-20T19:59:24+08:00 ] 127.0.0.1 /thinkshop/index.php?m=Admin&c=Login&a=index
INFO: [ app_init ] --START--
INFO: Run Behavior\BuildLiteBehavior [ RunTime:0.000022s ]
INFO: [ app_init ] --END-- [ RunTime:0.001745s ]
INFO: [ app_begin ] --START--
INFO: Run Behavior\ReadHtmlCacheBehavior [ RunTime:0.006036s ]
INFO: [ app_begin ] --END-- [ RunTime:0.006144s ]
INFO: [ view_parse ] --START--
INFO: [ template_filter ] --START--
INFO: Run Behavior\ContentReplaceBehavior [ RunTime:0.000081s ]
INFO: [ template_filter ] --END-- [ RunTime:0.000183s ]
INFO: Run Behavior\ParseTemplateBehavior [ RunTime:0.032175s ]
INFO: [ view_parse ] --END-- [ RunTime:0.032290s ]
INFO: [ view_filter ] --START--
INFO: Run Behavior\WriteHtmlCacheBehavior [ RunTime:0.005456s ]
INFO: [ view_filter ] --END-- [ RunTime:0.005555s ]
INFO: [ app_end ] --START--
INFO: Run Behavior\ShowPageTraceBehavior [ RunTime:0.005790s ]
INFO: [ app_end ] --END-- [ RunTime:0.005881s ]

[ 2015-05-20T19:59:26+08:00 ] 127.0.0.1 /thinkshop/index.php?m=Admin&c=Login&a=code&0.2803713879548013
INFO: [ app_init ] --START--
INFO: Run Behavior\BuildLiteBehavior [ RunTime:0.000021s ]
INFO: [ app_init ] --END-- [ RunTime:0.001748s ]
INFO: [ app_begin ] --START--
INFO: Run Behavior\ReadHtmlCacheBehavior [ RunTime:0.005344s ]
INFO: [ app_begin ] --END-- [ RunTime:0.005442s ]
INFO: [ app_end ] --START--
INFO: Run Behavior\ShowPageTraceBehavior [ RunTime:0.005694s ]
INFO: [ app_end ] --END-- [ RunTime:0.005810s ]

[ 2015-05-20T19:59:35+08:00 ] 127.0.0.1 /thinkshop/index.php?m=Admin&c=Login&a=index
INFO: [ app_init ] --START--
INFO: Run Behavior\BuildLiteBehavior [ RunTime:0.000022s ]
INFO: [ app_init ] --END-- [ RunTime:0.001748s ]
INFO: [ app_begin ] --START--
INFO: Run Behavior\ReadHtmlCacheBehavior [ RunTime:0.005259s ]
INFO: [ app_begin ] --END-- [ RunTime:0.005370s ]
SQL: SHOW COLUMNS FROM `ts_admin` [ RunTime:0.2274s ]
SQL: SELECT * FROM `ts_admin` WHERE `username` = 'admin' LIMIT 1   [ RunTime:0.0106s ]
INFO: [ view_parse ] --START--
INFO: [ template_filter ] --START--
INFO: Run Behavior\ContentReplaceBehavior [ RunTime:0.000091s ]
INFO: [ template_filter ] --END-- [ RunTime:0.000213s ]
INFO: Run Behavior\ParseTemplateBehavior [ RunTime:0.043175s ]
INFO: [ view_parse ] --END-- [ RunTime:0.043386s ]
INFO: [ view_filter ] --START--
INFO: Run Behavior\WriteHtmlCacheBehavior [ RunTime:0.006780s ]
INFO: [ view_filter ] --END-- [ RunTime:0.006884s ]
INFO: [ app_end ] --START--
INFO: Run Behavior\ShowPageTraceBehavior [ RunTime:0.007824s ]
INFO: [ app_end ] --END-- [ RunTime:0.007940s ]

[ 2015-05-20T19:59:36+08:00 ] 127.0.0.1 /thinkshop/index.php?m=Admin&c=index&a=index
INFO: [ app_init ] --START--
INFO: Run Behavior\BuildLiteBehavior [ RunTime:0.000022s ]
INFO: [ app_init ] --END-- [ RunTime:0.001744s ]
INFO: [ app_begin ] --START--
INFO: Run Behavior\ReadHtmlCacheBehavior [ RunTime:0.005240s ]
INFO: [ app_begin ] --END-- [ RunTime:0.005346s ]
INFO: [ view_parse ] --START--
INFO: [ template_filter ] --START--
INFO: Run Behavior\ContentReplaceBehavior [ RunTime:0.000158s ]
INFO: [ template_filter ] --END-- [ RunTime:0.000281s ]
NOTIC: [8] Undefined variable: f G:\php\htdocs\thinkshop\Application\Runtime\Cache\Admin\b595b808c2ebeeeb0478ffc30bb4e87a.php 第 134 行.
NOTIC: [8] Undefined variable: f G:\php\htdocs\thinkshop\Application\Runtime\Cache\Admin\b595b808c2ebeeeb0478ffc30bb4e87a.php 第 134 行.
NOTIC: [8] Undefined variable: f G:\php\htdocs\thinkshop\Application\Runtime\Cache\Admin\b595b808c2ebeeeb0478ffc30bb4e87a.php 第 134 行.
NOTIC: [8] Undefined variable: f G:\php\htdocs\thinkshop\Application\Runtime\Cache\Admin\b595b808c2ebeeeb0478ffc30bb4e87a.php 第 134 行.
NOTIC: [8] Undefined variable: f G:\php\htdocs\thinkshop\Application\Runtime\Cache\Admin\b595b808c2ebeeeb0478ffc30bb4e87a.php 第 135 行.
NOTIC: [8] Undefined variable: f G:\php\htdocs\thinkshop\Application\Runtime\Cache\Admin\b595b808c2ebeeeb0478ffc30bb4e87a.php 第 135 行.
NOTIC: [8] Undefined variable: f G:\php\htdocs\thinkshop\Application\Runtime\Cache\Admin\b595b808c2ebeeeb0478ffc30bb4e87a.php 第 136 行.
INFO: Run Behavior\ParseTemplateBehavior [ RunTime:0.089420s ]
INFO: [ view_parse ] --END-- [ RunTime:0.089561s ]
INFO: [ view_filter ] --START--
INFO: Run Behavior\WriteHtmlCacheBehavior [ RunTime:0.006021s ]
INFO: [ view_filter ] --END-- [ RunTime:0.006112s ]
INFO: [ app_end ] --START--
INFO: Run Behavior\ShowPageTraceBehavior [ RunTime:0.006554s ]
INFO: [ app_end ] --END-- [ RunTime:0.006655s ]

[ 2015-05-20T19:59:37+08:00 ] 127.0.0.1 /thinkshop/index.php?m=Admin&c=Index&a=welcome
INFO: [ app_init ] --START--
INFO: Run Behavior\BuildLiteBehavior [ RunTime:0.000031s ]
INFO: [ app_init ] --END-- [ RunTime:0.002380s ]
INFO: [ app_begin ] --START--
INFO: Run Behavior\ReadHtmlCacheBehavior [ RunTime:0.007164s ]
INFO: [ app_begin ] --END-- [ RunTime:0.007315s ]
INFO: [ view_parse ] --START--
INFO: [ template_filter ] --START--
INFO: Run Behavior\ContentReplaceBehavior [ RunTime:0.000087s ]
INFO: [ template_filter ] --END-- [ RunTime:0.000193s ]
INFO: Run Behavior\ParseTemplateBehavior [ RunTime:0.055929s ]
INFO: [ view_parse ] --END-- [ RunTime:0.056058s ]
INFO: [ view_filter ] --START--
INFO: Run Behavior\WriteHtmlCacheBehavior [ RunTime:0.005684s ]
INFO: [ view_filter ] --END-- [ RunTime:0.005768s ]
INFO: [ app_end ] --START--
INFO: Run Behavior\ShowPageTraceBehavior [ RunTime:0.006116s ]
INFO: [ app_end ] --END-- [ RunTime:0.006207s ]

[ 2015-05-20T19:59:40+08:00 ] 127.0.0.1 /thinkshop/index.php?m=Admin&c=Article&a=index&_=0.24244542908854783
INFO: [ app_init ] --START--
INFO: Run Behavior\BuildLiteBehavior [ RunTime:0.000022s ]
INFO: [ app_init ] --END-- [ RunTime:0.001779s ]
INFO: [ app_begin ] --START--
INFO: Run Behavior\ReadHtmlCacheBehavior [ RunTime:0.005187s ]
INFO: [ app_begin ] --END-- [ RunTime:0.005281s ]
SQL: SHOW COLUMNS FROM `ts_article` [ RunTime:0.0650s ]
SQL: SELECT COUNT(*) AS tp_count FROM `ts_article` LIMIT 1   [ RunTime:0.0266s ]
SQL: SHOW COLUMNS FROM `ts_article` [ RunTime:0.0101s ]
SQL: SELECT a.*,b.name cate_name FROM ts_article a INNER JOIN ts_articleclass b on a.category_id=b.id  ORDER BY a.id desc LIMIT 0,10   [ RunTime:0.0295s ]
SQL: SHOW COLUMNS FROM `ts_articleclass` [ RunTime:0.0100s ]
SQL: SELECT * FROM `ts_articleclass`  [ RunTime:0.0006s ]
INFO: [ view_parse ] --START--
INFO: [ template_filter ] --START--
INFO: Run Behavior\ContentReplaceBehavior [ RunTime:0.000091s ]
INFO: [ template_filter ] --END-- [ RunTime:0.000205s ]
NOTIC: [8] Undefined index: category_id G:\php\htdocs\thinkshop\Application\Runtime\Cache\Admin\7a4184ffe8f804b12b2e7f8851dd8f7d.php 第 29 行.
NOTIC: [8] Undefined index: category_id G:\php\htdocs\thinkshop\Application\Runtime\Cache\Admin\7a4184ffe8f804b12b2e7f8851dd8f7d.php 第 29 行.
INFO: Run Behavior\ParseTemplateBehavior [ RunTime:0.076674s ]
INFO: [ view_parse ] --END-- [ RunTime:0.076803s ]
INFO: [ view_filter ] --START--
INFO: Run Behavior\WriteHtmlCacheBehavior [ RunTime:0.005416s ]
INFO: [ view_filter ] --END-- [ RunTime:0.005502s ]
INFO: [ app_end ] --START--
INFO: Run Behavior\ShowPageTraceBehavior [ RunTime:0.006041s ]
INFO: [ app_end ] --END-- [ RunTime:0.006130s ]

[ 2015-05-20T21:21:46+08:00 ] 127.0.0.1 /thinkshop/index.php?m=Admin&c=Category&a=index&_=0.22817887738347054
INFO: [ app_init ] --START--
INFO: Run Behavior\BuildLiteBehavior [ RunTime:0.000023s ]
INFO: [ app_init ] --END-- [ RunTime:0.002010s ]
INFO: [ app_begin ] --START--
INFO: Run Behavior\ReadHtmlCacheBehavior [ RunTime:0.005785s ]
INFO: [ app_begin ] --END-- [ RunTime:0.005892s ]
NOTIC: [8] Undefined index: admin G:\php\htdocs\thinkshop\Application\Admin\Controller\BaseController.class.php 第 16 行.
INFO: [ view_parse ] --START--
INFO: [ template_filter ] --START--
INFO: Run Behavior\ContentReplaceBehavior [ RunTime:0.000069s ]
INFO: [ template_filter ] --END-- [ RunTime:0.000165s ]
INFO: Run Behavior\ParseTemplateBehavior [ RunTime:0.065146s ]
INFO: [ view_parse ] --END-- [ RunTime:0.065274s ]
INFO: [ view_filter ] --START--
INFO: Run Behavior\WriteHtmlCacheBehavior [ RunTime:0.005807s ]
INFO: [ view_filter ] --END-- [ RunTime:0.005899s ]

[ 2015-05-20T21:21:49+08:00 ] 127.0.0.1 /thinkshop/index.php?m=Admin&c=Login&a=index
INFO: [ app_init ] --START--
INFO: Run Behavior\BuildLiteBehavior [ RunTime:0.000025s ]
INFO: [ app_init ] --END-- [ RunTime:0.002747s ]
INFO: [ app_begin ] --START--
INFO: Run Behavior\ReadHtmlCacheBehavior [ RunTime:0.005561s ]
INFO: [ app_begin ] --END-- [ RunTime:0.005675s ]
INFO: [ view_parse ] --START--
INFO: [ template_filter ] --START--
INFO: Run Behavior\ContentReplaceBehavior [ RunTime:0.000091s ]
INFO: [ template_filter ] --END-- [ RunTime:0.000206s ]
INFO: Run Behavior\ParseTemplateBehavior [ RunTime:0.095679s ]
INFO: [ view_parse ] --END-- [ RunTime:0.095862s ]
INFO: [ view_filter ] --START--
INFO: Run Behavior\WriteHtmlCacheBehavior [ RunTime:0.005869s ]
INFO: [ view_filter ] --END-- [ RunTime:0.005985s ]
INFO: [ app_end ] --START--
INFO: Run Behavior\ShowPageTraceBehavior [ RunTime:0.011305s ]
INFO: [ app_end ] --END-- [ RunTime:0.011424s ]

[ 2015-05-20T21:21:50+08:00 ] 127.0.0.1 /thinkshop/index.php?m=Admin&c=Login&a=code
INFO: [ app_init ] --START--
INFO: Run Behavior\BuildLiteBehavior [ RunTime:0.000029s ]
INFO: [ app_init ] --END-- [ RunTime:0.002389s ]
INFO: [ app_begin ] --START--
INFO: Run Behavior\ReadHtmlCacheBehavior [ RunTime:0.009517s ]
INFO: [ app_begin ] --END-- [ RunTime:0.009690s ]
INFO: [ app_end ] --START--
INFO: Run Behavior\ShowPageTraceBehavior [ RunTime:0.011655s ]
INFO: [ app_end ] --END-- [ RunTime:0.011864s ]

[ 2015-05-20T21:21:52+08:00 ] 127.0.0.1 /thinkshop/index.php?m=Admin&c=Login&a=logout
INFO: [ app_init ] --START--
INFO: Run Behavior\BuildLiteBehavior [ RunTime:0.000025s ]
INFO: [ app_init ] --END-- [ RunTime:0.001979s ]
INFO: [ app_begin ] --START--
INFO: Run Behavior\ReadHtmlCacheBehavior [ RunTime:0.005849s ]
INFO: [ app_begin ] --END-- [ RunTime:0.005968s ]

[ 2015-05-20T21:21:53+08:00 ] 127.0.0.1 /thinkshop/index.php?m=Admin&c=Login&a=index
INFO: [ app_init ] --START--
INFO: Run Behavior\BuildLiteBehavior [ RunTime:0.000032s ]
INFO: [ app_init ] --END-- [ RunTime:0.003771s ]
INFO: [ app_begin ] --START--
INFO: Run Behavior\ReadHtmlCacheBehavior [ RunTime:0.012378s ]
INFO: [ app_begin ] --END-- [ RunTime:0.012610s ]
INFO: [ view_parse ] --START--
INFO: [ template_filter ] --START--
INFO: Run Behavior\ContentReplaceBehavior [ RunTime:0.000142s ]
INFO: [ template_filter ] --END-- [ RunTime:0.000303s ]
INFO: Run Behavior\ParseTemplateBehavior [ RunTime:0.047240s ]
INFO: [ view_parse ] --END-- [ RunTime:0.047386s ]
INFO: [ view_filter ] --START--
INFO: Run Behavior\WriteHtmlCacheBehavior [ RunTime:0.010968s ]
INFO: [ view_filter ] --END-- [ RunTime:0.011129s ]
INFO: [ app_end ] --START--
INFO: Run Behavior\ShowPageTraceBehavior [ RunTime:0.009913s ]
INFO: [ app_end ] --END-- [ RunTime:0.010073s ]

[ 2015-05-20T21:21:53+08:00 ] 127.0.0.1 /thinkshop/index.php?m=Admin&c=Login&a=code
INFO: [ app_init ] --START--
INFO: Run Behavior\BuildLiteBehavior [ RunTime:0.000030s ]
INFO: [ app_init ] --END-- [ RunTime:0.002286s ]
INFO: [ app_begin ] --START--
INFO: Run Behavior\ReadHtmlCacheBehavior [ RunTime:0.009955s ]
INFO: [ app_begin ] --END-- [ RunTime:0.010158s ]
INFO: [ app_end ] --START--
INFO: Run Behavior\ShowPageTraceBehavior [ RunTime:0.010372s ]
INFO: [ app_end ] --END-- [ RunTime:0.010579s ]

[ 2015-05-20T22:10:30+08:00 ] 127.0.0.1 /thinkshop/index.php?m=Admin&c=Login&a=code&0.051186880096793175
INFO: [ app_init ] --START--
INFO: Run Behavior\BuildLiteBehavior [ RunTime:0.000026s ]
INFO: [ app_init ] --END-- [ RunTime:0.003303s ]
INFO: [ app_begin ] --START--
INFO: Run Behavior\ReadHtmlCacheBehavior [ RunTime:0.006876s ]
INFO: [ app_begin ] --END-- [ RunTime:0.007000s ]
INFO: [ app_end ] --START--
INFO: Run Behavior\ShowPageTraceBehavior [ RunTime:0.036349s ]
INFO: [ app_end ] --END-- [ RunTime:0.036642s ]

[ 2015-05-20T22:10:39+08:00 ] 127.0.0.1 /thinkshop/index.php?m=Admin&c=Login&a=index
INFO: [ app_init ] --START--
INFO: Run Behavior\BuildLiteBehavior [ RunTime:0.000021s ]
INFO: [ app_init ] --END-- [ RunTime:0.001941s ]
INFO: [ app_begin ] --START--
INFO: Run Behavior\ReadHtmlCacheBehavior [ RunTime:0.005496s ]
INFO: [ app_begin ] --END-- [ RunTime:0.005601s ]
SQL: SHOW COLUMNS FROM `ts_admin` [ RunTime:0.0396s ]
SQL: SELECT * FROM `ts_admin` WHERE `username` = 'admin' LIMIT 1   [ RunTime:0.0005s ]
INFO: [ view_parse ] --START--
INFO: [ template_filter ] --START--
INFO: Run Behavior\ContentReplaceBehavior [ RunTime:0.000071s ]
INFO: [ template_filter ] --END-- [ RunTime:0.000200s ]
INFO: Run Behavior\ParseTemplateBehavior [ RunTime:0.057913s ]
INFO: [ view_parse ] --END-- [ RunTime:0.058044s ]
INFO: [ view_filter ] --START--
INFO: Run Behavior\WriteHtmlCacheBehavior [ RunTime:0.008072s ]
INFO: [ view_filter ] --END-- [ RunTime:0.008163s ]
INFO: [ app_end ] --START--
INFO: Run Behavior\ShowPageTraceBehavior [ RunTime:0.005643s ]
INFO: [ app_end ] --END-- [ RunTime:0.005729s ]

[ 2015-05-20T22:10:40+08:00 ] 127.0.0.1 /thinkshop/index.php?m=Admin&c=index&a=index
INFO: [ app_init ] --START--
INFO: Run Behavior\BuildLiteBehavior [ RunTime:0.000033s ]
INFO: [ app_init ] --END-- [ RunTime:0.002483s ]
INFO: [ app_begin ] --START--
INFO: Run Behavior\ReadHtmlCacheBehavior [ RunTime:0.006926s ]
INFO: [ app_begin ] --END-- [ RunTime:0.007061s ]
INFO: [ view_parse ] --START--
INFO: [ template_filter ] --START--
INFO: Run Behavior\ContentReplaceBehavior [ RunTime:0.000140s ]
INFO: [ template_filter ] --END-- [ RunTime:0.000251s ]
NOTIC: [8] Undefined variable: f G:\php\htdocs\thinkshop\Application\Runtime\Cache\Admin\b595b808c2ebeeeb0478ffc30bb4e87a.php 第 134 行.
NOTIC: [8] Undefined variable: f G:\php\htdocs\thinkshop\Application\Runtime\Cache\Admin\b595b808c2ebeeeb0478ffc30bb4e87a.php 第 134 行.
NOTIC: [8] Undefined variable: f G:\php\htdocs\thinkshop\Application\Runtime\Cache\Admin\b595b808c2ebeeeb0478ffc30bb4e87a.php 第 134 行.
NOTIC: [8] Undefined variable: f G:\php\htdocs\thinkshop\Application\Runtime\Cache\Admin\b595b808c2ebeeeb0478ffc30bb4e87a.php 第 134 行.
NOTIC: [8] Undefined variable: f G:\php\htdocs\thinkshop\Application\Runtime\Cache\Admin\b595b808c2ebeeeb0478ffc30bb4e87a.php 第 135 行.
NOTIC: [8] Undefined variable: f G:\php\htdocs\thinkshop\Application\Runtime\Cache\Admin\b595b808c2ebeeeb0478ffc30bb4e87a.php 第 135 行.
NOTIC: [8] Undefined variable: f G:\php\htdocs\thinkshop\Application\Runtime\Cache\Admin\b595b808c2ebeeeb0478ffc30bb4e87a.php 第 136 行.
INFO: Run Behavior\ParseTemplateBehavior [ RunTime:0.091020s ]
INFO: [ view_parse ] --END-- [ RunTime:0.091169s ]
INFO: [ view_filter ] --START--
INFO: Run Behavior\WriteHtmlCacheBehavior [ RunTime:0.011452s ]
INFO: [ view_filter ] --END-- [ RunTime:0.011647s ]
INFO: [ app_end ] --START--
INFO: Run Behavior\ShowPageTraceBehavior [ RunTime:0.019245s ]
INFO: [ app_end ] --END-- [ RunTime:0.019433s ]

[ 2015-05-20T22:10:40+08:00 ] 127.0.0.1 /thinkshop/index.php?m=Admin&c=Index&a=welcome
INFO: [ app_init ] --START--
INFO: Run Behavior\BuildLiteBehavior [ RunTime:0.000033s ]
INFO: [ app_init ] --END-- [ RunTime:0.003399s ]
INFO: [ app_begin ] --START--
INFO: Run Behavior\ReadHtmlCacheBehavior [ RunTime:0.007960s ]
INFO: [ app_begin ] --END-- [ RunTime:0.008102s ]
INFO: [ view_parse ] --START--
INFO: [ template_filter ] --START--
INFO: Run Behavior\ContentReplaceBehavior [ RunTime:0.000085s ]
INFO: [ template_filter ] --END-- [ RunTime:0.000186s ]
INFO: Run Behavior\ParseTemplateBehavior [ RunTime:0.082374s ]
INFO: [ view_parse ] --END-- [ RunTime:0.082514s ]
INFO: [ view_filter ] --START--
INFO: Run Behavior\WriteHtmlCacheBehavior [ RunTime:0.006461s ]
INFO: [ view_filter ] --END-- [ RunTime:0.006569s ]
INFO: [ app_end ] --START--
INFO: Run Behavior\ShowPageTraceBehavior [ RunTime:0.005631s ]
INFO: [ app_end ] --END-- [ RunTime:0.005717s ]

[ 2015-05-20T22:10:44+08:00 ] 127.0.0.1 /thinkshop/index.php?m=Admin&c=Article&a=index&_=0.48294649459421635
INFO: [ app_init ] --START--
INFO: Run Behavior\BuildLiteBehavior [ RunTime:0.000022s ]
INFO: [ app_init ] --END-- [ RunTime:0.001767s ]
INFO: [ app_begin ] --START--
INFO: Run Behavior\ReadHtmlCacheBehavior [ RunTime:0.005192s ]
INFO: [ app_begin ] --END-- [ RunTime:0.005289s ]
SQL: SHOW COLUMNS FROM `ts_article` [ RunTime:0.0644s ]
SQL: SELECT COUNT(*) AS tp_count FROM `ts_article` LIMIT 1   [ RunTime:0.0017s ]
SQL: SHOW COLUMNS FROM `ts_article` [ RunTime:0.0165s ]
SQL: SELECT a.*,b.name cate_name FROM ts_article a INNER JOIN ts_articleclass b on a.category_id=b.id  ORDER BY a.id desc LIMIT 0,10   [ RunTime:0.0685s ]
SQL: SHOW COLUMNS FROM `ts_articleclass` [ RunTime:0.0121s ]
SQL: SELECT * FROM `ts_articleclass`  [ RunTime:0.0004s ]
INFO: [ view_parse ] --START--
INFO: [ template_filter ] --START--
INFO: Run Behavior\ContentReplaceBehavior [ RunTime:0.000088s ]
INFO: [ template_filter ] --END-- [ RunTime:0.000197s ]
NOTIC: [8] Undefined index: category_id G:\php\htdocs\thinkshop\Application\Runtime\Cache\Admin\7a4184ffe8f804b12b2e7f8851dd8f7d.php 第 29 行.
NOTIC: [8] Undefined index: category_id G:\php\htdocs\thinkshop\Application\Runtime\Cache\Admin\7a4184ffe8f804b12b2e7f8851dd8f7d.php 第 29 行.
INFO: Run Behavior\ParseTemplateBehavior [ RunTime:0.063585s ]
INFO: [ view_parse ] --END-- [ RunTime:0.063700s ]
INFO: [ view_filter ] --START--
INFO: Run Behavior\WriteHtmlCacheBehavior [ RunTime:0.006640s ]
INFO: [ view_filter ] --END-- [ RunTime:0.006736s ]
INFO: [ app_end ] --START--
INFO: Run Behavior\ShowPageTraceBehavior [ RunTime:0.005725s ]
INFO: [ app_end ] --END-- [ RunTime:0.005835s ]

[ 2015-05-20T22:14:27+08:00 ] 127.0.0.1 /thinkshop/index.php?m=Admin&c=Goods&a=index&_=0.6317145635839552
INFO: [ app_init ] --START--
INFO: Run Behavior\BuildLiteBehavior [ RunTime:0.000022s ]
INFO: [ app_init ] --END-- [ RunTime:0.001841s ]
INFO: [ app_begin ] --START--
INFO: Run Behavior\ReadHtmlCacheBehavior [ RunTime:0.005394s ]
INFO: [ app_begin ] --END-- [ RunTime:0.005495s ]
SQL: SHOW COLUMNS FROM `ts_goods` [ RunTime:0.1833s ]
SQL: SELECT COUNT(*) AS tp_count FROM `ts_goods` LIMIT 1   [ RunTime:0.0011s ]
SQL: SHOW COLUMNS FROM `ts_goods` [ RunTime:0.0192s ]
SQL: SELECT a.*,b.name cate_name FROM ts_goods a INNER JOIN ts_category b on a.category_id=b.id  ORDER BY a.id desc LIMIT 0,10   [ RunTime:0.0634s ]
SQL: SHOW COLUMNS FROM `ts_category` [ RunTime:0.0160s ]
SQL: SELECT * FROM `ts_category`  [ RunTime:0.0007s ]
INFO: [ view_parse ] --START--
INFO: [ template_filter ] --START--
INFO: Run Behavior\ContentReplaceBehavior [ RunTime:0.000086s ]
INFO: [ template_filter ] --END-- [ RunTime:0.000183s ]
NOTIC: [8] Undefined index: category_id G:\php\htdocs\thinkshop\Application\Runtime\Cache\Admin\7460c3bd08e8aaf3e719467d6ea19bd3.php 第 29 行.
NOTIC: [8] Undefined index: category_id G:\php\htdocs\thinkshop\Application\Runtime\Cache\Admin\7460c3bd08e8aaf3e719467d6ea19bd3.php 第 29 行.
INFO: Run Behavior\ParseTemplateBehavior [ RunTime:0.046528s ]
INFO: [ view_parse ] --END-- [ RunTime:0.046652s ]
INFO: [ view_filter ] --START--
INFO: Run Behavior\WriteHtmlCacheBehavior [ RunTime:0.005378s ]
INFO: [ view_filter ] --END-- [ RunTime:0.005469s ]
INFO: [ app_end ] --START--
INFO: Run Behavior\ShowPageTraceBehavior [ RunTime:0.005330s ]
INFO: [ app_end ] --END-- [ RunTime:0.005421s ]

[ 2015-05-20T22:14:31+08:00 ] 127.0.0.1 /thinkshop/index.php?m=Admin&c=Goods&a=update&id=8
INFO: [ app_init ] --START--
INFO: Run Behavior\BuildLiteBehavior [ RunTime:0.000024s ]
INFO: [ app_init ] --END-- [ RunTime:0.001879s ]
INFO: [ app_begin ] --START--
INFO: Run Behavior\ReadHtmlCacheBehavior [ RunTime:0.005141s ]
INFO: [ app_begin ] --END-- [ RunTime:0.005236s ]
SQL: SHOW COLUMNS FROM `ts_goods` [ RunTime:0.0246s ]
SQL: SELECT * FROM `ts_goods` WHERE `id` = 8 LIMIT 1   [ RunTime:0.0010s ]
SQL: SHOW COLUMNS FROM `ts_category` [ RunTime:0.0122s ]
SQL: SELECT * FROM `ts_category`  [ RunTime:0.0006s ]
SQL: SHOW COLUMNS FROM `ts_brand` [ RunTime:0.0466s ]
NOTIC: [2] Missing argument 1 for Admin\Model\BrandModel::getAll(), called in G:\php\htdocs\thinkshop\Application\Admin\Controller\GoodsController.class.php on line 155 and defined G:\php\htdocs\thinkshop\Application\Admin\Model\BrandModel.class.php 第 26 行.
NOTIC: [8] Undefined variable: condition G:\php\htdocs\thinkshop\Application\Admin\Model\BrandModel.class.php 第 27 行.
SQL: SELECT * FROM `ts_brand`  [ RunTime:0.0009s ]
SQL: SHOW COLUMNS FROM `ts_type` [ RunTime:0.0513s ]
SQL: SELECT * FROM `ts_type`  [ RunTime:0.0013s ]
INFO: [ view_parse ] --START--
INFO: [ template_filter ] --START--
INFO: Run Behavior\ContentReplaceBehavior [ RunTime:0.000242s ]
INFO: [ template_filter ] --END-- [ RunTime:0.000372s ]
INFO: Run Behavior\ParseTemplateBehavior [ RunTime:0.109123s ]
INFO: [ view_parse ] --END-- [ RunTime:0.109260s ]
INFO: [ view_filter ] --START--
INFO: Run Behavior\WriteHtmlCacheBehavior [ RunTime:0.005189s ]
INFO: [ view_filter ] --END-- [ RunTime:0.005268s ]
INFO: [ app_end ] --START--
INFO: Run Behavior\ShowPageTraceBehavior [ RunTime:0.011573s ]
INFO: [ app_end ] --END-- [ RunTime:0.011683s ]

[ 2015-05-20T22:14:33+08:00 ] 127.0.0.1 /thinkshop/index.php?m=Admin&c=Attribute&a=ajaxType&type_id=2&goods_id=8
INFO: [ app_init ] --START--
INFO: Run Behavior\BuildLiteBehavior [ RunTime:0.000031s ]
INFO: [ app_init ] --END-- [ RunTime:0.002407s ]
INFO: [ app_begin ] --START--
INFO: Run Behavior\ReadHtmlCacheBehavior [ RunTime:0.007327s ]
INFO: [ app_begin ] --END-- [ RunTime:0.007463s ]
SQL: SHOW COLUMNS FROM `ts_attribute` [ RunTime:0.0755s ]
SQL: SELECT * FROM `ts_attribute` WHERE `type_id` = 2  [ RunTime:0.0337s ]
SQL: SHOW COLUMNS FROM `ts_goods_attr` [ RunTime:0.1384s ]
SQL: SELECT * FROM `ts_goods_attr` WHERE `goods_id` = 8 AND `attribute_id` = 2 LIMIT 1   [ RunTime:0.0345s ]
SQL: SELECT * FROM `ts_goods_attr` WHERE `goods_id` = 8 AND `attribute_id` = 3 LIMIT 1   [ RunTime:0.0013s ]
SQL: SELECT * FROM `ts_goods_attr` WHERE `goods_id` = 8 AND `attribute_id` = 4 LIMIT 1   [ RunTime:0.0011s ]

[ 2015-05-20T22:19:08+08:00 ] 127.0.0.1 /thinkshop/index.php?m=Admin&c=Article&a=update&id=5
INFO: [ app_init ] --START--
INFO: Run Behavior\BuildLiteBehavior [ RunTime:0.000022s ]
INFO: [ app_init ] --END-- [ RunTime:0.001753s ]
INFO: [ app_begin ] --START--
INFO: Run Behavior\ReadHtmlCacheBehavior [ RunTime:0.005711s ]
INFO: [ app_begin ] --END-- [ RunTime:0.005819s ]
SQL: SHOW COLUMNS FROM `ts_article` [ RunTime:0.0248s ]
SQL: SELECT * FROM `ts_article` WHERE `id` = 5 LIMIT 1   [ RunTime:0.0010s ]
SQL: SHOW COLUMNS FROM `ts_articleclass` [ RunTime:0.0148s ]
SQL: SELECT * FROM `ts_articleclass`  [ RunTime:0.0005s ]
INFO: [ view_parse ] --START--
INFO: [ template_filter ] --START--
INFO: Run Behavior\ContentReplaceBehavior [ RunTime:0.000091s ]
INFO: [ template_filter ] --END-- [ RunTime:0.000181s ]
INFO: Run Behavior\ParseTemplateBehavior [ RunTime:0.056537s ]
INFO: [ view_parse ] --END-- [ RunTime:0.056644s ]
INFO: [ view_filter ] --START--
INFO: Run Behavior\WriteHtmlCacheBehavior [ RunTime:0.004874s ]
INFO: [ view_filter ] --END-- [ RunTime:0.004949s ]
INFO: [ app_end ] --START--
INFO: Run Behavior\ShowPageTraceBehavior [ RunTime:0.005293s ]
INFO: [ app_end ] --END-- [ RunTime:0.005372s ]

