[ 2015-06-10T20:56:20+08:00 ] 127.0.0.1 /thinkshop/index.php/admin
INFO: [ app_init ] --START--
INFO: Run Behavior\BuildLiteBehavior [ RunTime:0.000023s ]
INFO: [ app_init ] --END-- [ RunTime:0.002441s ]
INFO: [ app_begin ] --START--
INFO: Run Behavior\ReadHtmlCacheBehavior [ RunTime:0.006777s ]
INFO: [ app_begin ] --END-- [ RunTime:0.006890s ]
NOTIC: [8] Undefined index: admin G:\php\htdocs\thinkshop\Application\Admin\Controller\BaseController.class.php 第 16 行.
INFO: [ view_parse ] --START--
INFO: [ template_filter ] --START--
INFO: Run Behavior\ContentReplaceBehavior [ RunTime:0.000112s ]
INFO: [ template_filter ] --END-- [ RunTime:0.000269s ]
INFO: Run Behavior\ParseTemplateBehavior [ RunTime:0.173836s ]
INFO: [ view_parse ] --END-- [ RunTime:0.174011s ]
INFO: [ view_filter ] --START--
INFO: Run Behavior\WriteHtmlCacheBehavior [ RunTime:0.020180s ]
INFO: [ view_filter ] --END-- [ RunTime:0.020400s ]

[ 2015-06-10T20:56:24+08:00 ] 127.0.0.1 /thinkshop/index.php?m=Admin&c=Login&a=index
INFO: [ app_init ] --START--
INFO: Run Behavior\BuildLiteBehavior [ RunTime:0.000025s ]
INFO: [ app_init ] --END-- [ RunTime:0.001886s ]
INFO: [ app_begin ] --START--
INFO: Run Behavior\ReadHtmlCacheBehavior [ RunTime:0.005525s ]
INFO: [ app_begin ] --END-- [ RunTime:0.005652s ]
INFO: [ view_parse ] --START--
INFO: [ template_filter ] --START--
INFO: Run Behavior\ContentReplaceBehavior [ RunTime:0.000087s ]
INFO: [ template_filter ] --END-- [ RunTime:0.000195s ]
INFO: Run Behavior\ParseTemplateBehavior [ RunTime:0.090186s ]
INFO: [ view_parse ] --END-- [ RunTime:0.090439s ]
INFO: [ view_filter ] --START--
INFO: Run Behavior\WriteHtmlCacheBehavior [ RunTime:0.005275s ]
INFO: [ view_filter ] --END-- [ RunTime:0.005360s ]
INFO: [ app_end ] --START--
INFO: Run Behavior\ShowPageTraceBehavior [ RunTime:0.021818s ]
INFO: [ app_end ] --END-- [ RunTime:0.021946s ]

[ 2015-06-10T20:56:25+08:00 ] 127.0.0.1 /thinkshop/index.php?m=Admin&c=Login&a=code
INFO: [ app_init ] --START--
INFO: Run Behavior\BuildLiteBehavior [ RunTime:0.000023s ]
INFO: [ app_init ] --END-- [ RunTime:0.001885s ]
INFO: [ app_begin ] --START--
INFO: Run Behavior\ReadHtmlCacheBehavior [ RunTime:0.006229s ]
INFO: [ app_begin ] --END-- [ RunTime:0.006644s ]
INFO: [ app_end ] --START--
INFO: Run Behavior\ShowPageTraceBehavior [ RunTime:0.015566s ]
INFO: [ app_end ] --END-- [ RunTime:0.015975s ]

[ 2015-06-10T20:56:33+08:00 ] 127.0.0.1 /thinkshop/index.php?m=Admin&c=Login&a=code&0.18639546004123986
INFO: [ app_init ] --START--
INFO: Run Behavior\BuildLiteBehavior [ RunTime:0.000021s ]
INFO: [ app_init ] --END-- [ RunTime:0.001747s ]
INFO: [ app_begin ] --START--
INFO: Run Behavior\ReadHtmlCacheBehavior [ RunTime:0.005400s ]
INFO: [ app_begin ] --END-- [ RunTime:0.005510s ]
INFO: [ app_end ] --START--
INFO: Run Behavior\ShowPageTraceBehavior [ RunTime:0.006077s ]
INFO: [ app_end ] --END-- [ RunTime:0.006218s ]

[ 2015-06-10T20:56:46+08:00 ] 127.0.0.1 /thinkshop/index.php?m=Admin&c=Login&a=index
INFO: [ app_init ] --START--
INFO: Run Behavior\BuildLiteBehavior [ RunTime:0.000024s ]
INFO: [ app_init ] --END-- [ RunTime:0.001839s ]
INFO: [ app_begin ] --START--
INFO: Run Behavior\ReadHtmlCacheBehavior [ RunTime:0.005273s ]
INFO: [ app_begin ] --END-- [ RunTime:0.005368s ]
SQL: SHOW COLUMNS FROM `ts_admin` [ RunTime:0.1607s ]
SQL: SELECT * FROM `ts_admin` WHERE `username` = 'admin' LIMIT 1   [ RunTime:0.0583s ]
INFO: [ view_parse ] --START--
INFO: [ template_filter ] --START--
INFO: Run Behavior\ContentReplaceBehavior [ RunTime:0.000076s ]
INFO: [ template_filter ] --END-- [ RunTime:0.000180s ]
INFO: Run Behavior\ParseTemplateBehavior [ RunTime:0.079796s ]
INFO: [ view_parse ] --END-- [ RunTime:0.080018s ]
INFO: [ view_filter ] --START--
INFO: Run Behavior\WriteHtmlCacheBehavior [ RunTime:0.005602s ]
INFO: [ view_filter ] --END-- [ RunTime:0.005690s ]
INFO: [ app_end ] --START--
INFO: Run Behavior\ShowPageTraceBehavior [ RunTime:0.005869s ]
INFO: [ app_end ] --END-- [ RunTime:0.005952s ]

[ 2015-06-10T20:56:48+08:00 ] 127.0.0.1 /thinkshop/index.php?m=Admin&c=index&a=index
INFO: [ app_init ] --START--
INFO: Run Behavior\BuildLiteBehavior [ RunTime:0.000022s ]
INFO: [ app_init ] --END-- [ RunTime:0.001773s ]
INFO: [ app_begin ] --START--
INFO: Run Behavior\ReadHtmlCacheBehavior [ RunTime:0.005322s ]
INFO: [ app_begin ] --END-- [ RunTime:0.005431s ]
INFO: [ view_parse ] --START--
INFO: [ template_filter ] --START--
INFO: Run Behavior\ContentReplaceBehavior [ RunTime:0.000125s ]
INFO: [ template_filter ] --END-- [ RunTime:0.000221s ]
NOTIC: [8] Undefined variable: f G:\php\htdocs\thinkshop\Application\Runtime\Cache\Admin\e419180f8cc01cd4b1e9ac79c26290f7.php 第 138 行.
NOTIC: [8] Undefined variable: f G:\php\htdocs\thinkshop\Application\Runtime\Cache\Admin\e419180f8cc01cd4b1e9ac79c26290f7.php 第 138 行.
NOTIC: [8] Undefined variable: f G:\php\htdocs\thinkshop\Application\Runtime\Cache\Admin\e419180f8cc01cd4b1e9ac79c26290f7.php 第 138 行.
NOTIC: [8] Undefined variable: f G:\php\htdocs\thinkshop\Application\Runtime\Cache\Admin\e419180f8cc01cd4b1e9ac79c26290f7.php 第 138 行.
NOTIC: [8] Undefined variable: f G:\php\htdocs\thinkshop\Application\Runtime\Cache\Admin\e419180f8cc01cd4b1e9ac79c26290f7.php 第 139 行.
NOTIC: [8] Undefined variable: f G:\php\htdocs\thinkshop\Application\Runtime\Cache\Admin\e419180f8cc01cd4b1e9ac79c26290f7.php 第 139 行.
NOTIC: [8] Undefined variable: f G:\php\htdocs\thinkshop\Application\Runtime\Cache\Admin\e419180f8cc01cd4b1e9ac79c26290f7.php 第 140 行.
INFO: Run Behavior\ParseTemplateBehavior [ RunTime:0.039069s ]
INFO: [ view_parse ] --END-- [ RunTime:0.039167s ]
INFO: [ view_filter ] --START--
INFO: Run Behavior\WriteHtmlCacheBehavior [ RunTime:0.004965s ]
INFO: [ view_filter ] --END-- [ RunTime:0.005041s ]
INFO: [ app_end ] --START--
INFO: Run Behavior\ShowPageTraceBehavior [ RunTime:0.005352s ]
INFO: [ app_end ] --END-- [ RunTime:0.005434s ]

[ 2015-06-10T20:56:48+08:00 ] 127.0.0.1 /thinkshop/index.php?m=Admin&c=Index&a=welcome
INFO: [ app_init ] --START--
INFO: Run Behavior\BuildLiteBehavior [ RunTime:0.000025s ]
INFO: [ app_init ] --END-- [ RunTime:0.002018s ]
INFO: [ app_begin ] --START--
INFO: Run Behavior\ReadHtmlCacheBehavior [ RunTime:0.005650s ]
INFO: [ app_begin ] --END-- [ RunTime:0.005760s ]
INFO: [ view_parse ] --START--
INFO: [ template_filter ] --START--
INFO: Run Behavior\ContentReplaceBehavior [ RunTime:0.000080s ]
INFO: [ template_filter ] --END-- [ RunTime:0.000178s ]
INFO: Run Behavior\ParseTemplateBehavior [ RunTime:0.067333s ]
INFO: [ view_parse ] --END-- [ RunTime:0.067438s ]
INFO: [ view_filter ] --START--
INFO: Run Behavior\WriteHtmlCacheBehavior [ RunTime:0.006108s ]
INFO: [ view_filter ] --END-- [ RunTime:0.006225s ]
INFO: [ app_end ] --START--
INFO: Run Behavior\ShowPageTraceBehavior [ RunTime:0.006056s ]
INFO: [ app_end ] --END-- [ RunTime:0.006157s ]

[ 2015-06-10T20:56:52+08:00 ] 127.0.0.1 /thinkshop/index.php?m=Admin&c=Category&a=index&_=0.11811935133300722
INFO: [ app_init ] --START--
INFO: Run Behavior\BuildLiteBehavior [ RunTime:0.000026s ]
INFO: [ app_init ] --END-- [ RunTime:0.001864s ]
INFO: [ app_begin ] --START--
INFO: Run Behavior\ReadHtmlCacheBehavior [ RunTime:0.005324s ]
INFO: [ app_begin ] --END-- [ RunTime:0.005427s ]
SQL: SHOW COLUMNS FROM `ts_category` [ RunTime:0.0587s ]
SQL: SELECT COUNT(*) AS tp_count FROM `ts_category` LIMIT 1   [ RunTime:0.0757s ]
SQL: SELECT * FROM `ts_category` ORDER BY sort asc LIMIT 0,100   [ RunTime:0.0259s ]
INFO: [ view_parse ] --START--
INFO: [ template_filter ] --START--
INFO: Run Behavior\ContentReplaceBehavior [ RunTime:0.000107s ]
INFO: [ template_filter ] --END-- [ RunTime:0.000253s ]
INFO: Run Behavior\ParseTemplateBehavior [ RunTime:0.086220s ]
INFO: [ view_parse ] --END-- [ RunTime:0.086364s ]
INFO: [ view_filter ] --START--
INFO: Run Behavior\WriteHtmlCacheBehavior [ RunTime:0.007265s ]
INFO: [ view_filter ] --END-- [ RunTime:0.007382s ]
INFO: [ app_end ] --START--
INFO: Run Behavior\ShowPageTraceBehavior [ RunTime:0.008520s ]
INFO: [ app_end ] --END-- [ RunTime:0.008680s ]

[ 2015-06-10T20:56:58+08:00 ] 127.0.0.1 /thinkshop/index.php?m=Admin&c=Category&a=add
INFO: [ app_init ] --START--
INFO: Run Behavior\BuildLiteBehavior [ RunTime:0.000022s ]
INFO: [ app_init ] --END-- [ RunTime:0.001819s ]
INFO: [ app_begin ] --START--
INFO: Run Behavior\ReadHtmlCacheBehavior [ RunTime:0.005351s ]
INFO: [ app_begin ] --END-- [ RunTime:0.005462s ]
SQL: SHOW COLUMNS FROM `ts_category` [ RunTime:0.0249s ]
SQL: SELECT * FROM `ts_category`  [ RunTime:0.0017s ]
INFO: [ view_parse ] --START--
INFO: [ template_filter ] --START--
INFO: Run Behavior\ContentReplaceBehavior [ RunTime:0.000088s ]
INFO: [ template_filter ] --END-- [ RunTime:0.000187s ]
INFO: Run Behavior\ParseTemplateBehavior [ RunTime:0.062119s ]
INFO: [ view_parse ] --END-- [ RunTime:0.062260s ]
INFO: [ view_filter ] --START--
INFO: Run Behavior\WriteHtmlCacheBehavior [ RunTime:0.005477s ]
INFO: [ view_filter ] --END-- [ RunTime:0.005563s ]
INFO: [ app_end ] --START--
INFO: Run Behavior\ShowPageTraceBehavior [ RunTime:0.005880s ]
INFO: [ app_end ] --END-- [ RunTime:0.005966s ]

[ 2015-06-10T20:57:14+08:00 ] 127.0.0.1 /thinkshop/index.php?m=Admin&c=Category&a=add
INFO: [ app_init ] --START--
INFO: Run Behavior\BuildLiteBehavior [ RunTime:0.000021s ]
INFO: [ app_init ] --END-- [ RunTime:0.001844s ]
INFO: [ app_begin ] --START--
INFO: Run Behavior\ReadHtmlCacheBehavior [ RunTime:0.005754s ]
INFO: [ app_begin ] --END-- [ RunTime:0.005863s ]
SQL: SHOW COLUMNS FROM `ts_category` [ RunTime:0.0129s ]
SQL: SELECT * FROM `ts_category` WHERE `name` = '小麦明星单品' LIMIT 1   [ RunTime:0.0008s ]
SQL: INSERT INTO `ts_category` (`name`,`sort`,`parent_id`) VALUES ('小麦明星单品','0','0') [ RunTime:1.3079s ]
INFO: [ view_parse ] --START--
INFO: [ template_filter ] --START--
INFO: Run Behavior\ContentReplaceBehavior [ RunTime:0.000067s ]
INFO: [ template_filter ] --END-- [ RunTime:0.000157s ]
INFO: Run Behavior\ParseTemplateBehavior [ RunTime:0.035423s ]
INFO: [ view_parse ] --END-- [ RunTime:0.035562s ]
INFO: [ view_filter ] --START--
INFO: Run Behavior\WriteHtmlCacheBehavior [ RunTime:0.005034s ]
INFO: [ view_filter ] --END-- [ RunTime:0.005126s ]
INFO: [ app_end ] --START--
INFO: Run Behavior\ShowPageTraceBehavior [ RunTime:0.005479s ]
INFO: [ app_end ] --END-- [ RunTime:0.005572s ]

[ 2015-06-10T20:57:16+08:00 ] 127.0.0.1 /thinkshop/index.php?m=Admin&c=Category&a=index
INFO: [ app_init ] --START--
INFO: Run Behavior\BuildLiteBehavior [ RunTime:0.000023s ]
INFO: [ app_init ] --END-- [ RunTime:0.001847s ]
INFO: [ app_begin ] --START--
INFO: Run Behavior\ReadHtmlCacheBehavior [ RunTime:0.005303s ]
INFO: [ app_begin ] --END-- [ RunTime:0.005403s ]
SQL: SHOW COLUMNS FROM `ts_category` [ RunTime:0.0273s ]
SQL: SELECT COUNT(*) AS tp_count FROM `ts_category` LIMIT 1   [ RunTime:0.0010s ]
SQL: SELECT * FROM `ts_category` ORDER BY sort asc LIMIT 0,100   [ RunTime:0.0010s ]
INFO: [ view_parse ] --START--
INFO: [ template_filter ] --START--
INFO: Run Behavior\ContentReplaceBehavior [ RunTime:0.000077s ]
INFO: [ template_filter ] --END-- [ RunTime:0.000181s ]
INFO: Run Behavior\ParseTemplateBehavior [ RunTime:0.038481s ]
INFO: [ view_parse ] --END-- [ RunTime:0.038585s ]
INFO: [ view_filter ] --START--
INFO: Run Behavior\WriteHtmlCacheBehavior [ RunTime:0.005122s ]
INFO: [ view_filter ] --END-- [ RunTime:0.005204s ]
INFO: [ app_end ] --START--
INFO: Run Behavior\ShowPageTraceBehavior [ RunTime:0.006011s ]
INFO: [ app_end ] --END-- [ RunTime:0.006118s ]

[ 2015-06-10T20:57:25+08:00 ] 127.0.0.1 /thinkshop/index.php?m=Admin&c=Goods&a=index&_=0.4599452200345695
INFO: [ app_init ] --START--
INFO: Run Behavior\BuildLiteBehavior [ RunTime:0.000022s ]
INFO: [ app_init ] --END-- [ RunTime:0.001780s ]
INFO: [ app_begin ] --START--
INFO: Run Behavior\ReadHtmlCacheBehavior [ RunTime:0.005285s ]
INFO: [ app_begin ] --END-- [ RunTime:0.005376s ]
SQL: SHOW COLUMNS FROM `ts_goods` [ RunTime:0.1228s ]
SQL: SELECT COUNT(*) AS tp_count FROM `ts_goods` LIMIT 1   [ RunTime:0.0014s ]
SQL: SHOW COLUMNS FROM `ts_goods` [ RunTime:0.0166s ]
SQL: SELECT a.*,b.name cate_name FROM ts_goods a INNER JOIN ts_category b on a.category_id=b.id  ORDER BY a.id desc LIMIT 0,10   [ RunTime:0.0482s ]
SQL: SHOW COLUMNS FROM `ts_category` [ RunTime:0.0155s ]
SQL: SELECT * FROM `ts_category`  [ RunTime:0.0010s ]
INFO: [ view_parse ] --START--
INFO: [ template_filter ] --START--
INFO: Run Behavior\ContentReplaceBehavior [ RunTime:0.000100s ]
INFO: [ template_filter ] --END-- [ RunTime:0.000338s ]
NOTIC: [8] Undefined index: category_id G:\php\htdocs\thinkshop\Application\Runtime\Cache\Admin\fdec28ecca84773739c73c9905879c57.php 第 29 行.
NOTIC: [8] Undefined index: category_id G:\php\htdocs\thinkshop\Application\Runtime\Cache\Admin\fdec28ecca84773739c73c9905879c57.php 第 29 行.
NOTIC: [8] Undefined index: category_id G:\php\htdocs\thinkshop\Application\Runtime\Cache\Admin\fdec28ecca84773739c73c9905879c57.php 第 29 行.
NOTIC: [8] Undefined index: category_id G:\php\htdocs\thinkshop\Application\Runtime\Cache\Admin\fdec28ecca84773739c73c9905879c57.php 第 29 行.
NOTIC: [8] Undefined index: category_id G:\php\htdocs\thinkshop\Application\Runtime\Cache\Admin\fdec28ecca84773739c73c9905879c57.php 第 29 行.
NOTIC: [8] Undefined index: category_id G:\php\htdocs\thinkshop\Application\Runtime\Cache\Admin\fdec28ecca84773739c73c9905879c57.php 第 29 行.
NOTIC: [8] Undefined index: category_id G:\php\htdocs\thinkshop\Application\Runtime\Cache\Admin\fdec28ecca84773739c73c9905879c57.php 第 29 行.
NOTIC: [8] Undefined index: category_id G:\php\htdocs\thinkshop\Application\Runtime\Cache\Admin\fdec28ecca84773739c73c9905879c57.php 第 29 行.
NOTIC: [8] Undefined index: category_id G:\php\htdocs\thinkshop\Application\Runtime\Cache\Admin\fdec28ecca84773739c73c9905879c57.php 第 29 行.
NOTIC: [8] Undefined index: category_id G:\php\htdocs\thinkshop\Application\Runtime\Cache\Admin\fdec28ecca84773739c73c9905879c57.php 第 29 行.
NOTIC: [8] Undefined index: category_id G:\php\htdocs\thinkshop\Application\Runtime\Cache\Admin\fdec28ecca84773739c73c9905879c57.php 第 29 行.
NOTIC: [8] Undefined index: category_id G:\php\htdocs\thinkshop\Application\Runtime\Cache\Admin\fdec28ecca84773739c73c9905879c57.php 第 29 行.
NOTIC: [8] Undefined index: category_id G:\php\htdocs\thinkshop\Application\Runtime\Cache\Admin\fdec28ecca84773739c73c9905879c57.php 第 29 行.
NOTIC: [8] Undefined index: category_id G:\php\htdocs\thinkshop\Application\Runtime\Cache\Admin\fdec28ecca84773739c73c9905879c57.php 第 29 行.
NOTIC: [8] Undefined index: category_id G:\php\htdocs\thinkshop\Application\Runtime\Cache\Admin\fdec28ecca84773739c73c9905879c57.php 第 29 行.
NOTIC: [8] Undefined index: category_id G:\php\htdocs\thinkshop\Application\Runtime\Cache\Admin\fdec28ecca84773739c73c9905879c57.php 第 29 行.
NOTIC: [8] Undefined index: category_id G:\php\htdocs\thinkshop\Application\Runtime\Cache\Admin\fdec28ecca84773739c73c9905879c57.php 第 29 行.
NOTIC: [8] Undefined index: category_id G:\php\htdocs\thinkshop\Application\Runtime\Cache\Admin\fdec28ecca84773739c73c9905879c57.php 第 29 行.
NOTIC: [8] Undefined index: category_id G:\php\htdocs\thinkshop\Application\Runtime\Cache\Admin\fdec28ecca84773739c73c9905879c57.php 第 29 行.
NOTIC: [8] Undefined index: category_id G:\php\htdocs\thinkshop\Application\Runtime\Cache\Admin\fdec28ecca84773739c73c9905879c57.php 第 29 行.
NOTIC: [8] Undefined index: category_id G:\php\htdocs\thinkshop\Application\Runtime\Cache\Admin\fdec28ecca84773739c73c9905879c57.php 第 29 行.
NOTIC: [8] Undefined index: category_id G:\php\htdocs\thinkshop\Application\Runtime\Cache\Admin\fdec28ecca84773739c73c9905879c57.php 第 29 行.
NOTIC: [8] Undefined index: category_id G:\php\htdocs\thinkshop\Application\Runtime\Cache\Admin\fdec28ecca84773739c73c9905879c57.php 第 29 行.
NOTIC: [8] Undefined index: category_id G:\php\htdocs\thinkshop\Application\Runtime\Cache\Admin\fdec28ecca84773739c73c9905879c57.php 第 29 行.
NOTIC: [8] Undefined index: category_id G:\php\htdocs\thinkshop\Application\Runtime\Cache\Admin\fdec28ecca84773739c73c9905879c57.php 第 29 行.
NOTIC: [8] Undefined index: category_id G:\php\htdocs\thinkshop\Application\Runtime\Cache\Admin\fdec28ecca84773739c73c9905879c57.php 第 29 行.
NOTIC: [8] Undefined index: category_id G:\php\htdocs\thinkshop\Application\Runtime\Cache\Admin\fdec28ecca84773739c73c9905879c57.php 第 29 行.
NOTIC: [8] Undefined index: category_id G:\php\htdocs\thinkshop\Application\Runtime\Cache\Admin\fdec28ecca84773739c73c9905879c57.php 第 29 行.
NOTIC: [8] Undefined index: category_id G:\php\htdocs\thinkshop\Application\Runtime\Cache\Admin\fdec28ecca84773739c73c9905879c57.php 第 29 行.
NOTIC: [8] Undefined index: category_id G:\php\htdocs\thinkshop\Application\Runtime\Cache\Admin\fdec28ecca84773739c73c9905879c57.php 第 29 行.
INFO: Run Behavior\ParseTemplateBehavior [ RunTime:0.074379s ]
INFO: [ view_parse ] --END-- [ RunTime:0.074480s ]
INFO: [ view_filter ] --START--
INFO: Run Behavior\WriteHtmlCacheBehavior [ RunTime:0.005094s ]
INFO: [ view_filter ] --END-- [ RunTime:0.005169s ]
INFO: [ app_end ] --START--
INFO: Run Behavior\ShowPageTraceBehavior [ RunTime:0.005350s ]
INFO: [ app_end ] --END-- [ RunTime:0.005430s ]

[ 2015-06-10T20:57:30+08:00 ] 127.0.0.1 /thinkshop/index.php?m=Admin&c=Goods&a=delete&id=8
INFO: [ app_init ] --START--
INFO: Run Behavior\BuildLiteBehavior [ RunTime:0.000028s ]
INFO: [ app_init ] --END-- [ RunTime:0.001870s ]
INFO: [ app_begin ] --START--
INFO: Run Behavior\ReadHtmlCacheBehavior [ RunTime:0.005343s ]
INFO: [ app_begin ] --END-- [ RunTime:0.005445s ]
SQL: SHOW COLUMNS FROM `ts_goods` [ RunTime:0.0161s ]
SQL: SELECT * FROM `ts_goods` WHERE `id` = 8 LIMIT 1   [ RunTime:0.0012s ]
NOTIC: [2] unlink(G:/php/htdocs/thinkshop/Uploads/2015-06-06/557263b413964.png.mini.jpg) [<a href='function.unlink'>function.unlink</a>]: No such file or directory G:\php\htdocs\thinkshop\Application\Admin\Controller\GoodsController.class.php 第 106 行.
SQL: DELETE FROM `ts_goods` WHERE `id` = 8 [ RunTime:0.0423s ]
SQL: SHOW COLUMNS FROM `ts_goods_attr` [ RunTime:0.1948s ]
SQL: DELETE FROM `ts_goods_attr` WHERE `goods_id` = 8 [ RunTime:0.0014s ]
INFO: [ view_parse ] --START--
INFO: [ template_filter ] --START--
INFO: Run Behavior\ContentReplaceBehavior [ RunTime:0.000068s ]
INFO: [ template_filter ] --END-- [ RunTime:0.000158s ]
INFO: Run Behavior\ParseTemplateBehavior [ RunTime:0.034659s ]
INFO: [ view_parse ] --END-- [ RunTime:0.034793s ]
INFO: [ view_filter ] --START--
INFO: Run Behavior\WriteHtmlCacheBehavior [ RunTime:0.004920s ]
INFO: [ view_filter ] --END-- [ RunTime:0.005002s ]
INFO: [ app_end ] --START--
INFO: Run Behavior\ShowPageTraceBehavior [ RunTime:0.005311s ]
INFO: [ app_end ] --END-- [ RunTime:0.005399s ]

[ 2015-06-10T20:57:32+08:00 ] 127.0.0.1 /thinkshop/index.php?m=Admin&c=Goods&a=index
INFO: [ app_init ] --START--
INFO: Run Behavior\BuildLiteBehavior [ RunTime:0.000025s ]
INFO: [ app_init ] --END-- [ RunTime:0.002149s ]
INFO: [ app_begin ] --START--
INFO: Run Behavior\ReadHtmlCacheBehavior [ RunTime:0.005700s ]
INFO: [ app_begin ] --END-- [ RunTime:0.005851s ]
SQL: SHOW COLUMNS FROM `ts_goods` [ RunTime:0.0228s ]
SQL: SELECT COUNT(*) AS tp_count FROM `ts_goods` LIMIT 1   [ RunTime:0.0008s ]
SQL: SHOW COLUMNS FROM `ts_goods` [ RunTime:0.0149s ]
SQL: SELECT a.*,b.name cate_name FROM ts_goods a INNER JOIN ts_category b on a.category_id=b.id  ORDER BY a.id desc LIMIT 0,10   [ RunTime:0.0014s ]
SQL: SHOW COLUMNS FROM `ts_category` [ RunTime:0.0097s ]
SQL: SELECT * FROM `ts_category`  [ RunTime:0.0005s ]
INFO: [ view_parse ] --START--
INFO: [ template_filter ] --START--
INFO: Run Behavior\ContentReplaceBehavior [ RunTime:0.000091s ]
INFO: [ template_filter ] --END-- [ RunTime:0.000194s ]
NOTIC: [8] Undefined index: category_id G:\php\htdocs\thinkshop\Application\Runtime\Cache\Admin\fdec28ecca84773739c73c9905879c57.php 第 29 行.
NOTIC: [8] Undefined index: category_id G:\php\htdocs\thinkshop\Application\Runtime\Cache\Admin\fdec28ecca84773739c73c9905879c57.php 第 29 行.
NOTIC: [8] Undefined index: category_id G:\php\htdocs\thinkshop\Application\Runtime\Cache\Admin\fdec28ecca84773739c73c9905879c57.php 第 29 行.
NOTIC: [8] Undefined index: category_id G:\php\htdocs\thinkshop\Application\Runtime\Cache\Admin\fdec28ecca84773739c73c9905879c57.php 第 29 行.
NOTIC: [8] Undefined index: category_id G:\php\htdocs\thinkshop\Application\Runtime\Cache\Admin\fdec28ecca84773739c73c9905879c57.php 第 29 行.
NOTIC: [8] Undefined index: category_id G:\php\htdocs\thinkshop\Application\Runtime\Cache\Admin\fdec28ecca84773739c73c9905879c57.php 第 29 行.
NOTIC: [8] Undefined index: category_id G:\php\htdocs\thinkshop\Application\Runtime\Cache\Admin\fdec28ecca84773739c73c9905879c57.php 第 29 行.
NOTIC: [8] Undefined index: category_id G:\php\htdocs\thinkshop\Application\Runtime\Cache\Admin\fdec28ecca84773739c73c9905879c57.php 第 29 行.
NOTIC: [8] Undefined index: category_id G:\php\htdocs\thinkshop\Application\Runtime\Cache\Admin\fdec28ecca84773739c73c9905879c57.php 第 29 行.
NOTIC: [8] Undefined index: category_id G:\php\htdocs\thinkshop\Application\Runtime\Cache\Admin\fdec28ecca84773739c73c9905879c57.php 第 29 行.
NOTIC: [8] Undefined index: category_id G:\php\htdocs\thinkshop\Application\Runtime\Cache\Admin\fdec28ecca84773739c73c9905879c57.php 第 29 行.
NOTIC: [8] Undefined index: category_id G:\php\htdocs\thinkshop\Application\Runtime\Cache\Admin\fdec28ecca84773739c73c9905879c57.php 第 29 行.
NOTIC: [8] Undefined index: category_id G:\php\htdocs\thinkshop\Application\Runtime\Cache\Admin\fdec28ecca84773739c73c9905879c57.php 第 29 行.
NOTIC: [8] Undefined index: category_id G:\php\htdocs\thinkshop\Application\Runtime\Cache\Admin\fdec28ecca84773739c73c9905879c57.php 第 29 行.
NOTIC: [8] Undefined index: category_id G:\php\htdocs\thinkshop\Application\Runtime\Cache\Admin\fdec28ecca84773739c73c9905879c57.php 第 29 行.
NOTIC: [8] Undefined index: category_id G:\php\htdocs\thinkshop\Application\Runtime\Cache\Admin\fdec28ecca84773739c73c9905879c57.php 第 29 行.
NOTIC: [8] Undefined index: category_id G:\php\htdocs\thinkshop\Application\Runtime\Cache\Admin\fdec28ecca84773739c73c9905879c57.php 第 29 行.
NOTIC: [8] Undefined index: category_id G:\php\htdocs\thinkshop\Application\Runtime\Cache\Admin\fdec28ecca84773739c73c9905879c57.php 第 29 行.
NOTIC: [8] Undefined index: category_id G:\php\htdocs\thinkshop\Application\Runtime\Cache\Admin\fdec28ecca84773739c73c9905879c57.php 第 29 行.
NOTIC: [8] Undefined index: category_id G:\php\htdocs\thinkshop\Application\Runtime\Cache\Admin\fdec28ecca84773739c73c9905879c57.php 第 29 行.
NOTIC: [8] Undefined index: category_id G:\php\htdocs\thinkshop\Application\Runtime\Cache\Admin\fdec28ecca84773739c73c9905879c57.php 第 29 行.
NOTIC: [8] Undefined index: category_id G:\php\htdocs\thinkshop\Application\Runtime\Cache\Admin\fdec28ecca84773739c73c9905879c57.php 第 29 行.
NOTIC: [8] Undefined index: category_id G:\php\htdocs\thinkshop\Application\Runtime\Cache\Admin\fdec28ecca84773739c73c9905879c57.php 第 29 行.
NOTIC: [8] Undefined index: category_id G:\php\htdocs\thinkshop\Application\Runtime\Cache\Admin\fdec28ecca84773739c73c9905879c57.php 第 29 行.
NOTIC: [8] Undefined index: category_id G:\php\htdocs\thinkshop\Application\Runtime\Cache\Admin\fdec28ecca84773739c73c9905879c57.php 第 29 行.
NOTIC: [8] Undefined index: category_id G:\php\htdocs\thinkshop\Application\Runtime\Cache\Admin\fdec28ecca84773739c73c9905879c57.php 第 29 行.
NOTIC: [8] Undefined index: category_id G:\php\htdocs\thinkshop\Application\Runtime\Cache\Admin\fdec28ecca84773739c73c9905879c57.php 第 29 行.
NOTIC: [8] Undefined index: category_id G:\php\htdocs\thinkshop\Application\Runtime\Cache\Admin\fdec28ecca84773739c73c9905879c57.php 第 29 行.
NOTIC: [8] Undefined index: category_id G:\php\htdocs\thinkshop\Application\Runtime\Cache\Admin\fdec28ecca84773739c73c9905879c57.php 第 29 行.
NOTIC: [8] Undefined index: category_id G:\php\htdocs\thinkshop\Application\Runtime\Cache\Admin\fdec28ecca84773739c73c9905879c57.php 第 29 行.
INFO: Run Behavior\ParseTemplateBehavior [ RunTime:0.038106s ]
INFO: [ view_parse ] --END-- [ RunTime:0.038194s ]
INFO: [ view_filter ] --START--
INFO: Run Behavior\WriteHtmlCacheBehavior [ RunTime:0.005152s ]
INFO: [ view_filter ] --END-- [ RunTime:0.005229s ]
INFO: [ app_end ] --START--
INFO: Run Behavior\ShowPageTraceBehavior [ RunTime:0.005723s ]
INFO: [ app_end ] --END-- [ RunTime:0.005812s ]

[ 2015-06-10T20:57:35+08:00 ] 127.0.0.1 /thinkshop/index.php?m=Admin&c=Goods&a=add
INFO: [ app_init ] --START--
INFO: Run Behavior\BuildLiteBehavior [ RunTime:0.000021s ]
INFO: [ app_init ] --END-- [ RunTime:0.001709s ]
INFO: [ app_begin ] --START--
INFO: Run Behavior\ReadHtmlCacheBehavior [ RunTime:0.005523s ]
INFO: [ app_begin ] --END-- [ RunTime:0.005630s ]
SQL: SHOW COLUMNS FROM `ts_goods` [ RunTime:0.0275s ]
SQL: SHOW COLUMNS FROM `ts_category` [ RunTime:0.0153s ]
SQL: SELECT * FROM `ts_category`  [ RunTime:0.0009s ]
SQL: SHOW COLUMNS FROM `ts_brand` [ RunTime:0.0822s ]
NOTIC: [2] Missing argument 1 for Admin\Model\BrandModel::getAll(), called in G:\php\htdocs\thinkshop\Application\Admin\Controller\GoodsController.class.php on line 73 and defined G:\php\htdocs\thinkshop\Application\Admin\Model\BrandModel.class.php 第 26 行.
NOTIC: [8] Undefined variable: condition G:\php\htdocs\thinkshop\Application\Admin\Model\BrandModel.class.php 第 27 行.
SQL: SELECT * FROM `ts_brand`  [ RunTime:0.0016s ]
SQL: SHOW COLUMNS FROM `ts_type` [ RunTime:0.1455s ]
SQL: SELECT * FROM `ts_type`  [ RunTime:0.0017s ]
INFO: [ view_parse ] --START--
INFO: [ template_filter ] --START--
INFO: Run Behavior\ContentReplaceBehavior [ RunTime:0.000150s ]
INFO: [ template_filter ] --END-- [ RunTime:0.000242s ]
NOTIC: [8] Undefined variable: info G:\php\htdocs\thinkshop\Application\Runtime\Cache\Admin\5ae551f165bba58bf43ff0d4134fe10d.php 第 159 行.
NOTIC: [8] Undefined variable: info G:\php\htdocs\thinkshop\Application\Runtime\Cache\Admin\5ae551f165bba58bf43ff0d4134fe10d.php 第 160 行.
NOTIC: [8] Undefined variable: info G:\php\htdocs\thinkshop\Application\Runtime\Cache\Admin\5ae551f165bba58bf43ff0d4134fe10d.php 第 162 行.
INFO: Run Behavior\ParseTemplateBehavior [ RunTime:0.216599s ]
INFO: [ view_parse ] --END-- [ RunTime:0.216748s ]
INFO: [ view_filter ] --START--
INFO: Run Behavior\WriteHtmlCacheBehavior [ RunTime:0.005217s ]
INFO: [ view_filter ] --END-- [ RunTime:0.005306s ]
INFO: [ app_end ] --START--
INFO: Run Behavior\ShowPageTraceBehavior [ RunTime:0.006559s ]
INFO: [ app_end ] --END-- [ RunTime:0.006663s ]

[ 2015-06-10T20:59:46+08:00 ] 127.0.0.1 /thinkshop/index.php?m=Admin&c=Base&a=uploadify
INFO: [ app_init ] --START--
INFO: Run Behavior\BuildLiteBehavior [ RunTime:0.000022s ]
INFO: [ app_init ] --END-- [ RunTime:0.001723s ]
INFO: [ app_begin ] --START--
INFO: Run Behavior\ReadHtmlCacheBehavior [ RunTime:0.005577s ]
INFO: [ app_begin ] --END-- [ RunTime:0.005678s ]
NOTIC: [2] call_user_func() expects parameter 1 to be a valid callback, no array or string given G:\php\htdocs\thinkshop\ThinkPHP\Library\Think\Upload.class.php 第 170 行.

[ 2015-06-10T20:59:50+08:00 ] 127.0.0.1 /thinkshop/index.php?m=Admin&c=Goods&a=add
INFO: [ app_init ] --START--
INFO: Run Behavior\BuildLiteBehavior [ RunTime:0.000023s ]
INFO: [ app_init ] --END-- [ RunTime:0.001843s ]
INFO: [ app_begin ] --START--
INFO: Run Behavior\ReadHtmlCacheBehavior [ RunTime:0.005869s ]
INFO: [ app_begin ] --END-- [ RunTime:0.005972s ]
SQL: SHOW COLUMNS FROM `ts_goods` [ RunTime:0.0257s ]
SQL: INSERT INTO `ts_goods` (`name`,`goods_ad`,`goods_no`,`pro_no`,`type_id`,`content`,`img`,`imgs`,`sell_price`,`market_price`,`create_time`,`store_nums`,`seo_title`,`seo_keywords`,`seo_description`,`weight`,`brand_id`,`category_id`) VALUES ('小麦电视2 全系列','40/49/55英寸 现货购买','','','0','<h3 class=\"webfont\" style=\"font-family: FZLTXHK; font-weight: normal; -webkit-font-smoothing: antialiased; font-size: 40px; line-height: 1.25; color: rgb(51, 51, 51); white-space: normal;\">全球唯一10代线<br/>SDP X-Gen 超晶屏</h3><p style=\"margin-top: 0px; margin-bottom: 0px; padding-top: 10px; padding-bottom: 10px; -webkit-font-smoothing: antialiased; line-height: 1.625; color: rgb(51, 51, 51); font-family: arial, &#39;Microsoft Yahei&#39;, &#39;Hiragino Sans GB&#39;, sans-serif; font-size: 16px; white-space: normal;\">SDP X-Gen超晶屏具有5000:1的超高静态对比度和6毫秒<br/>的超快响应速度，搭配瑞仪光电的顶级背光模组，组成一个完美的<br/>屏幕模组，超凡画质由此开始。</p><p><a class=\"link\" href=\"http://www.mi.com/mitv40/pq/\" data-stat-id=\"47807442bc47e133\" style=\"color: rgb(18, 176, 235); font-size: 16px; display: inline-block; -webkit-font-smoothing: antialiased; padding-top: 20px; font-family: arial, &#39;Microsoft Yahei&#39;, &#39;Hiragino Sans GB&#39;, sans-serif; line-height: 24px; white-space: normal;\">了解顶级画质&gt;</a><span style=\"color: rgb(51, 51, 51); font-family: arial, &#39;Microsoft Yahei&#39;, &#39;Hiragino Sans GB&#39;, sans-serif; font-size: 16px; line-height: 24px; white-space: normal;\"></span></p><p><br/></p>','Uploads/2015-06-10/557834c26d494.jpg','|Uploads/2015-06-10/557834c26d494.jpg','1999','0','1433941190','1999','','','','0','9','38') [ RunTime:0.0013s ]
INFO: [ view_parse ] --START--
INFO: [ template_filter ] --START--
INFO: Run Behavior\ContentReplaceBehavior [ RunTime:0.000068s ]
INFO: [ template_filter ] --END-- [ RunTime:0.000161s ]
INFO: Run Behavior\ParseTemplateBehavior [ RunTime:0.030616s ]
INFO: [ view_parse ] --END-- [ RunTime:0.030750s ]
INFO: [ view_filter ] --START--
INFO: Run Behavior\WriteHtmlCacheBehavior [ RunTime:0.005450s ]
INFO: [ view_filter ] --END-- [ RunTime:0.005534s ]
INFO: [ app_end ] --START--
INFO: Run Behavior\ShowPageTraceBehavior [ RunTime:0.005324s ]
INFO: [ app_end ] --END-- [ RunTime:0.005399s ]

[ 2015-06-10T20:59:53+08:00 ] 127.0.0.1 /thinkshop/index.php?m=Admin&c=Goods&a=index
INFO: [ app_init ] --START--
INFO: Run Behavior\BuildLiteBehavior [ RunTime:0.000022s ]
INFO: [ app_init ] --END-- [ RunTime:0.001733s ]
INFO: [ app_begin ] --START--
INFO: Run Behavior\ReadHtmlCacheBehavior [ RunTime:0.005287s ]
INFO: [ app_begin ] --END-- [ RunTime:0.005384s ]
SQL: SHOW COLUMNS FROM `ts_goods` [ RunTime:0.0129s ]
SQL: SELECT COUNT(*) AS tp_count FROM `ts_goods` LIMIT 1   [ RunTime:0.0005s ]
SQL: SHOW COLUMNS FROM `ts_goods` [ RunTime:0.0128s ]
SQL: SELECT a.*,b.name cate_name FROM ts_goods a INNER JOIN ts_category b on a.category_id=b.id  ORDER BY a.id desc LIMIT 0,10   [ RunTime:0.0015s ]
SQL: SHOW COLUMNS FROM `ts_category` [ RunTime:0.0115s ]
SQL: SELECT * FROM `ts_category`  [ RunTime:0.0005s ]
INFO: [ view_parse ] --START--
INFO: [ template_filter ] --START--
INFO: Run Behavior\ContentReplaceBehavior [ RunTime:0.000084s ]
INFO: [ template_filter ] --END-- [ RunTime:0.000177s ]
NOTIC: [8] Undefined index: category_id G:\php\htdocs\thinkshop\Application\Runtime\Cache\Admin\fdec28ecca84773739c73c9905879c57.php 第 29 行.
NOTIC: [8] Undefined index: category_id G:\php\htdocs\thinkshop\Application\Runtime\Cache\Admin\fdec28ecca84773739c73c9905879c57.php 第 29 行.
NOTIC: [8] Undefined index: category_id G:\php\htdocs\thinkshop\Application\Runtime\Cache\Admin\fdec28ecca84773739c73c9905879c57.php 第 29 行.
NOTIC: [8] Undefined index: category_id G:\php\htdocs\thinkshop\Application\Runtime\Cache\Admin\fdec28ecca84773739c73c9905879c57.php 第 29 行.
NOTIC: [8] Undefined index: category_id G:\php\htdocs\thinkshop\Application\Runtime\Cache\Admin\fdec28ecca84773739c73c9905879c57.php 第 29 行.
NOTIC: [8] Undefined index: category_id G:\php\htdocs\thinkshop\Application\Runtime\Cache\Admin\fdec28ecca84773739c73c9905879c57.php 第 29 行.
NOTIC: [8] Undefined index: category_id G:\php\htdocs\thinkshop\Application\Runtime\Cache\Admin\fdec28ecca84773739c73c9905879c57.php 第 29 行.
NOTIC: [8] Undefined index: category_id G:\php\htdocs\thinkshop\Application\Runtime\Cache\Admin\fdec28ecca84773739c73c9905879c57.php 第 29 行.
NOTIC: [8] Undefined index: category_id G:\php\htdocs\thinkshop\Application\Runtime\Cache\Admin\fdec28ecca84773739c73c9905879c57.php 第 29 行.
NOTIC: [8] Undefined index: category_id G:\php\htdocs\thinkshop\Application\Runtime\Cache\Admin\fdec28ecca84773739c73c9905879c57.php 第 29 行.
NOTIC: [8] Undefined index: category_id G:\php\htdocs\thinkshop\Application\Runtime\Cache\Admin\fdec28ecca84773739c73c9905879c57.php 第 29 行.
NOTIC: [8] Undefined index: category_id G:\php\htdocs\thinkshop\Application\Runtime\Cache\Admin\fdec28ecca84773739c73c9905879c57.php 第 29 行.
NOTIC: [8] Undefined index: category_id G:\php\htdocs\thinkshop\Application\Runtime\Cache\Admin\fdec28ecca84773739c73c9905879c57.php 第 29 行.
NOTIC: [8] Undefined index: category_id G:\php\htdocs\thinkshop\Application\Runtime\Cache\Admin\fdec28ecca84773739c73c9905879c57.php 第 29 行.
NOTIC: [8] Undefined index: category_id G:\php\htdocs\thinkshop\Application\Runtime\Cache\Admin\fdec28ecca84773739c73c9905879c57.php 第 29 行.
NOTIC: [8] Undefined index: category_id G:\php\htdocs\thinkshop\Application\Runtime\Cache\Admin\fdec28ecca84773739c73c9905879c57.php 第 29 行.
NOTIC: [8] Undefined index: category_id G:\php\htdocs\thinkshop\Application\Runtime\Cache\Admin\fdec28ecca84773739c73c9905879c57.php 第 29 行.
NOTIC: [8] Undefined index: category_id G:\php\htdocs\thinkshop\Application\Runtime\Cache\Admin\fdec28ecca84773739c73c9905879c57.php 第 29 行.
NOTIC: [8] Undefined index: category_id G:\php\htdocs\thinkshop\Application\Runtime\Cache\Admin\fdec28ecca84773739c73c9905879c57.php 第 29 行.
NOTIC: [8] Undefined index: category_id G:\php\htdocs\thinkshop\Application\Runtime\Cache\Admin\fdec28ecca84773739c73c9905879c57.php 第 29 行.
NOTIC: [8] Undefined index: category_id G:\php\htdocs\thinkshop\Application\Runtime\Cache\Admin\fdec28ecca84773739c73c9905879c57.php 第 29 行.
NOTIC: [8] Undefined index: category_id G:\php\htdocs\thinkshop\Application\Runtime\Cache\Admin\fdec28ecca84773739c73c9905879c57.php 第 29 行.
NOTIC: [8] Undefined index: category_id G:\php\htdocs\thinkshop\Application\Runtime\Cache\Admin\fdec28ecca84773739c73c9905879c57.php 第 29 行.
NOTIC: [8] Undefined index: category_id G:\php\htdocs\thinkshop\Application\Runtime\Cache\Admin\fdec28ecca84773739c73c9905879c57.php 第 29 行.
NOTIC: [8] Undefined index: category_id G:\php\htdocs\thinkshop\Application\Runtime\Cache\Admin\fdec28ecca84773739c73c9905879c57.php 第 29 行.
NOTIC: [8] Undefined index: category_id G:\php\htdocs\thinkshop\Application\Runtime\Cache\Admin\fdec28ecca84773739c73c9905879c57.php 第 29 行.
NOTIC: [8] Undefined index: category_id G:\php\htdocs\thinkshop\Application\Runtime\Cache\Admin\fdec28ecca84773739c73c9905879c57.php 第 29 行.
NOTIC: [8] Undefined index: category_id G:\php\htdocs\thinkshop\Application\Runtime\Cache\Admin\fdec28ecca84773739c73c9905879c57.php 第 29 行.
NOTIC: [8] Undefined index: category_id G:\php\htdocs\thinkshop\Application\Runtime\Cache\Admin\fdec28ecca84773739c73c9905879c57.php 第 29 行.
NOTIC: [8] Undefined index: category_id G:\php\htdocs\thinkshop\Application\Runtime\Cache\Admin\fdec28ecca84773739c73c9905879c57.php 第 29 行.
INFO: Run Behavior\ParseTemplateBehavior [ RunTime:0.037421s ]
INFO: [ view_parse ] --END-- [ RunTime:0.037516s ]
INFO: [ view_filter ] --START--
INFO: Run Behavior\WriteHtmlCacheBehavior [ RunTime:0.004975s ]
INFO: [ view_filter ] --END-- [ RunTime:0.005048s ]
INFO: [ app_end ] --START--
INFO: Run Behavior\ShowPageTraceBehavior [ RunTime:0.005953s ]
INFO: [ app_end ] --END-- [ RunTime:0.006037s ]

[ 2015-06-10T20:59:57+08:00 ] 127.0.0.1 /thinkshop/index.php?m=Admin&c=Goods&a=update&id=11
INFO: [ app_init ] --START--
INFO: Run Behavior\BuildLiteBehavior [ RunTime:0.000022s ]
INFO: [ app_init ] --END-- [ RunTime:0.001718s ]
INFO: [ app_begin ] --START--
INFO: Run Behavior\ReadHtmlCacheBehavior [ RunTime:0.005300s ]
INFO: [ app_begin ] --END-- [ RunTime:0.005410s ]
SQL: SHOW COLUMNS FROM `ts_goods` [ RunTime:0.0260s ]
SQL: SELECT * FROM `ts_goods` WHERE `id` = 11 LIMIT 1   [ RunTime:0.0013s ]
SQL: SHOW COLUMNS FROM `ts_category` [ RunTime:0.0141s ]
SQL: SELECT * FROM `ts_category`  [ RunTime:0.0007s ]
SQL: SHOW COLUMNS FROM `ts_brand` [ RunTime:0.0114s ]
NOTIC: [2] Missing argument 1 for Admin\Model\BrandModel::getAll(), called in G:\php\htdocs\thinkshop\Application\Admin\Controller\GoodsController.class.php on line 166 and defined G:\php\htdocs\thinkshop\Application\Admin\Model\BrandModel.class.php 第 26 行.
NOTIC: [8] Undefined variable: condition G:\php\htdocs\thinkshop\Application\Admin\Model\BrandModel.class.php 第 27 行.
SQL: SELECT * FROM `ts_brand`  [ RunTime:0.0006s ]
SQL: SHOW COLUMNS FROM `ts_type` [ RunTime:0.0114s ]
SQL: SELECT * FROM `ts_type`  [ RunTime:0.0005s ]
INFO: [ view_parse ] --START--
INFO: [ template_filter ] --START--
INFO: Run Behavior\ContentReplaceBehavior [ RunTime:0.000189s ]
INFO: [ template_filter ] --END-- [ RunTime:0.000288s ]
INFO: Run Behavior\ParseTemplateBehavior [ RunTime:0.084750s ]
INFO: [ view_parse ] --END-- [ RunTime:0.084930s ]
INFO: [ view_filter ] --START--
INFO: Run Behavior\WriteHtmlCacheBehavior [ RunTime:0.005385s ]
INFO: [ view_filter ] --END-- [ RunTime:0.005464s ]
INFO: [ app_end ] --START--
INFO: Run Behavior\ShowPageTraceBehavior [ RunTime:0.006304s ]
INFO: [ app_end ] --END-- [ RunTime:0.006551s ]

[ 2015-06-10T20:59:59+08:00 ] 127.0.0.1 /thinkshop/index.php?m=Admin&c=Attribute&a=ajaxType&type_id=0&goods_id=11
INFO: [ app_init ] --START--
INFO: Run Behavior\BuildLiteBehavior [ RunTime:0.000023s ]
INFO: [ app_init ] --END-- [ RunTime:0.001697s ]
INFO: [ app_begin ] --START--
INFO: Run Behavior\ReadHtmlCacheBehavior [ RunTime:0.005397s ]
INFO: [ app_begin ] --END-- [ RunTime:0.005500s ]
SQL: SHOW COLUMNS FROM `ts_attribute` [ RunTime:0.0883s ]
SQL: SELECT * FROM `ts_attribute` WHERE `type_id` = 0  [ RunTime:0.0026s ]

[ 2015-06-10T21:06:40+08:00 ] 127.0.0.1 /thinkshop/index.php?m=Admin&c=Goods&a=index
INFO: [ app_init ] --START--
INFO: Run Behavior\BuildLiteBehavior [ RunTime:0.000022s ]
INFO: [ app_init ] --END-- [ RunTime:0.001739s ]
INFO: [ app_begin ] --START--
INFO: Run Behavior\ReadHtmlCacheBehavior [ RunTime:0.005376s ]
INFO: [ app_begin ] --END-- [ RunTime:0.005498s ]
SQL: SHOW COLUMNS FROM `ts_goods` [ RunTime:0.0324s ]
SQL: SELECT COUNT(*) AS tp_count FROM `ts_goods` LIMIT 1   [ RunTime:0.0013s ]
SQL: SHOW COLUMNS FROM `ts_goods` [ RunTime:0.0172s ]
SQL: SELECT a.*,b.name cate_name FROM ts_goods a INNER JOIN ts_category b on a.category_id=b.id  ORDER BY a.id desc LIMIT 0,10   [ RunTime:0.0021s ]
SQL: SHOW COLUMNS FROM `ts_category` [ RunTime:0.0115s ]
SQL: SELECT * FROM `ts_category`  [ RunTime:0.0005s ]
INFO: [ view_parse ] --START--
INFO: [ template_filter ] --START--
INFO: Run Behavior\ContentReplaceBehavior [ RunTime:0.000085s ]
INFO: [ template_filter ] --END-- [ RunTime:0.000175s ]
NOTIC: [8] Undefined index: category_id G:\php\htdocs\thinkshop\Application\Runtime\Cache\Admin\fdec28ecca84773739c73c9905879c57.php 第 29 行.
NOTIC: [8] Undefined index: category_id G:\php\htdocs\thinkshop\Application\Runtime\Cache\Admin\fdec28ecca84773739c73c9905879c57.php 第 29 行.
NOTIC: [8] Undefined index: category_id G:\php\htdocs\thinkshop\Application\Runtime\Cache\Admin\fdec28ecca84773739c73c9905879c57.php 第 29 行.
NOTIC: [8] Undefined index: category_id G:\php\htdocs\thinkshop\Application\Runtime\Cache\Admin\fdec28ecca84773739c73c9905879c57.php 第 29 行.
NOTIC: [8] Undefined index: category_id G:\php\htdocs\thinkshop\Application\Runtime\Cache\Admin\fdec28ecca84773739c73c9905879c57.php 第 29 行.
NOTIC: [8] Undefined index: category_id G:\php\htdocs\thinkshop\Application\Runtime\Cache\Admin\fdec28ecca84773739c73c9905879c57.php 第 29 行.
NOTIC: [8] Undefined index: category_id G:\php\htdocs\thinkshop\Application\Runtime\Cache\Admin\fdec28ecca84773739c73c9905879c57.php 第 29 行.
NOTIC: [8] Undefined index: category_id G:\php\htdocs\thinkshop\Application\Runtime\Cache\Admin\fdec28ecca84773739c73c9905879c57.php 第 29 行.
NOTIC: [8] Undefined index: category_id G:\php\htdocs\thinkshop\Application\Runtime\Cache\Admin\fdec28ecca84773739c73c9905879c57.php 第 29 行.
NOTIC: [8] Undefined index: category_id G:\php\htdocs\thinkshop\Application\Runtime\Cache\Admin\fdec28ecca84773739c73c9905879c57.php 第 29 行.
NOTIC: [8] Undefined index: category_id G:\php\htdocs\thinkshop\Application\Runtime\Cache\Admin\fdec28ecca84773739c73c9905879c57.php 第 29 行.
NOTIC: [8] Undefined index: category_id G:\php\htdocs\thinkshop\Application\Runtime\Cache\Admin\fdec28ecca84773739c73c9905879c57.php 第 29 行.
NOTIC: [8] Undefined index: category_id G:\php\htdocs\thinkshop\Application\Runtime\Cache\Admin\fdec28ecca84773739c73c9905879c57.php 第 29 行.
NOTIC: [8] Undefined index: category_id G:\php\htdocs\thinkshop\Application\Runtime\Cache\Admin\fdec28ecca84773739c73c9905879c57.php 第 29 行.
NOTIC: [8] Undefined index: category_id G:\php\htdocs\thinkshop\Application\Runtime\Cache\Admin\fdec28ecca84773739c73c9905879c57.php 第 29 行.
NOTIC: [8] Undefined index: category_id G:\php\htdocs\thinkshop\Application\Runtime\Cache\Admin\fdec28ecca84773739c73c9905879c57.php 第 29 行.
NOTIC: [8] Undefined index: category_id G:\php\htdocs\thinkshop\Application\Runtime\Cache\Admin\fdec28ecca84773739c73c9905879c57.php 第 29 行.
NOTIC: [8] Undefined index: category_id G:\php\htdocs\thinkshop\Application\Runtime\Cache\Admin\fdec28ecca84773739c73c9905879c57.php 第 29 行.
NOTIC: [8] Undefined index: category_id G:\php\htdocs\thinkshop\Application\Runtime\Cache\Admin\fdec28ecca84773739c73c9905879c57.php 第 29 行.
NOTIC: [8] Undefined index: category_id G:\php\htdocs\thinkshop\Application\Runtime\Cache\Admin\fdec28ecca84773739c73c9905879c57.php 第 29 行.
NOTIC: [8] Undefined index: category_id G:\php\htdocs\thinkshop\Application\Runtime\Cache\Admin\fdec28ecca84773739c73c9905879c57.php 第 29 行.
NOTIC: [8] Undefined index: category_id G:\php\htdocs\thinkshop\Application\Runtime\Cache\Admin\fdec28ecca84773739c73c9905879c57.php 第 29 行.
NOTIC: [8] Undefined index: category_id G:\php\htdocs\thinkshop\Application\Runtime\Cache\Admin\fdec28ecca84773739c73c9905879c57.php 第 29 行.
NOTIC: [8] Undefined index: category_id G:\php\htdocs\thinkshop\Application\Runtime\Cache\Admin\fdec28ecca84773739c73c9905879c57.php 第 29 行.
NOTIC: [8] Undefined index: category_id G:\php\htdocs\thinkshop\Application\Runtime\Cache\Admin\fdec28ecca84773739c73c9905879c57.php 第 29 行.
NOTIC: [8] Undefined index: category_id G:\php\htdocs\thinkshop\Application\Runtime\Cache\Admin\fdec28ecca84773739c73c9905879c57.php 第 29 行.
NOTIC: [8] Undefined index: category_id G:\php\htdocs\thinkshop\Application\Runtime\Cache\Admin\fdec28ecca84773739c73c9905879c57.php 第 29 行.
NOTIC: [8] Undefined index: category_id G:\php\htdocs\thinkshop\Application\Runtime\Cache\Admin\fdec28ecca84773739c73c9905879c57.php 第 29 行.
NOTIC: [8] Undefined index: category_id G:\php\htdocs\thinkshop\Application\Runtime\Cache\Admin\fdec28ecca84773739c73c9905879c57.php 第 29 行.
NOTIC: [8] Undefined index: category_id G:\php\htdocs\thinkshop\Application\Runtime\Cache\Admin\fdec28ecca84773739c73c9905879c57.php 第 29 行.
INFO: Run Behavior\ParseTemplateBehavior [ RunTime:0.038268s ]
INFO: [ view_parse ] --END-- [ RunTime:0.038357s ]
INFO: [ view_filter ] --START--
INFO: Run Behavior\WriteHtmlCacheBehavior [ RunTime:0.004991s ]
INFO: [ view_filter ] --END-- [ RunTime:0.005066s ]
INFO: [ app_end ] --START--
INFO: Run Behavior\ShowPageTraceBehavior [ RunTime:0.005688s ]
INFO: [ app_end ] --END-- [ RunTime:0.005773s ]

