[ 2015-05-17T10:46:57+08:00 ] 127.0.0.1 /thinkshop/index.php/blog
INFO: [ app_init ] --START--
INFO: Run Behavior\BuildLiteBehavior [ RunTime:0.000036s ]
INFO: [ app_init ] --END-- [ RunTime:0.082739s ]
INFO: [ app_begin ] --START--
INFO: Run Behavior\ReadHtmlCacheBehavior [ RunTime:0.063219s ]
INFO: [ app_begin ] --END-- [ RunTime:0.063475s ]
INFO: [ view_parse ] --START--
INFO: [ template_filter ] --START--
INFO: Run Behavior\ContentReplaceBehavior [ RunTime:0.000537s ]
INFO: [ template_filter ] --END-- [ RunTime:0.000781s ]
INFO: Run Behavior\ParseTemplateBehavior [ RunTime:0.295868s ]
INFO: [ view_parse ] --END-- [ RunTime:0.296098s ]
INFO: [ view_filter ] --START--
INFO: Run Behavior\WriteHtmlCacheBehavior [ RunTime:0.039138s ]
INFO: [ view_filter ] --END-- [ RunTime:0.039283s ]
INFO: [ app_end ] --START--
INFO: Run Behavior\ShowPageTraceBehavior [ RunTime:0.007357s ]
INFO: [ app_end ] --END-- [ RunTime:0.007477s ]

[ 2015-05-17T10:47:53+08:00 ] 127.0.0.1 /thinkshop/index.php/blog
INFO: [ app_init ] --START--
INFO: Run Behavior\BuildLiteBehavior [ RunTime:0.000035s ]
INFO: [ app_init ] --END-- [ RunTime:0.002528s ]
INFO: [ app_begin ] --START--
INFO: Run Behavior\ReadHtmlCacheBehavior [ RunTime:0.007115s ]
INFO: [ app_begin ] --END-- [ RunTime:0.007265s ]
INFO: [ view_parse ] --START--
INFO: [ template_filter ] --START--
INFO: Run Behavior\ContentReplaceBehavior [ RunTime:0.000324s ]
INFO: [ template_filter ] --END-- [ RunTime:0.000468s ]
INFO: Run Behavior\ParseTemplateBehavior [ RunTime:0.071086s ]
INFO: [ view_parse ] --END-- [ RunTime:0.071252s ]
INFO: [ view_filter ] --START--
INFO: Run Behavior\WriteHtmlCacheBehavior [ RunTime:0.007011s ]
INFO: [ view_filter ] --END-- [ RunTime:0.007116s ]
INFO: [ app_end ] --START--
INFO: Run Behavior\ShowPageTraceBehavior [ RunTime:0.007201s ]
INFO: [ app_end ] --END-- [ RunTime:0.007333s ]

[ 2015-05-17T10:49:28+08:00 ] 127.0.0.1 /thinkshop/index.php/blog
INFO: [ app_init ] --START--
INFO: Run Behavior\BuildLiteBehavior [ RunTime:0.000022s ]
INFO: [ app_init ] --END-- [ RunTime:0.001715s ]
INFO: [ app_begin ] --START--
INFO: Run Behavior\ReadHtmlCacheBehavior [ RunTime:0.005398s ]
INFO: [ app_begin ] --END-- [ RunTime:0.005501s ]
INFO: [ view_parse ] --START--
INFO: [ template_filter ] --START--
INFO: Run Behavior\ContentReplaceBehavior [ RunTime:0.000275s ]
INFO: [ template_filter ] --END-- [ RunTime:0.000408s ]
INFO: Run Behavior\ParseTemplateBehavior [ RunTime:0.079842s ]
INFO: [ view_parse ] --END-- [ RunTime:0.079960s ]
INFO: [ view_filter ] --START--
INFO: Run Behavior\WriteHtmlCacheBehavior [ RunTime:0.006523s ]
INFO: [ view_filter ] --END-- [ RunTime:0.006619s ]
INFO: [ app_end ] --START--
INFO: Run Behavior\ShowPageTraceBehavior [ RunTime:0.006819s ]
INFO: [ app_end ] --END-- [ RunTime:0.006942s ]

